<?xml version="1.0" encoding="UTF-8" ?>
<testsuite errors="0" failures="0" hostname="cb-ThinkPad-X240" name="org.ccnx.ccn.impl.CCNNetworkTestRepo" skipped="0" tests="2" time="24.194" timestamp="2015-03-16T01:58:17">
  <properties>
[...]
</properties>
  <testcase classname="org.ccnx.ccn.impl.CCNNetworkTestRepo" name="testObjectIOLoop" time="9.579" />
  <testcase classname="org.ccnx.ccn.impl.CCNNetworkTestRepo" name="testBadCallback" time="14.025" />
  <system-out><![CDATA[Writing log records to /home/cb/work/ccnx-0.8.2/javasrc/testout/log/ccn_15-03-16-095816-5041.log
Trying for object 0
0
Trying for object 1
1
Trying for object 2
2
Trying for object 3
3
Trying for object 4
4
Trying for object 5
5
Trying for object 6
6
Trying for object 7
7
Trying for object 8
8
Trying for object 9
9
Trying for object 10
10
Trying for object 11
11
Trying for object 12
12
Trying for object 13
13
Trying for object 14
14
Trying for object 15
15
Trying for object 16
16
Trying for object 17
17
Trying for object 18
18
Trying for object 19
19
Trying for object 20
20
Trying for object 21
21
Trying for object 22
22
Trying for object 23
23
Trying for object 24
24
Trying for object 25
25
Trying for object 26
26
Trying for object 27
27
Trying for object 28
28
Trying for object 29
29
Trying for object 30
30
Trying for object 31
31
Trying for object 32
32
Trying for object 33
33
Trying for object 34
34
Trying for object 35
35
Trying for object 36
36
Trying for object 37
37
Trying for object 38
38
Trying for object 39
39
Trying for object 40
40
Trying for object 41
41
Trying for object 42
42
Trying for object 43
43
Trying for object 44
44
Trying for object 45
45
Trying for object 46
46
Trying for object 47
47
Trying for object 48
48
Trying for object 49
49
Trying for object 50
50
Trying for object 51
51
Trying for object 52
52
Trying for object 53
53
Trying for object 54
54
Trying for object 55
55
Trying for object 56
56
Trying for object 57
57
Trying for object 58
58
Trying for object 59
59
Trying for object 60
60
Trying for object 61
61
Trying for object 62
62
Trying for object 63
63
Trying for object 64
64
Trying for object 65
65
Trying for object 66
66
Trying for object 67
67
Trying for object 68
68
Trying for object 69
69
Trying for object 70
70
Trying for object 71
71
Trying for object 72
72
Trying for object 73
73
Trying for object 74
74
Trying for object 75
75
Trying for object 76
76
Trying for object 77
77
Trying for object 78
78
Trying for object 79
79
Trying for object 80
80
Trying for object 81
81
Trying for object 82
82
Trying for object 83
83
Trying for object 84
84
Trying for object 85
85
Trying for object 86
86
Trying for object 87
87
Trying for object 88
88
Trying for object 89
89
Trying for object 90
90
Trying for object 91
91
Trying for object 92
92
Trying for object 93
93
Trying for object 94
94
Trying for object 95
95
Trying for object 96
96
Trying for object 97
97
Trying for object 98
98
Trying for object 99
99
]]></system-out>
  <system-err><![CDATA[三月 16, 2015 9:58:16 上午 org.ccnx.ccn.CCNTestHelper <init>
信息: Initializing test org.ccnx.ccn.impl.CCNNetworkTestRepo, data can be found under /ccnx.org/test/CCNNetworkTestRepo-15-03-16-09.58.16.
三月 16, 2015 9:58:17 上午 org.ccnx.ccn.impl.security.keys.BasicKeyManager loadKeyStore
信息: Loading CCN key store from /home/cb/.ccnx/.ccnx_keystore...last modified 1426430257000(ms).
三月 16, 2015 9:58:17 上午 org.ccnx.ccn.impl.security.keys.BasicKeyManager readKeyStore
信息: Loading CCN key store...
三月 16, 2015 9:58:17 上午 org.ccnx.ccn.impl.security.keys.BasicKeyManager loadKeyStore
信息: Loaded CCN key store from /home/cb/.ccnx/.ccnx_keystore...version 2015-03-15 22:37:37.0 ms: 1426430257000
三月 16, 2015 9:58:17 上午 org.ccnx.ccn.impl.security.keys.BasicKeyManager loadValuesFromKeystore
信息: Loading key store file:/home/cb/.ccnx/.ccnx_keystore version 2015-03-15 22:37:37.0 version component =FD055059931000 millis 1426430257000
三月 16, 2015 9:58:17 上午 org.ccnx.ccn.impl.security.keys.BasicKeyManager loadValuesFromKeystore
信息: Default key ID for user cb: S7CCoW5TgvuqoJ++MD4k4ELjfojCkOBUKSUh3sojZSM=
三月 16, 2015 9:58:17 上午 org.ccnx.ccn.impl.security.keys.SecureKeyCache loadKeyStore
信息: KeyCache: loading signing key S7CCoW5TgvuqoJ++MD4k4ELjfojCkOBUKSUh3sojZSM=, remembering public key in public key cache.
三月 16, 2015 9:58:17 上午 org.ccnx.ccn.impl.security.keys.SecureKeyCache addMySigningKey
信息: SecureKeyCache: adding my private key 4bb082a16e5382fbaaa09fbe303e24e042e37e88c290e054292521deca236523
三月 16, 2015 9:58:17 上午 org.ccnx.ccn.impl.security.keys.BasicKeyManager loadValuesFromConfiguration
信息: Not loading key manager configuration data in response to user configuration variable.
三月 16, 2015 9:58:17 上午 org.ccnx.ccn.impl.CCNNetworkManager <init>
警告: NetworkManager 1: Non-standard CCN agent port 63000 per property ccn.agent.port
三月 16, 2015 9:58:17 上午 org.ccnx.ccn.impl.CCNNetworkManager <init>
信息: NetworkManager 1: Contacting CCN agent at localhost:63000
三月 16, 2015 9:58:17 上午 org.ccnx.ccn.impl.CCNNetworkChannel <init>
信息: NetworkChannel 1: Starting up CCNNetworkChannel using TCP.
三月 16, 2015 9:58:17 上午 org.ccnx.ccn.impl.CCNNetworkChannel open
信息: NetworkChannel 1: open()
三月 16, 2015 9:58:17 上午 org.ccnx.ccn.impl.CCNNetworkChannel open
信息: NetworkChannel 1: Contacting CCN agent at localhost:63000 on local port 49873
三月 16, 2015 9:58:17 上午 org.ccnx.ccn.CCNHandle <init>
信息: CCNHandle 1: Handle is now open
三月 16, 2015 9:58:17 上午 org.ccnx.ccn.impl.CCNNetworkManager run
信息: NetworkManager 1: CCNNetworkManager processing thread started for port: 63000
三月 16, 2015 9:58:17 上午 org.ccnx.ccn.impl.security.keys.PublicKeyCache getPublicKeyObject
信息: Retrieved key iJPI7Cmegb1Hcmae9Dh1J+cJOpYkf1b+DGlC3el8x9w= using locator NAME: /%C1.M.S.localhost/%C1.M.SRV/ccnd/KEY/%C1.M.K=008893C8EC299E81BD4772669EF4387527E7093A96247F56FE0C6942DDE97CC7DC/=FD055063717EB3.
三月 16, 2015 9:58:17 上午 org.ccnx.ccn.impl.security.keys.PublicKeyCache getPublicKeyObject
信息: Retrieved key iJPI7Cmegb1Hcmae9Dh1J+cJOpYkf1b+DGlC3el8x9w= using locator NAME: /%C1.M.S.localhost/%C1.M.SRV/ccnd/KEY/%C1.M.K=008893C8EC299E81BD4772669EF4387527E7093A96247F56FE0C6942DDE97CC7DC/=FD055063717EB3 - got /%C1.M.S.localhost/%C1.M.SRV/ccnd/KEY/%C1.M.K=008893C8EC299E81BD4772669EF4387527E7093A96247F56FE0C6942DDE97CC7DC/=FD055063717EB3/=00
三月 16, 2015 9:58:17 上午 org.ccnx.ccn.io.CCNAbstractInputStream <init>
信息: CCNAbstractInputStream: /%C1.M.S.localhost/%C1.M.SRV/ccnd/KEY/%C1.M.K=008893C8EC299E81BD4772669EF4387527E7093A96247F56FE0C6942DDE97CC7DC/=FD055063717EB3 segment 0
三月 16, 2015 9:58:17 上午 org.ccnx.ccn.impl.security.keys.PublicKeyCache getPublicKeyObject
信息: Retrieved public key using name: /%C1.M.S.localhost/%C1.M.SRV/ccnd/KEY/%C1.M.K=008893C8EC299E81BD4772669EF4387527E7093A96247F56FE0C6942DDE97CC7DC/=FD055063717EB3
三月 16, 2015 9:58:17 上午 org.ccnx.ccn.impl.security.keys.PublicKeyCache getPublicKey
信息: Retrieved key iJPI7Cmegb1Hcmae9Dh1J+cJOpYkf1b+DGlC3el8x9w= from network with locator NAME: /%C1.M.S.localhost/%C1.M.SRV/ccnd/KEY/%C1.M.K=008893C8EC299E81BD4772669EF4387527E7093A96247F56FE0C6942DDE97CC7DC/=FD055063717EB3!
三月 16, 2015 9:58:17 上午 org.ccnx.ccn.config.PlatformConfiguration <clinit>
信息: BC provider: BC
三月 16, 2015 9:58:17 上午 org.ccnx.ccn.config.PlatformConfiguration <clinit>
信息: Provider info: BouncyCastle Security Provider v1.43 version: 1.43
三月 16, 2015 9:58:17 上午 org.ccnx.ccn.config.PlatformConfiguration <clinit>
信息: java.vm.name = Java HotSpot(TM) 64-Bit Server VM
三月 16, 2015 9:58:17 上午 org.ccnx.ccn.impl.CCNFlowControl addNameSpace
信息: Flow controller addNameSpace: added namespace: /ccnx.org/Users/cb/Keys/%C1.M.K%00K=B082A16E5382FBAAA09FBE303E24E042E37E88C290E054292521DECA236523/=FD055059931000
三月 16, 2015 9:58:17 上午 org.ccnx.ccn.impl.security.keys.BasicKeyManager getKeyLocator
信息: getKeyLocator: returning locator KEY: S7CCoW5TgvuqoJ++MD4k4ELjfojCkOBUKSUh3sojZSM= for key S7CCoW5TgvuqoJ++MD4k4ELjfojCkOBUKSUh3sojZSM=
三月 16, 2015 9:58:17 上午 org.ccnx.ccn.KeyManager publishKey
信息: publishKey: key not previously published, making new key object /ccnx.org/Users/cb/Keys/%C1.M.K%00K=B082A16E5382FBAAA09FBE303E24E042E37E88C290E054292521DECA236523 with version 2015-03-15 22:37:37.0 displayed as =FD055059931000
三月 16, 2015 9:58:17 上午 org.ccnx.ccn.io.CCNAbstractOutputStream <init>
信息: CCNAbstractOutputStream: /ccnx.org/Users/cb/Keys/%C1.M.K%00K=B082A16E5382FBAAA09FBE303E24E042E37E88C290E054292521DECA236523/=FD055059931000 blocksize is 4096
三月 16, 2015 9:58:17 上午 org.ccnx.ccn.io.CCNAbstractOutputStream startWrite
信息: CCNAbstractOutputStream: startWrite -- searching for keys.
三月 16, 2015 9:58:17 上午 org.ccnx.ccn.profiles.security.access.AccessControlManager keysForOutput
信息: keysForOutput: found an acm: (null)
三月 16, 2015 9:58:17 上午 org.ccnx.ccn.io.CCNOutputStream flushToNetwork
信息: flush: outputting to the segmenter, baseName /ccnx.org/Users/cb/Keys/%C1.M.K%00K=B082A16E5382FBAAA09FBE303E24E042E37E88C290E054292521DECA236523/=FD055059931000 basenameindex =00; 162 bytes written, holding back 162 flushing final blocks? false.
三月 16, 2015 9:58:17 上午 org.ccnx.ccn.io.CCNOutputStream flushToNetwork
信息: HEADER: CCNOutputStream: flushToNetwork: new _baseNameIndex 0
三月 16, 2015 9:58:17 上午 org.ccnx.ccn.io.CCNOutputStream flushToNetwork
信息: flush: outputting to the segmenter, baseName /ccnx.org/Users/cb/Keys/%C1.M.K%00K=B082A16E5382FBAAA09FBE303E24E042E37E88C290E054292521DECA236523/=FD055059931000 basenameindex =00; 162 bytes written, holding back 0 flushing final blocks? true.
三月 16, 2015 9:58:17 上午 org.ccnx.ccn.io.CCNOutputStream flushToNetwork
信息: HEADER: CCNOutputStream: flushToNetwork: new _baseNameIndex 1
三月 16, 2015 9:58:17 上午 org.ccnx.ccn.io.CCNOutputStream close
信息: CCNOutputStream close: /ccnx.org/Users/cb/Keys/%C1.M.K%00K=B082A16E5382FBAAA09FBE303E24E042E37E88C290E054292521DECA236523/=FD055059931000
三月 16, 2015 9:58:17 上午 org.ccnx.ccn.KeyManager publishKey
信息: Published key Sun RSA public key, 1024 bits
  modulus: 117279129325874211277607356849787251715570373721560580642141461638097818254948829770352070726044644268881781743762722938404103804101201617552769856641473514762103364862280112139804873614111497411688991215437978547538300080789649372572822228902620566756781843183599945687014465640524444441393207286473746734631
  public exponent: 65537 to name /ccnx.org/Users/cb/Keys/%C1.M.K%00K=B082A16E5382FBAAA09FBE303E24E042E37E88C290E054292521DECA236523/=FD055059931000 with key locator NAME: /ccnx.org/Users/cb/Keys/%C1.M.K%00K=B082A16E5382FBAAA09FBE303E24E042E37E88C290E054292521DECA236523/=FD055059931000 KEY:itggagmsks2vela17tu60v29o22sdv8hgkgs1a2i991rr526p93; ephemeral digest =A61EAC159B2516F30719A7034D06A2AF52318B89E0CC2DD52F8EA26409D1517F.
三月 16, 2015 9:58:17 上午 org.ccnx.ccn.impl.security.keys.BasicKeyManager publishKey
信息: publishKey: published key S7CCoW5TgvuqoJ++MD4k4ELjfojCkOBUKSUh3sojZSM=
 under specified key name /ccnx.org/Users/cb/Keys/%C1.M.K%00K=B082A16E5382FBAAA09FBE303E24E042E37E88C290E054292521DECA236523/=FD055059931000
 key locator: NAME: /ccnx.org/Users/cb/Keys/%C1.M.K%00K=B082A16E5382FBAAA09FBE303E24E042E37E88C290E054292521DECA236523/=FD055059931000 KEY:itggagmsks2vela17tu60v29o22sdv8hgkgs1a2i991rr526p93
三月 16, 2015 9:58:17 上午 org.ccnx.ccn.impl.security.keys.BasicKeyManager publishKey
信息: publishKey: storing key locator S7CCoW5TgvuqoJ++MD4k4ELjfojCkOBUKSUh3sojZSM= for key NAME: /ccnx.org/Users/cb/Keys/%C1.M.K%00K=B082A16E5382FBAAA09FBE303E24E042E37E88C290E054292521DECA236523/=FD055059931000 KEY:itggagmsks2vela17tu60v29o22sdv8hgkgs1a2i991rr526p93
三月 16, 2015 9:58:17 上午 org.ccnx.ccn.impl.CCNNetworkManager <init>
警告: NetworkManager 2: Non-standard CCN agent port 63000 per property ccn.agent.port
三月 16, 2015 9:58:17 上午 org.ccnx.ccn.impl.CCNNetworkManager <init>
信息: NetworkManager 2: Contacting CCN agent at localhost:63000
三月 16, 2015 9:58:17 上午 org.ccnx.ccn.impl.CCNNetworkChannel <init>
信息: NetworkChannel 2: Starting up CCNNetworkChannel using TCP.
三月 16, 2015 9:58:17 上午 org.ccnx.ccn.impl.CCNNetworkChannel open
信息: NetworkChannel 2: open()
三月 16, 2015 9:58:17 上午 org.ccnx.ccn.impl.CCNNetworkChannel open
信息: NetworkChannel 2: Contacting CCN agent at localhost:63000 on local port 49874
三月 16, 2015 9:58:17 上午 org.ccnx.ccn.CCNHandle <init>
信息: CCNHandle 2: Handle is now open
三月 16, 2015 9:58:17 上午 org.ccnx.ccn.impl.CCNNetworkManager <init>
警告: NetworkManager 3: Non-standard CCN agent port 63000 per property ccn.agent.port
三月 16, 2015 9:58:17 上午 org.ccnx.ccn.impl.CCNNetworkManager <init>
信息: NetworkManager 3: Contacting CCN agent at localhost:63000
三月 16, 2015 9:58:17 上午 org.ccnx.ccn.impl.CCNNetworkChannel <init>
信息: NetworkChannel 3: Starting up CCNNetworkChannel using TCP.
三月 16, 2015 9:58:17 上午 org.ccnx.ccn.impl.CCNNetworkChannel open
信息: NetworkChannel 3: open()
三月 16, 2015 9:58:17 上午 org.ccnx.ccn.impl.CCNNetworkChannel open
信息: NetworkChannel 3: Contacting CCN agent at localhost:63000 on local port 49875
三月 16, 2015 9:58:17 上午 org.ccnx.ccn.CCNHandle <init>
信息: CCNHandle 3: Handle is now open
三月 16, 2015 9:58:17 上午 org.ccnx.ccn.impl.CCNNetworkTestRepo testObjectIOLoop
信息: Starting testObjectIOLoop
三月 16, 2015 9:58:17 上午 org.ccnx.ccn.io.content.CCNNetworkObject createFlowController
信息: Created LOCALREPOSITORY flow controller, for prefix /ccnx.org/test/CCNNetworkTestRepo-15-03-16-09.58.16/content_3948460777857713998, save type LOCALREPOSITORY
三月 16, 2015 9:58:17 上午 org.ccnx.ccn.impl.CCNFlowControl addNameSpace
信息: Flow controller addNameSpace: added namespace: /ccnx.org/test/CCNNetworkTestRepo-15-03-16-09.58.16/content_3948460777857713998
三月 16, 2015 9:58:17 上午 org.ccnx.ccn.impl.security.keys.BasicKeyManager getKeyLocator
信息: getKeyLocator: returning locator NAME: /ccnx.org/Users/cb/Keys/%C1.M.K%00K=B082A16E5382FBAAA09FBE303E24E042E37E88C290E054292521DECA236523/=FD055059931000 KEY:itggagmsks2vela17tu60v29o22sdv8hgkgs1a2i991rr526p93 for key S7CCoW5TgvuqoJ++MD4k4ELjfojCkOBUKSUh3sojZSM=
三月 16, 2015 9:58:17 上午 org.ccnx.ccn.io.CCNAbstractOutputStream <init>
信息: CCNAbstractOutputStream: /ccnx.org/test/CCNNetworkTestRepo-15-03-16-09.58.16/content_3948460777857713998/=FD0550638B991B blocksize is 4096
三月 16, 2015 9:58:17 上午 org.ccnx.ccn.io.CCNAbstractOutputStream startWrite
信息: CCNAbstractOutputStream: startWrite -- searching for keys.
三月 16, 2015 9:58:17 上午 org.ccnx.ccn.profiles.security.access.AccessControlManager keysForOutput
信息: keysForOutput: found an acm: (null)
三月 16, 2015 9:58:17 上午 org.ccnx.ccn.impl.repo.RepositoryFlowControl startWrite
信息: RepositoryFlowControl.startWrite called for name /ccnx.org/test/CCNNetworkTestRepo-15-03-16-09.58.16/content_3948460777857713998/=FD0550638B991B, shape STREAM
三月 16, 2015 9:58:17 上午 org.ccnx.ccn.impl.repo.RepositoryFlowControl handleContent
信息: handleContent: got potential repo message: /ccnx.org/test/CCNNetworkTestRepo-15-03-16-09.58.16/content_3948460777857713998/=FD0550638B991B/%C1.R.sw/%C1.N=00ECEC3BC98CFD35D4
三月 16, 2015 9:58:17 上午 org.ccnx.ccn.io.CCNOutputStream flushToNetwork
信息: flush: outputting to the segmenter, baseName /ccnx.org/test/CCNNetworkTestRepo-15-03-16-09.58.16/content_3948460777857713998/=FD0550638B991B basenameindex =00; 15 bytes written, holding back 15 flushing final blocks? false.
三月 16, 2015 9:58:17 上午 org.ccnx.ccn.io.CCNOutputStream flushToNetwork
信息: HEADER: CCNOutputStream: flushToNetwork: new _baseNameIndex 0
三月 16, 2015 9:58:17 上午 org.ccnx.ccn.io.CCNOutputStream flushToNetwork
信息: flush: outputting to the segmenter, baseName /ccnx.org/test/CCNNetworkTestRepo-15-03-16-09.58.16/content_3948460777857713998/=FD0550638B991B basenameindex =00; 15 bytes written, holding back 0 flushing final blocks? true.
三月 16, 2015 9:58:17 上午 org.ccnx.ccn.io.CCNOutputStream flushToNetwork
信息: HEADER: CCNOutputStream: flushToNetwork: new _baseNameIndex 1
三月 16, 2015 9:58:17 上午 org.ccnx.ccn.io.CCNOutputStream close
信息: CCNOutputStream close: /ccnx.org/test/CCNNetworkTestRepo-15-03-16-09.58.16/content_3948460777857713998/=FD0550638B991B
三月 16, 2015 9:58:17 上午 org.ccnx.ccn.io.content.CCNNetworkObject createFlowController
信息: Created LOCALREPOSITORY flow controller, for prefix /ccnx.org/test/CCNNetworkTestRepo-15-03-16-09.58.16/content_3948460777857713998, save type LOCALREPOSITORY
三月 16, 2015 9:58:17 上午 org.ccnx.ccn.impl.CCNFlowControl addNameSpace
信息: Flow controller addNameSpace: added namespace: /ccnx.org/test/CCNNetworkTestRepo-15-03-16-09.58.16/content_3948460777857713998
三月 16, 2015 9:58:17 上午 org.ccnx.ccn.impl.security.keys.BasicKeyManager getKeyLocator
信息: getKeyLocator: returning locator NAME: /ccnx.org/Users/cb/Keys/%C1.M.K%00K=B082A16E5382FBAAA09FBE303E24E042E37E88C290E054292521DECA236523/=FD055059931000 KEY:itggagmsks2vela17tu60v29o22sdv8hgkgs1a2i991rr526p93 for key S7CCoW5TgvuqoJ++MD4k4ELjfojCkOBUKSUh3sojZSM=
三月 16, 2015 9:58:17 上午 org.ccnx.ccn.io.CCNAbstractOutputStream <init>
信息: CCNAbstractOutputStream: /ccnx.org/test/CCNNetworkTestRepo-15-03-16-09.58.16/content_3948460777857713998/=FD0550638B9A1D blocksize is 4096
三月 16, 2015 9:58:17 上午 org.ccnx.ccn.io.CCNAbstractOutputStream startWrite
信息: CCNAbstractOutputStream: startWrite -- searching for keys.
三月 16, 2015 9:58:17 上午 org.ccnx.ccn.profiles.security.access.AccessControlManager keysForOutput
信息: keysForOutput: found an acm: (null)
三月 16, 2015 9:58:17 上午 org.ccnx.ccn.impl.repo.RepositoryFlowControl startWrite
信息: RepositoryFlowControl.startWrite called for name /ccnx.org/test/CCNNetworkTestRepo-15-03-16-09.58.16/content_3948460777857713998/=FD0550638B9A1D, shape STREAM
三月 16, 2015 9:58:17 上午 org.ccnx.ccn.impl.repo.RepositoryFlowControl handleContent
信息: handleContent: got potential repo message: /ccnx.org/test/CCNNetworkTestRepo-15-03-16-09.58.16/content_3948460777857713998/=FD0550638B9A1D/%C1.R.sw/%C1.N=0018AB3C303D758ACB
三月 16, 2015 9:58:17 上午 org.ccnx.ccn.io.CCNOutputStream flushToNetwork
信息: flush: outputting to the segmenter, baseName /ccnx.org/test/CCNNetworkTestRepo-15-03-16-09.58.16/content_3948460777857713998/=FD0550638B9A1D basenameindex =00; 15 bytes written, holding back 15 flushing final blocks? false.
三月 16, 2015 9:58:17 上午 org.ccnx.ccn.io.CCNOutputStream flushToNetwork
信息: HEADER: CCNOutputStream: flushToNetwork: new _baseNameIndex 0
三月 16, 2015 9:58:17 上午 org.ccnx.ccn.io.CCNOutputStream flushToNetwork
信息: flush: outputting to the segmenter, baseName /ccnx.org/test/CCNNetworkTestRepo-15-03-16-09.58.16/content_3948460777857713998/=FD0550638B9A1D basenameindex =00; 15 bytes written, holding back 0 flushing final blocks? true.
三月 16, 2015 9:58:17 上午 org.ccnx.ccn.io.CCNOutputStream flushToNetwork
信息: HEADER: CCNOutputStream: flushToNetwork: new _baseNameIndex 1
三月 16, 2015 9:58:17 上午 org.ccnx.ccn.io.CCNOutputStream close
信息: CCNOutputStream close: /ccnx.org/test/CCNNetworkTestRepo-15-03-16-09.58.16/content_3948460777857713998/=FD0550638B9A1D
三月 16, 2015 9:58:17 上午 org.ccnx.ccn.io.content.CCNNetworkObject createFlowController
信息: Created LOCALREPOSITORY flow controller, for prefix /ccnx.org/test/CCNNetworkTestRepo-15-03-16-09.58.16/content_3948460777857713998, save type LOCALREPOSITORY
三月 16, 2015 9:58:17 上午 org.ccnx.ccn.impl.CCNFlowControl addNameSpace
信息: Flow controller addNameSpace: added namespace: /ccnx.org/test/CCNNetworkTestRepo-15-03-16-09.58.16/content_3948460777857713998
三月 16, 2015 9:58:17 上午 org.ccnx.ccn.impl.security.keys.BasicKeyManager getKeyLocator
信息: getKeyLocator: returning locator NAME: /ccnx.org/Users/cb/Keys/%C1.M.K%00K=B082A16E5382FBAAA09FBE303E24E042E37E88C290E054292521DECA236523/=FD055059931000 KEY:itggagmsks2vela17tu60v29o22sdv8hgkgs1a2i991rr526p93 for key S7CCoW5TgvuqoJ++MD4k4ELjfojCkOBUKSUh3sojZSM=
三月 16, 2015 9:58:17 上午 org.ccnx.ccn.io.CCNAbstractOutputStream <init>
信息: CCNAbstractOutputStream: /ccnx.org/test/CCNNetworkTestRepo-15-03-16-09.58.16/content_3948460777857713998/=FD0550638B9BC7 blocksize is 4096
三月 16, 2015 9:58:17 上午 org.ccnx.ccn.io.CCNAbstractOutputStream startWrite
信息: CCNAbstractOutputStream: startWrite -- searching for keys.
三月 16, 2015 9:58:17 上午 org.ccnx.ccn.profiles.security.access.AccessControlManager keysForOutput
信息: keysForOutput: found an acm: (null)
三月 16, 2015 9:58:17 上午 org.ccnx.ccn.impl.repo.RepositoryFlowControl startWrite
信息: RepositoryFlowControl.startWrite called for name /ccnx.org/test/CCNNetworkTestRepo-15-03-16-09.58.16/content_3948460777857713998/=FD0550638B9BC7, shape STREAM
三月 16, 2015 9:58:17 上午 org.ccnx.ccn.impl.repo.RepositoryFlowControl handleContent
信息: handleContent: got potential repo message: /ccnx.org/test/CCNNetworkTestRepo-15-03-16-09.58.16/content_3948460777857713998/=FD0550638B9BC7/%C1.R.sw/%C1.N=0011761BD234D1707D
三月 16, 2015 9:58:17 上午 org.ccnx.ccn.io.CCNOutputStream flushToNetwork
信息: flush: outputting to the segmenter, baseName /ccnx.org/test/CCNNetworkTestRepo-15-03-16-09.58.16/content_3948460777857713998/=FD0550638B9BC7 basenameindex =00; 15 bytes written, holding back 15 flushing final blocks? false.
三月 16, 2015 9:58:17 上午 org.ccnx.ccn.io.CCNOutputStream flushToNetwork
信息: HEADER: CCNOutputStream: flushToNetwork: new _baseNameIndex 0
三月 16, 2015 9:58:17 上午 org.ccnx.ccn.io.CCNOutputStream flushToNetwork
信息: flush: outputting to the segmenter, baseName /ccnx.org/test/CCNNetworkTestRepo-15-03-16-09.58.16/content_3948460777857713998/=FD0550638B9BC7 basenameindex =00; 15 bytes written, holding back 0 flushing final blocks? true.
三月 16, 2015 9:58:17 上午 org.ccnx.ccn.io.CCNOutputStream flushToNetwork
信息: HEADER: CCNOutputStream: flushToNetwork: new _baseNameIndex 1
三月 16, 2015 9:58:17 上午 org.ccnx.ccn.io.CCNOutputStream close
信息: CCNOutputStream close: /ccnx.org/test/CCNNetworkTestRepo-15-03-16-09.58.16/content_3948460777857713998/=FD0550638B9BC7
三月 16, 2015 9:58:17 上午 org.ccnx.ccn.io.content.CCNNetworkObject createFlowController
信息: Created LOCALREPOSITORY flow controller, for prefix /ccnx.org/test/CCNNetworkTestRepo-15-03-16-09.58.16/content_3948460777857713998, save type LOCALREPOSITORY
三月 16, 2015 9:58:17 上午 org.ccnx.ccn.impl.CCNFlowControl addNameSpace
信息: Flow controller addNameSpace: added namespace: /ccnx.org/test/CCNNetworkTestRepo-15-03-16-09.58.16/content_3948460777857713998
三月 16, 2015 9:58:17 上午 org.ccnx.ccn.impl.security.keys.BasicKeyManager getKeyLocator
信息: getKeyLocator: returning locator NAME: /ccnx.org/Users/cb/Keys/%C1.M.K%00K=B082A16E5382FBAAA09FBE303E24E042E37E88C290E054292521DECA236523/=FD055059931000 KEY:itggagmsks2vela17tu60v29o22sdv8hgkgs1a2i991rr526p93 for key S7CCoW5TgvuqoJ++MD4k4ELjfojCkOBUKSUh3sojZSM=
三月 16, 2015 9:58:17 上午 org.ccnx.ccn.io.CCNAbstractOutputStream <init>
信息: CCNAbstractOutputStream: /ccnx.org/test/CCNNetworkTestRepo-15-03-16-09.58.16/content_3948460777857713998/=FD0550638B9D44 blocksize is 4096
三月 16, 2015 9:58:17 上午 org.ccnx.ccn.io.CCNAbstractOutputStream startWrite
信息: CCNAbstractOutputStream: startWrite -- searching for keys.
三月 16, 2015 9:58:17 上午 org.ccnx.ccn.profiles.security.access.AccessControlManager keysForOutput
信息: keysForOutput: found an acm: (null)
三月 16, 2015 9:58:17 上午 org.ccnx.ccn.impl.repo.RepositoryFlowControl startWrite
信息: RepositoryFlowControl.startWrite called for name /ccnx.org/test/CCNNetworkTestRepo-15-03-16-09.58.16/content_3948460777857713998/=FD0550638B9D44, shape STREAM
三月 16, 2015 9:58:17 上午 org.ccnx.ccn.impl.repo.RepositoryFlowControl handleContent
信息: handleContent: got potential repo message: /ccnx.org/test/CCNNetworkTestRepo-15-03-16-09.58.16/content_3948460777857713998/=FD0550638B9D44/%C1.R.sw/%C1.N=002B729D7211D4B44F
三月 16, 2015 9:58:17 上午 org.ccnx.ccn.io.CCNOutputStream flushToNetwork
信息: flush: outputting to the segmenter, baseName /ccnx.org/test/CCNNetworkTestRepo-15-03-16-09.58.16/content_3948460777857713998/=FD0550638B9D44 basenameindex =00; 15 bytes written, holding back 15 flushing final blocks? false.
三月 16, 2015 9:58:17 上午 org.ccnx.ccn.io.CCNOutputStream flushToNetwork
信息: HEADER: CCNOutputStream: flushToNetwork: new _baseNameIndex 0
三月 16, 2015 9:58:17 上午 org.ccnx.ccn.io.CCNOutputStream flushToNetwork
信息: flush: outputting to the segmenter, baseName /ccnx.org/test/CCNNetworkTestRepo-15-03-16-09.58.16/content_3948460777857713998/=FD0550638B9D44 basenameindex =00; 15 bytes written, holding back 0 flushing final blocks? true.
三月 16, 2015 9:58:17 上午 org.ccnx.ccn.io.CCNOutputStream flushToNetwork
信息: HEADER: CCNOutputStream: flushToNetwork: new _baseNameIndex 1
三月 16, 2015 9:58:17 上午 org.ccnx.ccn.io.CCNOutputStream close
信息: CCNOutputStream close: /ccnx.org/test/CCNNetworkTestRepo-15-03-16-09.58.16/content_3948460777857713998/=FD0550638B9D44
三月 16, 2015 9:58:17 上午 org.ccnx.ccn.io.content.CCNNetworkObject createFlowController
信息: Created LOCALREPOSITORY flow controller, for prefix /ccnx.org/test/CCNNetworkTestRepo-15-03-16-09.58.16/content_3948460777857713998, save type LOCALREPOSITORY
三月 16, 2015 9:58:17 上午 org.ccnx.ccn.impl.CCNFlowControl addNameSpace
信息: Flow controller addNameSpace: added namespace: /ccnx.org/test/CCNNetworkTestRepo-15-03-16-09.58.16/content_3948460777857713998
三月 16, 2015 9:58:17 上午 org.ccnx.ccn.impl.security.keys.BasicKeyManager getKeyLocator
信息: getKeyLocator: returning locator NAME: /ccnx.org/Users/cb/Keys/%C1.M.K%00K=B082A16E5382FBAAA09FBE303E24E042E37E88C290E054292521DECA236523/=FD055059931000 KEY:itggagmsks2vela17tu60v29o22sdv8hgkgs1a2i991rr526p93 for key S7CCoW5TgvuqoJ++MD4k4ELjfojCkOBUKSUh3sojZSM=
三月 16, 2015 9:58:17 上午 org.ccnx.ccn.io.CCNAbstractOutputStream <init>
信息: CCNAbstractOutputStream: /ccnx.org/test/CCNNetworkTestRepo-15-03-16-09.58.16/content_3948460777857713998/=FD0550638B9EF2 blocksize is 4096
三月 16, 2015 9:58:17 上午 org.ccnx.ccn.io.CCNAbstractOutputStream startWrite
信息: CCNAbstractOutputStream: startWrite -- searching for keys.
三月 16, 2015 9:58:17 上午 org.ccnx.ccn.profiles.security.access.AccessControlManager keysForOutput
信息: keysForOutput: found an acm: (null)
三月 16, 2015 9:58:17 上午 org.ccnx.ccn.impl.repo.RepositoryFlowControl startWrite
信息: RepositoryFlowControl.startWrite called for name /ccnx.org/test/CCNNetworkTestRepo-15-03-16-09.58.16/content_3948460777857713998/=FD0550638B9EF2, shape STREAM
三月 16, 2015 9:58:17 上午 org.ccnx.ccn.impl.repo.RepositoryFlowControl handleContent
信息: handleContent: got potential repo message: /ccnx.org/test/CCNNetworkTestRepo-15-03-16-09.58.16/content_3948460777857713998/=FD0550638B9EF2/%C1.R.sw/%C1.N%009=84CE3E7992626B
三月 16, 2015 9:58:17 上午 org.ccnx.ccn.io.CCNOutputStream flushToNetwork
信息: flush: outputting to the segmenter, baseName /ccnx.org/test/CCNNetworkTestRepo-15-03-16-09.58.16/content_3948460777857713998/=FD0550638B9EF2 basenameindex =00; 15 bytes written, holding back 15 flushing final blocks? false.
三月 16, 2015 9:58:17 上午 org.ccnx.ccn.io.CCNOutputStream flushToNetwork
信息: HEADER: CCNOutputStream: flushToNetwork: new _baseNameIndex 0
三月 16, 2015 9:58:17 上午 org.ccnx.ccn.io.CCNOutputStream flushToNetwork
信息: flush: outputting to the segmenter, baseName /ccnx.org/test/CCNNetworkTestRepo-15-03-16-09.58.16/content_3948460777857713998/=FD0550638B9EF2 basenameindex =00; 15 bytes written, holding back 0 flushing final blocks? true.
三月 16, 2015 9:58:17 上午 org.ccnx.ccn.io.CCNOutputStream flushToNetwork
信息: HEADER: CCNOutputStream: flushToNetwork: new _baseNameIndex 1
三月 16, 2015 9:58:18 上午 org.ccnx.ccn.io.CCNOutputStream close
信息: CCNOutputStream close: /ccnx.org/test/CCNNetworkTestRepo-15-03-16-09.58.16/content_3948460777857713998/=FD0550638B9EF2
三月 16, 2015 9:58:18 上午 org.ccnx.ccn.io.content.CCNNetworkObject createFlowController
信息: Created LOCALREPOSITORY flow controller, for prefix /ccnx.org/test/CCNNetworkTestRepo-15-03-16-09.58.16/content_3948460777857713998, save type LOCALREPOSITORY
三月 16, 2015 9:58:18 上午 org.ccnx.ccn.impl.CCNFlowControl addNameSpace
信息: Flow controller addNameSpace: added namespace: /ccnx.org/test/CCNNetworkTestRepo-15-03-16-09.58.16/content_3948460777857713998
三月 16, 2015 9:58:18 上午 org.ccnx.ccn.impl.security.keys.BasicKeyManager getKeyLocator
信息: getKeyLocator: returning locator NAME: /ccnx.org/Users/cb/Keys/%C1.M.K%00K=B082A16E5382FBAAA09FBE303E24E042E37E88C290E054292521DECA236523/=FD055059931000 KEY:itggagmsks2vela17tu60v29o22sdv8hgkgs1a2i991rr526p93 for key S7CCoW5TgvuqoJ++MD4k4ELjfojCkOBUKSUh3sojZSM=
三月 16, 2015 9:58:18 上午 org.ccnx.ccn.io.CCNAbstractOutputStream <init>
信息: CCNAbstractOutputStream: /ccnx.org/test/CCNNetworkTestRepo-15-03-16-09.58.16/content_3948460777857713998/=FD0550638BA05E blocksize is 4096
三月 16, 2015 9:58:18 上午 org.ccnx.ccn.io.CCNAbstractOutputStream startWrite
信息: CCNAbstractOutputStream: startWrite -- searching for keys.
三月 16, 2015 9:58:18 上午 org.ccnx.ccn.profiles.security.access.AccessControlManager keysForOutput
信息: keysForOutput: found an acm: (null)
三月 16, 2015 9:58:18 上午 org.ccnx.ccn.impl.repo.RepositoryFlowControl startWrite
信息: RepositoryFlowControl.startWrite called for name /ccnx.org/test/CCNNetworkTestRepo-15-03-16-09.58.16/content_3948460777857713998/=FD0550638BA05E, shape STREAM
三月 16, 2015 9:58:18 上午 org.ccnx.ccn.impl.repo.RepositoryFlowControl handleContent
信息: handleContent: got potential repo message: /ccnx.org/test/CCNNetworkTestRepo-15-03-16-09.58.16/content_3948460777857713998/=FD0550638BA05E/%C1.R.sw/%C1.N=00EBE10B9C75620DF2
三月 16, 2015 9:58:18 上午 org.ccnx.ccn.io.CCNOutputStream flushToNetwork
信息: flush: outputting to the segmenter, baseName /ccnx.org/test/CCNNetworkTestRepo-15-03-16-09.58.16/content_3948460777857713998/=FD0550638BA05E basenameindex =00; 15 bytes written, holding back 15 flushing final blocks? false.
三月 16, 2015 9:58:18 上午 org.ccnx.ccn.io.CCNOutputStream flushToNetwork
信息: HEADER: CCNOutputStream: flushToNetwork: new _baseNameIndex 0
三月 16, 2015 9:58:18 上午 org.ccnx.ccn.io.CCNOutputStream flushToNetwork
信息: flush: outputting to the segmenter, baseName /ccnx.org/test/CCNNetworkTestRepo-15-03-16-09.58.16/content_3948460777857713998/=FD0550638BA05E basenameindex =00; 15 bytes written, holding back 0 flushing final blocks? true.
三月 16, 2015 9:58:18 上午 org.ccnx.ccn.io.CCNOutputStream flushToNetwork
信息: HEADER: CCNOutputStream: flushToNetwork: new _baseNameIndex 1
三月 16, 2015 9:58:18 上午 org.ccnx.ccn.io.CCNOutputStream close
信息: CCNOutputStream close: /ccnx.org/test/CCNNetworkTestRepo-15-03-16-09.58.16/content_3948460777857713998/=FD0550638BA05E
三月 16, 2015 9:58:18 上午 org.ccnx.ccn.io.content.CCNNetworkObject createFlowController
信息: Created LOCALREPOSITORY flow controller, for prefix /ccnx.org/test/CCNNetworkTestRepo-15-03-16-09.58.16/content_3948460777857713998, save type LOCALREPOSITORY
三月 16, 2015 9:58:18 上午 org.ccnx.ccn.impl.CCNFlowControl addNameSpace
信息: Flow controller addNameSpace: added namespace: /ccnx.org/test/CCNNetworkTestRepo-15-03-16-09.58.16/content_3948460777857713998
三月 16, 2015 9:58:18 上午 org.ccnx.ccn.impl.security.keys.BasicKeyManager getKeyLocator
信息: getKeyLocator: returning locator NAME: /ccnx.org/Users/cb/Keys/%C1.M.K%00K=B082A16E5382FBAAA09FBE303E24E042E37E88C290E054292521DECA236523/=FD055059931000 KEY:itggagmsks2vela17tu60v29o22sdv8hgkgs1a2i991rr526p93 for key S7CCoW5TgvuqoJ++MD4k4ELjfojCkOBUKSUh3sojZSM=
三月 16, 2015 9:58:18 上午 org.ccnx.ccn.io.CCNAbstractOutputStream <init>
信息: CCNAbstractOutputStream: /ccnx.org/test/CCNNetworkTestRepo-15-03-16-09.58.16/content_3948460777857713998/=FD0550638BA1DB blocksize is 4096
三月 16, 2015 9:58:18 上午 org.ccnx.ccn.io.CCNAbstractOutputStream startWrite
信息: CCNAbstractOutputStream: startWrite -- searching for keys.
三月 16, 2015 9:58:18 上午 org.ccnx.ccn.profiles.security.access.AccessControlManager keysForOutput
信息: keysForOutput: found an acm: (null)
三月 16, 2015 9:58:18 上午 org.ccnx.ccn.impl.repo.RepositoryFlowControl startWrite
信息: RepositoryFlowControl.startWrite called for name /ccnx.org/test/CCNNetworkTestRepo-15-03-16-09.58.16/content_3948460777857713998/=FD0550638BA1DB, shape STREAM
三月 16, 2015 9:58:18 上午 org.ccnx.ccn.impl.repo.RepositoryFlowControl handleContent
信息: handleContent: got potential repo message: /ccnx.org/test/CCNNetworkTestRepo-15-03-16-09.58.16/content_3948460777857713998/=FD0550638BA1DB/%C1.R.sw/%C1.N=0026340909BEDA5D06
三月 16, 2015 9:58:18 上午 org.ccnx.ccn.io.CCNOutputStream flushToNetwork
信息: flush: outputting to the segmenter, baseName /ccnx.org/test/CCNNetworkTestRepo-15-03-16-09.58.16/content_3948460777857713998/=FD0550638BA1DB basenameindex =00; 15 bytes written, holding back 15 flushing final blocks? false.
三月 16, 2015 9:58:18 上午 org.ccnx.ccn.io.CCNOutputStream flushToNetwork
信息: HEADER: CCNOutputStream: flushToNetwork: new _baseNameIndex 0
三月 16, 2015 9:58:18 上午 org.ccnx.ccn.io.CCNOutputStream flushToNetwork
信息: flush: outputting to the segmenter, baseName /ccnx.org/test/CCNNetworkTestRepo-15-03-16-09.58.16/content_3948460777857713998/=FD0550638BA1DB basenameindex =00; 15 bytes written, holding back 0 flushing final blocks? true.
三月 16, 2015 9:58:18 上午 org.ccnx.ccn.io.CCNOutputStream flushToNetwork
信息: HEADER: CCNOutputStream: flushToNetwork: new _baseNameIndex 1
三月 16, 2015 9:58:18 上午 org.ccnx.ccn.io.CCNOutputStream close
信息: CCNOutputStream close: /ccnx.org/test/CCNNetworkTestRepo-15-03-16-09.58.16/content_3948460777857713998/=FD0550638BA1DB
三月 16, 2015 9:58:18 上午 org.ccnx.ccn.io.content.CCNNetworkObject createFlowController
信息: Created LOCALREPOSITORY flow controller, for prefix /ccnx.org/test/CCNNetworkTestRepo-15-03-16-09.58.16/content_3948460777857713998, save type LOCALREPOSITORY
三月 16, 2015 9:58:18 上午 org.ccnx.ccn.impl.CCNFlowControl addNameSpace
信息: Flow controller addNameSpace: added namespace: /ccnx.org/test/CCNNetworkTestRepo-15-03-16-09.58.16/content_3948460777857713998
三月 16, 2015 9:58:18 上午 org.ccnx.ccn.impl.security.keys.BasicKeyManager getKeyLocator
信息: getKeyLocator: returning locator NAME: /ccnx.org/Users/cb/Keys/%C1.M.K%00K=B082A16E5382FBAAA09FBE303E24E042E37E88C290E054292521DECA236523/=FD055059931000 KEY:itggagmsks2vela17tu60v29o22sdv8hgkgs1a2i991rr526p93 for key S7CCoW5TgvuqoJ++MD4k4ELjfojCkOBUKSUh3sojZSM=
三月 16, 2015 9:58:18 上午 org.ccnx.ccn.io.CCNAbstractOutputStream <init>
信息: CCNAbstractOutputStream: /ccnx.org/test/CCNNetworkTestRepo-15-03-16-09.58.16/content_3948460777857713998/=FD0550638BA396 blocksize is 4096
三月 16, 2015 9:58:18 上午 org.ccnx.ccn.io.CCNAbstractOutputStream startWrite
信息: CCNAbstractOutputStream: startWrite -- searching for keys.
三月 16, 2015 9:58:18 上午 org.ccnx.ccn.profiles.security.access.AccessControlManager keysForOutput
信息: keysForOutput: found an acm: (null)
三月 16, 2015 9:58:18 上午 org.ccnx.ccn.impl.repo.RepositoryFlowControl startWrite
信息: RepositoryFlowControl.startWrite called for name /ccnx.org/test/CCNNetworkTestRepo-15-03-16-09.58.16/content_3948460777857713998/=FD0550638BA396, shape STREAM
三月 16, 2015 9:58:18 上午 org.ccnx.ccn.impl.repo.RepositoryFlowControl handleContent
信息: handleContent: got potential repo message: /ccnx.org/test/CCNNetworkTestRepo-15-03-16-09.58.16/content_3948460777857713998/=FD0550638BA396/%C1.R.sw/%C1.N=0085D52E859872C40E
三月 16, 2015 9:58:18 上午 org.ccnx.ccn.io.CCNOutputStream flushToNetwork
信息: flush: outputting to the segmenter, baseName /ccnx.org/test/CCNNetworkTestRepo-15-03-16-09.58.16/content_3948460777857713998/=FD0550638BA396 basenameindex =00; 15 bytes written, holding back 15 flushing final blocks? false.
三月 16, 2015 9:58:18 上午 org.ccnx.ccn.io.CCNOutputStream flushToNetwork
信息: HEADER: CCNOutputStream: flushToNetwork: new _baseNameIndex 0
三月 16, 2015 9:58:18 上午 org.ccnx.ccn.io.CCNOutputStream flushToNetwork
信息: flush: outputting to the segmenter, baseName /ccnx.org/test/CCNNetworkTestRepo-15-03-16-09.58.16/content_3948460777857713998/=FD0550638BA396 basenameindex =00; 15 bytes written, holding back 0 flushing final blocks? true.
三月 16, 2015 9:58:18 上午 org.ccnx.ccn.io.CCNOutputStream flushToNetwork
信息: HEADER: CCNOutputStream: flushToNetwork: new _baseNameIndex 1
三月 16, 2015 9:58:18 上午 org.ccnx.ccn.io.CCNOutputStream close
信息: CCNOutputStream close: /ccnx.org/test/CCNNetworkTestRepo-15-03-16-09.58.16/content_3948460777857713998/=FD0550638BA396
三月 16, 2015 9:58:18 上午 org.ccnx.ccn.io.content.CCNNetworkObject createFlowController
信息: Created LOCALREPOSITORY flow controller, for prefix /ccnx.org/test/CCNNetworkTestRepo-15-03-16-09.58.16/content_3948460777857713998, save type LOCALREPOSITORY
三月 16, 2015 9:58:18 上午 org.ccnx.ccn.impl.CCNFlowControl addNameSpace
信息: Flow controller addNameSpace: added namespace: /ccnx.org/test/CCNNetworkTestRepo-15-03-16-09.58.16/content_3948460777857713998
三月 16, 2015 9:58:18 上午 org.ccnx.ccn.impl.security.keys.BasicKeyManager getKeyLocator
信息: getKeyLocator: returning locator NAME: /ccnx.org/Users/cb/Keys/%C1.M.K%00K=B082A16E5382FBAAA09FBE303E24E042E37E88C290E054292521DECA236523/=FD055059931000 KEY:itggagmsks2vela17tu60v29o22sdv8hgkgs1a2i991rr526p93 for key S7CCoW5TgvuqoJ++MD4k4ELjfojCkOBUKSUh3sojZSM=
三月 16, 2015 9:58:18 上午 org.ccnx.ccn.io.CCNAbstractOutputStream <init>
信息: CCNAbstractOutputStream: /ccnx.org/test/CCNNetworkTestRepo-15-03-16-09.58.16/content_3948460777857713998/=FD0550638BA533 blocksize is 4096
三月 16, 2015 9:58:18 上午 org.ccnx.ccn.io.CCNAbstractOutputStream startWrite
信息: CCNAbstractOutputStream: startWrite -- searching for keys.
三月 16, 2015 9:58:18 上午 org.ccnx.ccn.profiles.security.access.AccessControlManager keysForOutput
信息: keysForOutput: found an acm: (null)
三月 16, 2015 9:58:18 上午 org.ccnx.ccn.impl.repo.RepositoryFlowControl startWrite
信息: RepositoryFlowControl.startWrite called for name /ccnx.org/test/CCNNetworkTestRepo-15-03-16-09.58.16/content_3948460777857713998/=FD0550638BA533, shape STREAM
三月 16, 2015 9:58:18 上午 org.ccnx.ccn.impl.repo.RepositoryFlowControl handleContent
信息: handleContent: got potential repo message: /ccnx.org/test/CCNNetworkTestRepo-15-03-16-09.58.16/content_3948460777857713998/=FD0550638BA533/%C1.R.sw/%C1.N=009FB47E6525A7D769
三月 16, 2015 9:58:18 上午 org.ccnx.ccn.io.CCNOutputStream flushToNetwork
信息: flush: outputting to the segmenter, baseName /ccnx.org/test/CCNNetworkTestRepo-15-03-16-09.58.16/content_3948460777857713998/=FD0550638BA533 basenameindex =00; 15 bytes written, holding back 15 flushing final blocks? false.
三月 16, 2015 9:58:18 上午 org.ccnx.ccn.io.CCNOutputStream flushToNetwork
信息: HEADER: CCNOutputStream: flushToNetwork: new _baseNameIndex 0
三月 16, 2015 9:58:18 上午 org.ccnx.ccn.io.CCNOutputStream flushToNetwork
信息: flush: outputting to the segmenter, baseName /ccnx.org/test/CCNNetworkTestRepo-15-03-16-09.58.16/content_3948460777857713998/=FD0550638BA533 basenameindex =00; 15 bytes written, holding back 0 flushing final blocks? true.
三月 16, 2015 9:58:18 上午 org.ccnx.ccn.io.CCNOutputStream flushToNetwork
信息: HEADER: CCNOutputStream: flushToNetwork: new _baseNameIndex 1
三月 16, 2015 9:58:18 上午 org.ccnx.ccn.io.CCNOutputStream close
信息: CCNOutputStream close: /ccnx.org/test/CCNNetworkTestRepo-15-03-16-09.58.16/content_3948460777857713998/=FD0550638BA533
三月 16, 2015 9:58:18 上午 org.ccnx.ccn.io.content.CCNNetworkObject createFlowController
信息: Created LOCALREPOSITORY flow controller, for prefix /ccnx.org/test/CCNNetworkTestRepo-15-03-16-09.58.16/content_3948460777857713998, save type LOCALREPOSITORY
三月 16, 2015 9:58:18 上午 org.ccnx.ccn.impl.CCNFlowControl addNameSpace
信息: Flow controller addNameSpace: added namespace: /ccnx.org/test/CCNNetworkTestRepo-15-03-16-09.58.16/content_3948460777857713998
三月 16, 2015 9:58:18 上午 org.ccnx.ccn.impl.security.keys.BasicKeyManager getKeyLocator
信息: getKeyLocator: returning locator NAME: /ccnx.org/Users/cb/Keys/%C1.M.K%00K=B082A16E5382FBAAA09FBE303E24E042E37E88C290E054292521DECA236523/=FD055059931000 KEY:itggagmsks2vela17tu60v29o22sdv8hgkgs1a2i991rr526p93 for key S7CCoW5TgvuqoJ++MD4k4ELjfojCkOBUKSUh3sojZSM=
三月 16, 2015 9:58:18 上午 org.ccnx.ccn.io.CCNAbstractOutputStream <init>
信息: CCNAbstractOutputStream: /ccnx.org/test/CCNNetworkTestRepo-15-03-16-09.58.16/content_3948460777857713998/=FD0550638BA6CD blocksize is 4096
三月 16, 2015 9:58:18 上午 org.ccnx.ccn.io.CCNAbstractOutputStream startWrite
信息: CCNAbstractOutputStream: startWrite -- searching for keys.
三月 16, 2015 9:58:18 上午 org.ccnx.ccn.profiles.security.access.AccessControlManager keysForOutput
信息: keysForOutput: found an acm: (null)
三月 16, 2015 9:58:18 上午 org.ccnx.ccn.impl.repo.RepositoryFlowControl startWrite
信息: RepositoryFlowControl.startWrite called for name /ccnx.org/test/CCNNetworkTestRepo-15-03-16-09.58.16/content_3948460777857713998/=FD0550638BA6CD, shape STREAM
三月 16, 2015 9:58:18 上午 org.ccnx.ccn.impl.repo.RepositoryFlowControl handleContent
信息: handleContent: got potential repo message: /ccnx.org/test/CCNNetworkTestRepo-15-03-16-09.58.16/content_3948460777857713998/=FD0550638BA6CD/%C1.R.sw/%C1.N=00CEC0F7A25E99A296
三月 16, 2015 9:58:18 上午 org.ccnx.ccn.io.CCNOutputStream flushToNetwork
信息: flush: outputting to the segmenter, baseName /ccnx.org/test/CCNNetworkTestRepo-15-03-16-09.58.16/content_3948460777857713998/=FD0550638BA6CD basenameindex =00; 15 bytes written, holding back 15 flushing final blocks? false.
三月 16, 2015 9:58:18 上午 org.ccnx.ccn.io.CCNOutputStream flushToNetwork
信息: HEADER: CCNOutputStream: flushToNetwork: new _baseNameIndex 0
三月 16, 2015 9:58:18 上午 org.ccnx.ccn.io.CCNOutputStream flushToNetwork
信息: flush: outputting to the segmenter, baseName /ccnx.org/test/CCNNetworkTestRepo-15-03-16-09.58.16/content_3948460777857713998/=FD0550638BA6CD basenameindex =00; 15 bytes written, holding back 0 flushing final blocks? true.
三月 16, 2015 9:58:18 上午 org.ccnx.ccn.io.CCNOutputStream flushToNetwork
信息: HEADER: CCNOutputStream: flushToNetwork: new _baseNameIndex 1
三月 16, 2015 9:58:18 上午 org.ccnx.ccn.io.CCNOutputStream close
信息: CCNOutputStream close: /ccnx.org/test/CCNNetworkTestRepo-15-03-16-09.58.16/content_3948460777857713998/=FD0550638BA6CD
三月 16, 2015 9:58:18 上午 org.ccnx.ccn.io.content.CCNNetworkObject createFlowController
信息: Created LOCALREPOSITORY flow controller, for prefix /ccnx.org/test/CCNNetworkTestRepo-15-03-16-09.58.16/content_3948460777857713998, save type LOCALREPOSITORY
三月 16, 2015 9:58:18 上午 org.ccnx.ccn.impl.CCNFlowControl addNameSpace
信息: Flow controller addNameSpace: added namespace: /ccnx.org/test/CCNNetworkTestRepo-15-03-16-09.58.16/content_3948460777857713998
三月 16, 2015 9:58:18 上午 org.ccnx.ccn.impl.security.keys.BasicKeyManager getKeyLocator
信息: getKeyLocator: returning locator NAME: /ccnx.org/Users/cb/Keys/%C1.M.K%00K=B082A16E5382FBAAA09FBE303E24E042E37E88C290E054292521DECA236523/=FD055059931000 KEY:itggagmsks2vela17tu60v29o22sdv8hgkgs1a2i991rr526p93 for key S7CCoW5TgvuqoJ++MD4k4ELjfojCkOBUKSUh3sojZSM=
三月 16, 2015 9:58:18 上午 org.ccnx.ccn.io.CCNAbstractOutputStream <init>
信息: CCNAbstractOutputStream: /ccnx.org/test/CCNNetworkTestRepo-15-03-16-09.58.16/content_3948460777857713998/=FD0550638BA856 blocksize is 4096
三月 16, 2015 9:58:18 上午 org.ccnx.ccn.io.CCNAbstractOutputStream startWrite
信息: CCNAbstractOutputStream: startWrite -- searching for keys.
三月 16, 2015 9:58:18 上午 org.ccnx.ccn.profiles.security.access.AccessControlManager keysForOutput
信息: keysForOutput: found an acm: (null)
三月 16, 2015 9:58:18 上午 org.ccnx.ccn.impl.repo.RepositoryFlowControl startWrite
信息: RepositoryFlowControl.startWrite called for name /ccnx.org/test/CCNNetworkTestRepo-15-03-16-09.58.16/content_3948460777857713998/=FD0550638BA856, shape STREAM
三月 16, 2015 9:58:18 上午 org.ccnx.ccn.impl.repo.RepositoryFlowControl handleContent
信息: handleContent: got potential repo message: /ccnx.org/test/CCNNetworkTestRepo-15-03-16-09.58.16/content_3948460777857713998/=FD0550638BA856/%C1.R.sw/%C1.N=00845929650E70ABBF
三月 16, 2015 9:58:18 上午 org.ccnx.ccn.io.CCNOutputStream flushToNetwork
信息: flush: outputting to the segmenter, baseName /ccnx.org/test/CCNNetworkTestRepo-15-03-16-09.58.16/content_3948460777857713998/=FD0550638BA856 basenameindex =00; 16 bytes written, holding back 16 flushing final blocks? false.
三月 16, 2015 9:58:18 上午 org.ccnx.ccn.io.CCNOutputStream flushToNetwork
信息: HEADER: CCNOutputStream: flushToNetwork: new _baseNameIndex 0
三月 16, 2015 9:58:18 上午 org.ccnx.ccn.io.CCNOutputStream flushToNetwork
信息: flush: outputting to the segmenter, baseName /ccnx.org/test/CCNNetworkTestRepo-15-03-16-09.58.16/content_3948460777857713998/=FD0550638BA856 basenameindex =00; 16 bytes written, holding back 0 flushing final blocks? true.
三月 16, 2015 9:58:18 上午 org.ccnx.ccn.io.CCNOutputStream flushToNetwork
信息: HEADER: CCNOutputStream: flushToNetwork: new _baseNameIndex 1
三月 16, 2015 9:58:18 上午 org.ccnx.ccn.io.CCNOutputStream close
信息: CCNOutputStream close: /ccnx.org/test/CCNNetworkTestRepo-15-03-16-09.58.16/content_3948460777857713998/=FD0550638BA856
三月 16, 2015 9:58:18 上午 org.ccnx.ccn.io.content.CCNNetworkObject createFlowController
信息: Created LOCALREPOSITORY flow controller, for prefix /ccnx.org/test/CCNNetworkTestRepo-15-03-16-09.58.16/content_3948460777857713998, save type LOCALREPOSITORY
三月 16, 2015 9:58:18 上午 org.ccnx.ccn.impl.CCNFlowControl addNameSpace
信息: Flow controller addNameSpace: added namespace: /ccnx.org/test/CCNNetworkTestRepo-15-03-16-09.58.16/content_3948460777857713998
三月 16, 2015 9:58:18 上午 org.ccnx.ccn.impl.security.keys.BasicKeyManager getKeyLocator
信息: getKeyLocator: returning locator NAME: /ccnx.org/Users/cb/Keys/%C1.M.K%00K=B082A16E5382FBAAA09FBE303E24E042E37E88C290E054292521DECA236523/=FD055059931000 KEY:itggagmsks2vela17tu60v29o22sdv8hgkgs1a2i991rr526p93 for key S7CCoW5TgvuqoJ++MD4k4ELjfojCkOBUKSUh3sojZSM=
三月 16, 2015 9:58:18 上午 org.ccnx.ccn.io.CCNAbstractOutputStream <init>
信息: CCNAbstractOutputStream: /ccnx.org/test/CCNNetworkTestRepo-15-03-16-09.58.16/content_3948460777857713998/=FD0550638BA9EC blocksize is 4096
三月 16, 2015 9:58:18 上午 org.ccnx.ccn.io.CCNAbstractOutputStream startWrite
信息: CCNAbstractOutputStream: startWrite -- searching for keys.
三月 16, 2015 9:58:18 上午 org.ccnx.ccn.profiles.security.access.AccessControlManager keysForOutput
信息: keysForOutput: found an acm: (null)
三月 16, 2015 9:58:18 上午 org.ccnx.ccn.impl.repo.RepositoryFlowControl startWrite
信息: RepositoryFlowControl.startWrite called for name /ccnx.org/test/CCNNetworkTestRepo-15-03-16-09.58.16/content_3948460777857713998/=FD0550638BA9EC, shape STREAM
三月 16, 2015 9:58:18 上午 org.ccnx.ccn.impl.repo.RepositoryFlowControl handleContent
信息: handleContent: got potential repo message: /ccnx.org/test/CCNNetworkTestRepo-15-03-16-09.58.16/content_3948460777857713998/=FD0550638BA9EC/%C1.R.sw/%C1.N%00vKq5=857B61C8
三月 16, 2015 9:58:18 上午 org.ccnx.ccn.io.CCNOutputStream flushToNetwork
信息: flush: outputting to the segmenter, baseName /ccnx.org/test/CCNNetworkTestRepo-15-03-16-09.58.16/content_3948460777857713998/=FD0550638BA9EC basenameindex =00; 16 bytes written, holding back 16 flushing final blocks? false.
三月 16, 2015 9:58:18 上午 org.ccnx.ccn.io.CCNOutputStream flushToNetwork
信息: HEADER: CCNOutputStream: flushToNetwork: new _baseNameIndex 0
三月 16, 2015 9:58:18 上午 org.ccnx.ccn.io.CCNOutputStream flushToNetwork
信息: flush: outputting to the segmenter, baseName /ccnx.org/test/CCNNetworkTestRepo-15-03-16-09.58.16/content_3948460777857713998/=FD0550638BA9EC basenameindex =00; 16 bytes written, holding back 0 flushing final blocks? true.
三月 16, 2015 9:58:18 上午 org.ccnx.ccn.io.CCNOutputStream flushToNetwork
信息: HEADER: CCNOutputStream: flushToNetwork: new _baseNameIndex 1
三月 16, 2015 9:58:18 上午 org.ccnx.ccn.io.CCNOutputStream close
信息: CCNOutputStream close: /ccnx.org/test/CCNNetworkTestRepo-15-03-16-09.58.16/content_3948460777857713998/=FD0550638BA9EC
三月 16, 2015 9:58:18 上午 org.ccnx.ccn.io.content.CCNNetworkObject createFlowController
信息: Created LOCALREPOSITORY flow controller, for prefix /ccnx.org/test/CCNNetworkTestRepo-15-03-16-09.58.16/content_3948460777857713998, save type LOCALREPOSITORY
三月 16, 2015 9:58:18 上午 org.ccnx.ccn.impl.CCNFlowControl addNameSpace
信息: Flow controller addNameSpace: added namespace: /ccnx.org/test/CCNNetworkTestRepo-15-03-16-09.58.16/content_3948460777857713998
三月 16, 2015 9:58:18 上午 org.ccnx.ccn.impl.security.keys.BasicKeyManager getKeyLocator
信息: getKeyLocator: returning locator NAME: /ccnx.org/Users/cb/Keys/%C1.M.K%00K=B082A16E5382FBAAA09FBE303E24E042E37E88C290E054292521DECA236523/=FD055059931000 KEY:itggagmsks2vela17tu60v29o22sdv8hgkgs1a2i991rr526p93 for key S7CCoW5TgvuqoJ++MD4k4ELjfojCkOBUKSUh3sojZSM=
三月 16, 2015 9:58:18 上午 org.ccnx.ccn.io.CCNAbstractOutputStream <init>
信息: CCNAbstractOutputStream: /ccnx.org/test/CCNNetworkTestRepo-15-03-16-09.58.16/content_3948460777857713998/=FD0550638BAB50 blocksize is 4096
三月 16, 2015 9:58:18 上午 org.ccnx.ccn.io.CCNAbstractOutputStream startWrite
信息: CCNAbstractOutputStream: startWrite -- searching for keys.
三月 16, 2015 9:58:18 上午 org.ccnx.ccn.profiles.security.access.AccessControlManager keysForOutput
信息: keysForOutput: found an acm: (null)
三月 16, 2015 9:58:18 上午 org.ccnx.ccn.impl.repo.RepositoryFlowControl startWrite
信息: RepositoryFlowControl.startWrite called for name /ccnx.org/test/CCNNetworkTestRepo-15-03-16-09.58.16/content_3948460777857713998/=FD0550638BAB50, shape STREAM
三月 16, 2015 9:58:18 上午 org.ccnx.ccn.impl.repo.RepositoryFlowControl handleContent
信息: handleContent: got potential repo message: /ccnx.org/test/CCNNetworkTestRepo-15-03-16-09.58.16/content_3948460777857713998/=FD0550638BAB50/%C1.R.sw/%C1.N=00224C98FDDEB40AFB
三月 16, 2015 9:58:18 上午 org.ccnx.ccn.io.CCNOutputStream flushToNetwork
信息: flush: outputting to the segmenter, baseName /ccnx.org/test/CCNNetworkTestRepo-15-03-16-09.58.16/content_3948460777857713998/=FD0550638BAB50 basenameindex =00; 16 bytes written, holding back 16 flushing final blocks? false.
三月 16, 2015 9:58:18 上午 org.ccnx.ccn.io.CCNOutputStream flushToNetwork
信息: HEADER: CCNOutputStream: flushToNetwork: new _baseNameIndex 0
三月 16, 2015 9:58:18 上午 org.ccnx.ccn.io.CCNOutputStream flushToNetwork
信息: flush: outputting to the segmenter, baseName /ccnx.org/test/CCNNetworkTestRepo-15-03-16-09.58.16/content_3948460777857713998/=FD0550638BAB50 basenameindex =00; 16 bytes written, holding back 0 flushing final blocks? true.
三月 16, 2015 9:58:18 上午 org.ccnx.ccn.io.CCNOutputStream flushToNetwork
信息: HEADER: CCNOutputStream: flushToNetwork: new _baseNameIndex 1
三月 16, 2015 9:58:18 上午 org.ccnx.ccn.io.CCNOutputStream close
信息: CCNOutputStream close: /ccnx.org/test/CCNNetworkTestRepo-15-03-16-09.58.16/content_3948460777857713998/=FD0550638BAB50
三月 16, 2015 9:58:18 上午 org.ccnx.ccn.io.content.CCNNetworkObject createFlowController
信息: Created LOCALREPOSITORY flow controller, for prefix /ccnx.org/test/CCNNetworkTestRepo-15-03-16-09.58.16/content_3948460777857713998, save type LOCALREPOSITORY
三月 16, 2015 9:58:18 上午 org.ccnx.ccn.impl.CCNFlowControl addNameSpace
信息: Flow controller addNameSpace: added namespace: /ccnx.org/test/CCNNetworkTestRepo-15-03-16-09.58.16/content_3948460777857713998
三月 16, 2015 9:58:18 上午 org.ccnx.ccn.impl.security.keys.BasicKeyManager getKeyLocator
信息: getKeyLocator: returning locator NAME: /ccnx.org/Users/cb/Keys/%C1.M.K%00K=B082A16E5382FBAAA09FBE303E24E042E37E88C290E054292521DECA236523/=FD055059931000 KEY:itggagmsks2vela17tu60v29o22sdv8hgkgs1a2i991rr526p93 for key S7CCoW5TgvuqoJ++MD4k4ELjfojCkOBUKSUh3sojZSM=
三月 16, 2015 9:58:18 上午 org.ccnx.ccn.io.CCNAbstractOutputStream <init>
信息: CCNAbstractOutputStream: /ccnx.org/test/CCNNetworkTestRepo-15-03-16-09.58.16/content_3948460777857713998/=FD0550638BACDD blocksize is 4096
三月 16, 2015 9:58:18 上午 org.ccnx.ccn.io.CCNAbstractOutputStream startWrite
信息: CCNAbstractOutputStream: startWrite -- searching for keys.
三月 16, 2015 9:58:18 上午 org.ccnx.ccn.profiles.security.access.AccessControlManager keysForOutput
信息: keysForOutput: found an acm: (null)
三月 16, 2015 9:58:18 上午 org.ccnx.ccn.impl.repo.RepositoryFlowControl startWrite
信息: RepositoryFlowControl.startWrite called for name /ccnx.org/test/CCNNetworkTestRepo-15-03-16-09.58.16/content_3948460777857713998/=FD0550638BACDD, shape STREAM
三月 16, 2015 9:58:18 上午 org.ccnx.ccn.impl.repo.RepositoryFlowControl handleContent
信息: handleContent: got potential repo message: /ccnx.org/test/CCNNetworkTestRepo-15-03-16-09.58.16/content_3948460777857713998/=FD0550638BACDD/%C1.R.sw/%C1.N=007DEBFFE709C9E171
三月 16, 2015 9:58:18 上午 org.ccnx.ccn.io.CCNOutputStream flushToNetwork
信息: flush: outputting to the segmenter, baseName /ccnx.org/test/CCNNetworkTestRepo-15-03-16-09.58.16/content_3948460777857713998/=FD0550638BACDD basenameindex =00; 16 bytes written, holding back 16 flushing final blocks? false.
三月 16, 2015 9:58:18 上午 org.ccnx.ccn.io.CCNOutputStream flushToNetwork
信息: HEADER: CCNOutputStream: flushToNetwork: new _baseNameIndex 0
三月 16, 2015 9:58:18 上午 org.ccnx.ccn.io.CCNOutputStream flushToNetwork
信息: flush: outputting to the segmenter, baseName /ccnx.org/test/CCNNetworkTestRepo-15-03-16-09.58.16/content_3948460777857713998/=FD0550638BACDD basenameindex =00; 16 bytes written, holding back 0 flushing final blocks? true.
三月 16, 2015 9:58:18 上午 org.ccnx.ccn.io.CCNOutputStream flushToNetwork
信息: HEADER: CCNOutputStream: flushToNetwork: new _baseNameIndex 1
三月 16, 2015 9:58:18 上午 org.ccnx.ccn.io.CCNOutputStream close
信息: CCNOutputStream close: /ccnx.org/test/CCNNetworkTestRepo-15-03-16-09.58.16/content_3948460777857713998/=FD0550638BACDD
三月 16, 2015 9:58:18 上午 org.ccnx.ccn.io.content.CCNNetworkObject createFlowController
信息: Created LOCALREPOSITORY flow controller, for prefix /ccnx.org/test/CCNNetworkTestRepo-15-03-16-09.58.16/content_3948460777857713998, save type LOCALREPOSITORY
三月 16, 2015 9:58:18 上午 org.ccnx.ccn.impl.CCNFlowControl addNameSpace
信息: Flow controller addNameSpace: added namespace: /ccnx.org/test/CCNNetworkTestRepo-15-03-16-09.58.16/content_3948460777857713998
三月 16, 2015 9:58:18 上午 org.ccnx.ccn.impl.security.keys.BasicKeyManager getKeyLocator
信息: getKeyLocator: returning locator NAME: /ccnx.org/Users/cb/Keys/%C1.M.K%00K=B082A16E5382FBAAA09FBE303E24E042E37E88C290E054292521DECA236523/=FD055059931000 KEY:itggagmsks2vela17tu60v29o22sdv8hgkgs1a2i991rr526p93 for key S7CCoW5TgvuqoJ++MD4k4ELjfojCkOBUKSUh3sojZSM=
三月 16, 2015 9:58:18 上午 org.ccnx.ccn.io.CCNAbstractOutputStream <init>
信息: CCNAbstractOutputStream: /ccnx.org/test/CCNNetworkTestRepo-15-03-16-09.58.16/content_3948460777857713998/=FD0550638BAE73 blocksize is 4096
三月 16, 2015 9:58:18 上午 org.ccnx.ccn.io.CCNAbstractOutputStream startWrite
信息: CCNAbstractOutputStream: startWrite -- searching for keys.
三月 16, 2015 9:58:18 上午 org.ccnx.ccn.profiles.security.access.AccessControlManager keysForOutput
信息: keysForOutput: found an acm: (null)
三月 16, 2015 9:58:18 上午 org.ccnx.ccn.impl.repo.RepositoryFlowControl startWrite
信息: RepositoryFlowControl.startWrite called for name /ccnx.org/test/CCNNetworkTestRepo-15-03-16-09.58.16/content_3948460777857713998/=FD0550638BAE73, shape STREAM
三月 16, 2015 9:58:18 上午 org.ccnx.ccn.impl.repo.RepositoryFlowControl handleContent
信息: handleContent: got potential repo message: /ccnx.org/test/CCNNetworkTestRepo-15-03-16-09.58.16/content_3948460777857713998/=FD0550638BAE73/%C1.R.sw/%C1.N=00C86CF7C40100F348
三月 16, 2015 9:58:18 上午 org.ccnx.ccn.io.CCNOutputStream flushToNetwork
信息: flush: outputting to the segmenter, baseName /ccnx.org/test/CCNNetworkTestRepo-15-03-16-09.58.16/content_3948460777857713998/=FD0550638BAE73 basenameindex =00; 16 bytes written, holding back 16 flushing final blocks? false.
三月 16, 2015 9:58:18 上午 org.ccnx.ccn.io.CCNOutputStream flushToNetwork
信息: HEADER: CCNOutputStream: flushToNetwork: new _baseNameIndex 0
三月 16, 2015 9:58:18 上午 org.ccnx.ccn.io.CCNOutputStream flushToNetwork
信息: flush: outputting to the segmenter, baseName /ccnx.org/test/CCNNetworkTestRepo-15-03-16-09.58.16/content_3948460777857713998/=FD0550638BAE73 basenameindex =00; 16 bytes written, holding back 0 flushing final blocks? true.
三月 16, 2015 9:58:18 上午 org.ccnx.ccn.io.CCNOutputStream flushToNetwork
信息: HEADER: CCNOutputStream: flushToNetwork: new _baseNameIndex 1
三月 16, 2015 9:58:18 上午 org.ccnx.ccn.io.CCNOutputStream close
信息: CCNOutputStream close: /ccnx.org/test/CCNNetworkTestRepo-15-03-16-09.58.16/content_3948460777857713998/=FD0550638BAE73
三月 16, 2015 9:58:18 上午 org.ccnx.ccn.io.content.CCNNetworkObject createFlowController
信息: Created LOCALREPOSITORY flow controller, for prefix /ccnx.org/test/CCNNetworkTestRepo-15-03-16-09.58.16/content_3948460777857713998, save type LOCALREPOSITORY
三月 16, 2015 9:58:19 上午 org.ccnx.ccn.impl.CCNFlowControl addNameSpace
信息: Flow controller addNameSpace: added namespace: /ccnx.org/test/CCNNetworkTestRepo-15-03-16-09.58.16/content_3948460777857713998
三月 16, 2015 9:58:19 上午 org.ccnx.ccn.impl.security.keys.BasicKeyManager getKeyLocator
信息: getKeyLocator: returning locator NAME: /ccnx.org/Users/cb/Keys/%C1.M.K%00K=B082A16E5382FBAAA09FBE303E24E042E37E88C290E054292521DECA236523/=FD055059931000 KEY:itggagmsks2vela17tu60v29o22sdv8hgkgs1a2i991rr526p93 for key S7CCoW5TgvuqoJ++MD4k4ELjfojCkOBUKSUh3sojZSM=
三月 16, 2015 9:58:19 上午 org.ccnx.ccn.io.CCNAbstractOutputStream <init>
信息: CCNAbstractOutputStream: /ccnx.org/test/CCNNetworkTestRepo-15-03-16-09.58.16/content_3948460777857713998/=FD0550638BAFEC blocksize is 4096
三月 16, 2015 9:58:19 上午 org.ccnx.ccn.io.CCNAbstractOutputStream startWrite
信息: CCNAbstractOutputStream: startWrite -- searching for keys.
三月 16, 2015 9:58:19 上午 org.ccnx.ccn.profiles.security.access.AccessControlManager keysForOutput
信息: keysForOutput: found an acm: (null)
三月 16, 2015 9:58:19 上午 org.ccnx.ccn.impl.repo.RepositoryFlowControl startWrite
信息: RepositoryFlowControl.startWrite called for name /ccnx.org/test/CCNNetworkTestRepo-15-03-16-09.58.16/content_3948460777857713998/=FD0550638BAFEC, shape STREAM
三月 16, 2015 9:58:19 上午 org.ccnx.ccn.impl.repo.RepositoryFlowControl handleContent
信息: handleContent: got potential repo message: /ccnx.org/test/CCNNetworkTestRepo-15-03-16-09.58.16/content_3948460777857713998/=FD0550638BAFEC/%C1.R.sw/%C1.N=00E532EDE6CA0A3BFE
三月 16, 2015 9:58:19 上午 org.ccnx.ccn.io.CCNOutputStream flushToNetwork
信息: flush: outputting to the segmenter, baseName /ccnx.org/test/CCNNetworkTestRepo-15-03-16-09.58.16/content_3948460777857713998/=FD0550638BAFEC basenameindex =00; 16 bytes written, holding back 16 flushing final blocks? false.
三月 16, 2015 9:58:19 上午 org.ccnx.ccn.io.CCNOutputStream flushToNetwork
信息: HEADER: CCNOutputStream: flushToNetwork: new _baseNameIndex 0
三月 16, 2015 9:58:19 上午 org.ccnx.ccn.io.CCNOutputStream flushToNetwork
信息: flush: outputting to the segmenter, baseName /ccnx.org/test/CCNNetworkTestRepo-15-03-16-09.58.16/content_3948460777857713998/=FD0550638BAFEC basenameindex =00; 16 bytes written, holding back 0 flushing final blocks? true.
三月 16, 2015 9:58:19 上午 org.ccnx.ccn.io.CCNOutputStream flushToNetwork
信息: HEADER: CCNOutputStream: flushToNetwork: new _baseNameIndex 1
三月 16, 2015 9:58:19 上午 org.ccnx.ccn.io.CCNOutputStream close
信息: CCNOutputStream close: /ccnx.org/test/CCNNetworkTestRepo-15-03-16-09.58.16/content_3948460777857713998/=FD0550638BAFEC
三月 16, 2015 9:58:19 上午 org.ccnx.ccn.io.content.CCNNetworkObject createFlowController
信息: Created LOCALREPOSITORY flow controller, for prefix /ccnx.org/test/CCNNetworkTestRepo-15-03-16-09.58.16/content_3948460777857713998, save type LOCALREPOSITORY
三月 16, 2015 9:58:19 上午 org.ccnx.ccn.impl.CCNFlowControl addNameSpace
信息: Flow controller addNameSpace: added namespace: /ccnx.org/test/CCNNetworkTestRepo-15-03-16-09.58.16/content_3948460777857713998
三月 16, 2015 9:58:19 上午 org.ccnx.ccn.impl.security.keys.BasicKeyManager getKeyLocator
信息: getKeyLocator: returning locator NAME: /ccnx.org/Users/cb/Keys/%C1.M.K%00K=B082A16E5382FBAAA09FBE303E24E042E37E88C290E054292521DECA236523/=FD055059931000 KEY:itggagmsks2vela17tu60v29o22sdv8hgkgs1a2i991rr526p93 for key S7CCoW5TgvuqoJ++MD4k4ELjfojCkOBUKSUh3sojZSM=
三月 16, 2015 9:58:19 上午 org.ccnx.ccn.io.CCNAbstractOutputStream <init>
信息: CCNAbstractOutputStream: /ccnx.org/test/CCNNetworkTestRepo-15-03-16-09.58.16/content_3948460777857713998/=FD0550638BB19A blocksize is 4096
三月 16, 2015 9:58:19 上午 org.ccnx.ccn.io.CCNAbstractOutputStream startWrite
信息: CCNAbstractOutputStream: startWrite -- searching for keys.
三月 16, 2015 9:58:19 上午 org.ccnx.ccn.profiles.security.access.AccessControlManager keysForOutput
信息: keysForOutput: found an acm: (null)
三月 16, 2015 9:58:19 上午 org.ccnx.ccn.impl.repo.RepositoryFlowControl startWrite
信息: RepositoryFlowControl.startWrite called for name /ccnx.org/test/CCNNetworkTestRepo-15-03-16-09.58.16/content_3948460777857713998/=FD0550638BB19A, shape STREAM
三月 16, 2015 9:58:19 上午 org.ccnx.ccn.impl.repo.RepositoryFlowControl handleContent
信息: handleContent: got potential repo message: /ccnx.org/test/CCNNetworkTestRepo-15-03-16-09.58.16/content_3948460777857713998/=FD0550638BB19A/%C1.R.sw/%C1.N=009A39BBEC31A731E0
三月 16, 2015 9:58:19 上午 org.ccnx.ccn.io.CCNOutputStream flushToNetwork
信息: flush: outputting to the segmenter, baseName /ccnx.org/test/CCNNetworkTestRepo-15-03-16-09.58.16/content_3948460777857713998/=FD0550638BB19A basenameindex =00; 16 bytes written, holding back 16 flushing final blocks? false.
三月 16, 2015 9:58:19 上午 org.ccnx.ccn.io.CCNOutputStream flushToNetwork
信息: HEADER: CCNOutputStream: flushToNetwork: new _baseNameIndex 0
三月 16, 2015 9:58:19 上午 org.ccnx.ccn.io.CCNOutputStream flushToNetwork
信息: flush: outputting to the segmenter, baseName /ccnx.org/test/CCNNetworkTestRepo-15-03-16-09.58.16/content_3948460777857713998/=FD0550638BB19A basenameindex =00; 16 bytes written, holding back 0 flushing final blocks? true.
三月 16, 2015 9:58:19 上午 org.ccnx.ccn.io.CCNOutputStream flushToNetwork
信息: HEADER: CCNOutputStream: flushToNetwork: new _baseNameIndex 1
三月 16, 2015 9:58:19 上午 org.ccnx.ccn.io.CCNOutputStream close
信息: CCNOutputStream close: /ccnx.org/test/CCNNetworkTestRepo-15-03-16-09.58.16/content_3948460777857713998/=FD0550638BB19A
三月 16, 2015 9:58:19 上午 org.ccnx.ccn.io.content.CCNNetworkObject createFlowController
信息: Created LOCALREPOSITORY flow controller, for prefix /ccnx.org/test/CCNNetworkTestRepo-15-03-16-09.58.16/content_3948460777857713998, save type LOCALREPOSITORY
三月 16, 2015 9:58:19 上午 org.ccnx.ccn.impl.CCNFlowControl addNameSpace
信息: Flow controller addNameSpace: added namespace: /ccnx.org/test/CCNNetworkTestRepo-15-03-16-09.58.16/content_3948460777857713998
三月 16, 2015 9:58:19 上午 org.ccnx.ccn.impl.security.keys.BasicKeyManager getKeyLocator
信息: getKeyLocator: returning locator NAME: /ccnx.org/Users/cb/Keys/%C1.M.K%00K=B082A16E5382FBAAA09FBE303E24E042E37E88C290E054292521DECA236523/=FD055059931000 KEY:itggagmsks2vela17tu60v29o22sdv8hgkgs1a2i991rr526p93 for key S7CCoW5TgvuqoJ++MD4k4ELjfojCkOBUKSUh3sojZSM=
三月 16, 2015 9:58:19 上午 org.ccnx.ccn.io.CCNAbstractOutputStream <init>
信息: CCNAbstractOutputStream: /ccnx.org/test/CCNNetworkTestRepo-15-03-16-09.58.16/content_3948460777857713998/=FD0550638BB337 blocksize is 4096
三月 16, 2015 9:58:19 上午 org.ccnx.ccn.io.CCNAbstractOutputStream startWrite
信息: CCNAbstractOutputStream: startWrite -- searching for keys.
三月 16, 2015 9:58:19 上午 org.ccnx.ccn.profiles.security.access.AccessControlManager keysForOutput
信息: keysForOutput: found an acm: (null)
三月 16, 2015 9:58:19 上午 org.ccnx.ccn.impl.repo.RepositoryFlowControl startWrite
信息: RepositoryFlowControl.startWrite called for name /ccnx.org/test/CCNNetworkTestRepo-15-03-16-09.58.16/content_3948460777857713998/=FD0550638BB337, shape STREAM
三月 16, 2015 9:58:19 上午 org.ccnx.ccn.impl.repo.RepositoryFlowControl handleContent
信息: handleContent: got potential repo message: /ccnx.org/test/CCNNetworkTestRepo-15-03-16-09.58.16/content_3948460777857713998/=FD0550638BB337/%C1.R.sw/%C1.N=00A8C46D066B2648D6
三月 16, 2015 9:58:19 上午 org.ccnx.ccn.io.CCNOutputStream flushToNetwork
信息: flush: outputting to the segmenter, baseName /ccnx.org/test/CCNNetworkTestRepo-15-03-16-09.58.16/content_3948460777857713998/=FD0550638BB337 basenameindex =00; 16 bytes written, holding back 16 flushing final blocks? false.
三月 16, 2015 9:58:19 上午 org.ccnx.ccn.io.CCNOutputStream flushToNetwork
信息: HEADER: CCNOutputStream: flushToNetwork: new _baseNameIndex 0
三月 16, 2015 9:58:19 上午 org.ccnx.ccn.io.CCNOutputStream flushToNetwork
信息: flush: outputting to the segmenter, baseName /ccnx.org/test/CCNNetworkTestRepo-15-03-16-09.58.16/content_3948460777857713998/=FD0550638BB337 basenameindex =00; 16 bytes written, holding back 0 flushing final blocks? true.
三月 16, 2015 9:58:19 上午 org.ccnx.ccn.io.CCNOutputStream flushToNetwork
信息: HEADER: CCNOutputStream: flushToNetwork: new _baseNameIndex 1
三月 16, 2015 9:58:19 上午 org.ccnx.ccn.io.CCNOutputStream close
信息: CCNOutputStream close: /ccnx.org/test/CCNNetworkTestRepo-15-03-16-09.58.16/content_3948460777857713998/=FD0550638BB337
三月 16, 2015 9:58:19 上午 org.ccnx.ccn.io.content.CCNNetworkObject createFlowController
信息: Created LOCALREPOSITORY flow controller, for prefix /ccnx.org/test/CCNNetworkTestRepo-15-03-16-09.58.16/content_3948460777857713998, save type LOCALREPOSITORY
三月 16, 2015 9:58:19 上午 org.ccnx.ccn.impl.CCNFlowControl addNameSpace
信息: Flow controller addNameSpace: added namespace: /ccnx.org/test/CCNNetworkTestRepo-15-03-16-09.58.16/content_3948460777857713998
三月 16, 2015 9:58:19 上午 org.ccnx.ccn.impl.security.keys.BasicKeyManager getKeyLocator
信息: getKeyLocator: returning locator NAME: /ccnx.org/Users/cb/Keys/%C1.M.K%00K=B082A16E5382FBAAA09FBE303E24E042E37E88C290E054292521DECA236523/=FD055059931000 KEY:itggagmsks2vela17tu60v29o22sdv8hgkgs1a2i991rr526p93 for key S7CCoW5TgvuqoJ++MD4k4ELjfojCkOBUKSUh3sojZSM=
三月 16, 2015 9:58:19 上午 org.ccnx.ccn.io.CCNAbstractOutputStream <init>
信息: CCNAbstractOutputStream: /ccnx.org/test/CCNNetworkTestRepo-15-03-16-09.58.16/content_3948460777857713998/=FD0550638BB4C9 blocksize is 4096
三月 16, 2015 9:58:19 上午 org.ccnx.ccn.io.CCNAbstractOutputStream startWrite
信息: CCNAbstractOutputStream: startWrite -- searching for keys.
三月 16, 2015 9:58:19 上午 org.ccnx.ccn.profiles.security.access.AccessControlManager keysForOutput
信息: keysForOutput: found an acm: (null)
三月 16, 2015 9:58:19 上午 org.ccnx.ccn.impl.repo.RepositoryFlowControl startWrite
信息: RepositoryFlowControl.startWrite called for name /ccnx.org/test/CCNNetworkTestRepo-15-03-16-09.58.16/content_3948460777857713998/=FD0550638BB4C9, shape STREAM
三月 16, 2015 9:58:19 上午 org.ccnx.ccn.impl.repo.RepositoryFlowControl handleContent
信息: handleContent: got potential repo message: /ccnx.org/test/CCNNetworkTestRepo-15-03-16-09.58.16/content_3948460777857713998/=FD0550638BB4C9/%C1.R.sw/%C1.N=00A4CE23EAF7CBACDD
三月 16, 2015 9:58:19 上午 org.ccnx.ccn.io.CCNOutputStream flushToNetwork
信息: flush: outputting to the segmenter, baseName /ccnx.org/test/CCNNetworkTestRepo-15-03-16-09.58.16/content_3948460777857713998/=FD0550638BB4C9 basenameindex =00; 16 bytes written, holding back 16 flushing final blocks? false.
三月 16, 2015 9:58:19 上午 org.ccnx.ccn.io.CCNOutputStream flushToNetwork
信息: HEADER: CCNOutputStream: flushToNetwork: new _baseNameIndex 0
三月 16, 2015 9:58:19 上午 org.ccnx.ccn.io.CCNOutputStream flushToNetwork
信息: flush: outputting to the segmenter, baseName /ccnx.org/test/CCNNetworkTestRepo-15-03-16-09.58.16/content_3948460777857713998/=FD0550638BB4C9 basenameindex =00; 16 bytes written, holding back 0 flushing final blocks? true.
三月 16, 2015 9:58:19 上午 org.ccnx.ccn.io.CCNOutputStream flushToNetwork
信息: HEADER: CCNOutputStream: flushToNetwork: new _baseNameIndex 1
三月 16, 2015 9:58:19 上午 org.ccnx.ccn.io.CCNOutputStream close
信息: CCNOutputStream close: /ccnx.org/test/CCNNetworkTestRepo-15-03-16-09.58.16/content_3948460777857713998/=FD0550638BB4C9
三月 16, 2015 9:58:19 上午 org.ccnx.ccn.io.content.CCNNetworkObject createFlowController
信息: Created LOCALREPOSITORY flow controller, for prefix /ccnx.org/test/CCNNetworkTestRepo-15-03-16-09.58.16/content_3948460777857713998, save type LOCALREPOSITORY
三月 16, 2015 9:58:19 上午 org.ccnx.ccn.impl.CCNFlowControl addNameSpace
信息: Flow controller addNameSpace: added namespace: /ccnx.org/test/CCNNetworkTestRepo-15-03-16-09.58.16/content_3948460777857713998
三月 16, 2015 9:58:19 上午 org.ccnx.ccn.impl.security.keys.BasicKeyManager getKeyLocator
信息: getKeyLocator: returning locator NAME: /ccnx.org/Users/cb/Keys/%C1.M.K%00K=B082A16E5382FBAAA09FBE303E24E042E37E88C290E054292521DECA236523/=FD055059931000 KEY:itggagmsks2vela17tu60v29o22sdv8hgkgs1a2i991rr526p93 for key S7CCoW5TgvuqoJ++MD4k4ELjfojCkOBUKSUh3sojZSM=
三月 16, 2015 9:58:19 上午 org.ccnx.ccn.io.CCNAbstractOutputStream <init>
信息: CCNAbstractOutputStream: /ccnx.org/test/CCNNetworkTestRepo-15-03-16-09.58.16/content_3948460777857713998/=FD0550638BB63D blocksize is 4096
三月 16, 2015 9:58:19 上午 org.ccnx.ccn.io.CCNAbstractOutputStream startWrite
信息: CCNAbstractOutputStream: startWrite -- searching for keys.
三月 16, 2015 9:58:19 上午 org.ccnx.ccn.profiles.security.access.AccessControlManager keysForOutput
信息: keysForOutput: found an acm: (null)
三月 16, 2015 9:58:19 上午 org.ccnx.ccn.impl.repo.RepositoryFlowControl startWrite
信息: RepositoryFlowControl.startWrite called for name /ccnx.org/test/CCNNetworkTestRepo-15-03-16-09.58.16/content_3948460777857713998/=FD0550638BB63D, shape STREAM
三月 16, 2015 9:58:19 上午 org.ccnx.ccn.impl.repo.RepositoryFlowControl handleContent
信息: handleContent: got potential repo message: /ccnx.org/test/CCNNetworkTestRepo-15-03-16-09.58.16/content_3948460777857713998/=FD0550638BB63D/%C1.R.sw/%C1.N=00EC24DD157CBC1D96
三月 16, 2015 9:58:19 上午 org.ccnx.ccn.io.CCNOutputStream flushToNetwork
信息: flush: outputting to the segmenter, baseName /ccnx.org/test/CCNNetworkTestRepo-15-03-16-09.58.16/content_3948460777857713998/=FD0550638BB63D basenameindex =00; 16 bytes written, holding back 16 flushing final blocks? false.
三月 16, 2015 9:58:19 上午 org.ccnx.ccn.io.CCNOutputStream flushToNetwork
信息: HEADER: CCNOutputStream: flushToNetwork: new _baseNameIndex 0
三月 16, 2015 9:58:19 上午 org.ccnx.ccn.io.CCNOutputStream flushToNetwork
信息: flush: outputting to the segmenter, baseName /ccnx.org/test/CCNNetworkTestRepo-15-03-16-09.58.16/content_3948460777857713998/=FD0550638BB63D basenameindex =00; 16 bytes written, holding back 0 flushing final blocks? true.
三月 16, 2015 9:58:19 上午 org.ccnx.ccn.io.CCNOutputStream flushToNetwork
信息: HEADER: CCNOutputStream: flushToNetwork: new _baseNameIndex 1
三月 16, 2015 9:58:19 上午 org.ccnx.ccn.io.CCNOutputStream close
信息: CCNOutputStream close: /ccnx.org/test/CCNNetworkTestRepo-15-03-16-09.58.16/content_3948460777857713998/=FD0550638BB63D
三月 16, 2015 9:58:19 上午 org.ccnx.ccn.io.content.CCNNetworkObject createFlowController
信息: Created LOCALREPOSITORY flow controller, for prefix /ccnx.org/test/CCNNetworkTestRepo-15-03-16-09.58.16/content_3948460777857713998, save type LOCALREPOSITORY
三月 16, 2015 9:58:19 上午 org.ccnx.ccn.impl.CCNFlowControl addNameSpace
信息: Flow controller addNameSpace: added namespace: /ccnx.org/test/CCNNetworkTestRepo-15-03-16-09.58.16/content_3948460777857713998
三月 16, 2015 9:58:19 上午 org.ccnx.ccn.impl.security.keys.BasicKeyManager getKeyLocator
信息: getKeyLocator: returning locator NAME: /ccnx.org/Users/cb/Keys/%C1.M.K%00K=B082A16E5382FBAAA09FBE303E24E042E37E88C290E054292521DECA236523/=FD055059931000 KEY:itggagmsks2vela17tu60v29o22sdv8hgkgs1a2i991rr526p93 for key S7CCoW5TgvuqoJ++MD4k4ELjfojCkOBUKSUh3sojZSM=
三月 16, 2015 9:58:19 上午 org.ccnx.ccn.io.CCNAbstractOutputStream <init>
信息: CCNAbstractOutputStream: /ccnx.org/test/CCNNetworkTestRepo-15-03-16-09.58.16/content_3948460777857713998/=FD0550638BB7EC blocksize is 4096
三月 16, 2015 9:58:19 上午 org.ccnx.ccn.io.CCNAbstractOutputStream startWrite
信息: CCNAbstractOutputStream: startWrite -- searching for keys.
三月 16, 2015 9:58:19 上午 org.ccnx.ccn.profiles.security.access.AccessControlManager keysForOutput
信息: keysForOutput: found an acm: (null)
三月 16, 2015 9:58:19 上午 org.ccnx.ccn.impl.repo.RepositoryFlowControl startWrite
信息: RepositoryFlowControl.startWrite called for name /ccnx.org/test/CCNNetworkTestRepo-15-03-16-09.58.16/content_3948460777857713998/=FD0550638BB7EC, shape STREAM
三月 16, 2015 9:58:19 上午 org.ccnx.ccn.impl.repo.RepositoryFlowControl handleContent
信息: handleContent: got potential repo message: /ccnx.org/test/CCNNetworkTestRepo-15-03-16-09.58.16/content_3948460777857713998/=FD0550638BB7EC/%C1.R.sw/%C1.N%002Sg%93r=601D6F
三月 16, 2015 9:58:19 上午 org.ccnx.ccn.io.CCNOutputStream flushToNetwork
信息: flush: outputting to the segmenter, baseName /ccnx.org/test/CCNNetworkTestRepo-15-03-16-09.58.16/content_3948460777857713998/=FD0550638BB7EC basenameindex =00; 16 bytes written, holding back 16 flushing final blocks? false.
三月 16, 2015 9:58:19 上午 org.ccnx.ccn.io.CCNOutputStream flushToNetwork
信息: HEADER: CCNOutputStream: flushToNetwork: new _baseNameIndex 0
三月 16, 2015 9:58:19 上午 org.ccnx.ccn.io.CCNOutputStream flushToNetwork
信息: flush: outputting to the segmenter, baseName /ccnx.org/test/CCNNetworkTestRepo-15-03-16-09.58.16/content_3948460777857713998/=FD0550638BB7EC basenameindex =00; 16 bytes written, holding back 0 flushing final blocks? true.
三月 16, 2015 9:58:19 上午 org.ccnx.ccn.io.CCNOutputStream flushToNetwork
信息: HEADER: CCNOutputStream: flushToNetwork: new _baseNameIndex 1
三月 16, 2015 9:58:19 上午 org.ccnx.ccn.io.CCNOutputStream close
信息: CCNOutputStream close: /ccnx.org/test/CCNNetworkTestRepo-15-03-16-09.58.16/content_3948460777857713998/=FD0550638BB7EC
三月 16, 2015 9:58:19 上午 org.ccnx.ccn.io.content.CCNNetworkObject createFlowController
信息: Created LOCALREPOSITORY flow controller, for prefix /ccnx.org/test/CCNNetworkTestRepo-15-03-16-09.58.16/content_3948460777857713998, save type LOCALREPOSITORY
三月 16, 2015 9:58:19 上午 org.ccnx.ccn.impl.CCNFlowControl addNameSpace
信息: Flow controller addNameSpace: added namespace: /ccnx.org/test/CCNNetworkTestRepo-15-03-16-09.58.16/content_3948460777857713998
三月 16, 2015 9:58:19 上午 org.ccnx.ccn.impl.security.keys.BasicKeyManager getKeyLocator
信息: getKeyLocator: returning locator NAME: /ccnx.org/Users/cb/Keys/%C1.M.K%00K=B082A16E5382FBAAA09FBE303E24E042E37E88C290E054292521DECA236523/=FD055059931000 KEY:itggagmsks2vela17tu60v29o22sdv8hgkgs1a2i991rr526p93 for key S7CCoW5TgvuqoJ++MD4k4ELjfojCkOBUKSUh3sojZSM=
三月 16, 2015 9:58:19 上午 org.ccnx.ccn.io.CCNAbstractOutputStream <init>
信息: CCNAbstractOutputStream: /ccnx.org/test/CCNNetworkTestRepo-15-03-16-09.58.16/content_3948460777857713998/=FD0550638BB996 blocksize is 4096
三月 16, 2015 9:58:19 上午 org.ccnx.ccn.io.CCNAbstractOutputStream startWrite
信息: CCNAbstractOutputStream: startWrite -- searching for keys.
三月 16, 2015 9:58:19 上午 org.ccnx.ccn.profiles.security.access.AccessControlManager keysForOutput
信息: keysForOutput: found an acm: (null)
三月 16, 2015 9:58:19 上午 org.ccnx.ccn.impl.repo.RepositoryFlowControl startWrite
信息: RepositoryFlowControl.startWrite called for name /ccnx.org/test/CCNNetworkTestRepo-15-03-16-09.58.16/content_3948460777857713998/=FD0550638BB996, shape STREAM
三月 16, 2015 9:58:19 上午 org.ccnx.ccn.impl.repo.RepositoryFlowControl handleContent
信息: handleContent: got potential repo message: /ccnx.org/test/CCNNetworkTestRepo-15-03-16-09.58.16/content_3948460777857713998/=FD0550638BB996/%C1.R.sw/%C1.N%00t=D8E98DDAC40571
三月 16, 2015 9:58:19 上午 org.ccnx.ccn.io.CCNOutputStream flushToNetwork
信息: flush: outputting to the segmenter, baseName /ccnx.org/test/CCNNetworkTestRepo-15-03-16-09.58.16/content_3948460777857713998/=FD0550638BB996 basenameindex =00; 16 bytes written, holding back 16 flushing final blocks? false.
三月 16, 2015 9:58:19 上午 org.ccnx.ccn.io.CCNOutputStream flushToNetwork
信息: HEADER: CCNOutputStream: flushToNetwork: new _baseNameIndex 0
三月 16, 2015 9:58:19 上午 org.ccnx.ccn.io.CCNOutputStream flushToNetwork
信息: flush: outputting to the segmenter, baseName /ccnx.org/test/CCNNetworkTestRepo-15-03-16-09.58.16/content_3948460777857713998/=FD0550638BB996 basenameindex =00; 16 bytes written, holding back 0 flushing final blocks? true.
三月 16, 2015 9:58:19 上午 org.ccnx.ccn.io.CCNOutputStream flushToNetwork
信息: HEADER: CCNOutputStream: flushToNetwork: new _baseNameIndex 1
三月 16, 2015 9:58:19 上午 org.ccnx.ccn.io.CCNOutputStream close
信息: CCNOutputStream close: /ccnx.org/test/CCNNetworkTestRepo-15-03-16-09.58.16/content_3948460777857713998/=FD0550638BB996
三月 16, 2015 9:58:19 上午 org.ccnx.ccn.io.content.CCNNetworkObject createFlowController
信息: Created LOCALREPOSITORY flow controller, for prefix /ccnx.org/test/CCNNetworkTestRepo-15-03-16-09.58.16/content_3948460777857713998, save type LOCALREPOSITORY
三月 16, 2015 9:58:19 上午 org.ccnx.ccn.impl.CCNFlowControl addNameSpace
信息: Flow controller addNameSpace: added namespace: /ccnx.org/test/CCNNetworkTestRepo-15-03-16-09.58.16/content_3948460777857713998
三月 16, 2015 9:58:19 上午 org.ccnx.ccn.impl.security.keys.BasicKeyManager getKeyLocator
信息: getKeyLocator: returning locator NAME: /ccnx.org/Users/cb/Keys/%C1.M.K%00K=B082A16E5382FBAAA09FBE303E24E042E37E88C290E054292521DECA236523/=FD055059931000 KEY:itggagmsks2vela17tu60v29o22sdv8hgkgs1a2i991rr526p93 for key S7CCoW5TgvuqoJ++MD4k4ELjfojCkOBUKSUh3sojZSM=
三月 16, 2015 9:58:19 上午 org.ccnx.ccn.io.CCNAbstractOutputStream <init>
信息: CCNAbstractOutputStream: /ccnx.org/test/CCNNetworkTestRepo-15-03-16-09.58.16/content_3948460777857713998/=FD0550638BBB44 blocksize is 4096
三月 16, 2015 9:58:19 上午 org.ccnx.ccn.io.CCNAbstractOutputStream startWrite
信息: CCNAbstractOutputStream: startWrite -- searching for keys.
三月 16, 2015 9:58:19 上午 org.ccnx.ccn.profiles.security.access.AccessControlManager keysForOutput
信息: keysForOutput: found an acm: (null)
三月 16, 2015 9:58:19 上午 org.ccnx.ccn.impl.repo.RepositoryFlowControl startWrite
信息: RepositoryFlowControl.startWrite called for name /ccnx.org/test/CCNNetworkTestRepo-15-03-16-09.58.16/content_3948460777857713998/=FD0550638BBB44, shape STREAM
三月 16, 2015 9:58:19 上午 org.ccnx.ccn.impl.repo.RepositoryFlowControl handleContent
信息: handleContent: got potential repo message: /ccnx.org/test/CCNNetworkTestRepo-15-03-16-09.58.16/content_3948460777857713998/=FD0550638BBB44/%C1.R.sw/%C1.N=005E6885A45634DE9E
三月 16, 2015 9:58:19 上午 org.ccnx.ccn.io.CCNOutputStream flushToNetwork
信息: flush: outputting to the segmenter, baseName /ccnx.org/test/CCNNetworkTestRepo-15-03-16-09.58.16/content_3948460777857713998/=FD0550638BBB44 basenameindex =00; 16 bytes written, holding back 16 flushing final blocks? false.
三月 16, 2015 9:58:19 上午 org.ccnx.ccn.io.CCNOutputStream flushToNetwork
信息: HEADER: CCNOutputStream: flushToNetwork: new _baseNameIndex 0
三月 16, 2015 9:58:19 上午 org.ccnx.ccn.io.CCNOutputStream flushToNetwork
信息: flush: outputting to the segmenter, baseName /ccnx.org/test/CCNNetworkTestRepo-15-03-16-09.58.16/content_3948460777857713998/=FD0550638BBB44 basenameindex =00; 16 bytes written, holding back 0 flushing final blocks? true.
三月 16, 2015 9:58:19 上午 org.ccnx.ccn.io.CCNOutputStream flushToNetwork
信息: HEADER: CCNOutputStream: flushToNetwork: new _baseNameIndex 1
三月 16, 2015 9:58:19 上午 org.ccnx.ccn.io.CCNOutputStream close
信息: CCNOutputStream close: /ccnx.org/test/CCNNetworkTestRepo-15-03-16-09.58.16/content_3948460777857713998/=FD0550638BBB44
三月 16, 2015 9:58:19 上午 org.ccnx.ccn.io.content.CCNNetworkObject createFlowController
信息: Created LOCALREPOSITORY flow controller, for prefix /ccnx.org/test/CCNNetworkTestRepo-15-03-16-09.58.16/content_3948460777857713998, save type LOCALREPOSITORY
三月 16, 2015 9:58:19 上午 org.ccnx.ccn.impl.CCNFlowControl addNameSpace
信息: Flow controller addNameSpace: added namespace: /ccnx.org/test/CCNNetworkTestRepo-15-03-16-09.58.16/content_3948460777857713998
三月 16, 2015 9:58:19 上午 org.ccnx.ccn.impl.security.keys.BasicKeyManager getKeyLocator
信息: getKeyLocator: returning locator NAME: /ccnx.org/Users/cb/Keys/%C1.M.K%00K=B082A16E5382FBAAA09FBE303E24E042E37E88C290E054292521DECA236523/=FD055059931000 KEY:itggagmsks2vela17tu60v29o22sdv8hgkgs1a2i991rr526p93 for key S7CCoW5TgvuqoJ++MD4k4ELjfojCkOBUKSUh3sojZSM=
三月 16, 2015 9:58:19 上午 org.ccnx.ccn.io.CCNAbstractOutputStream <init>
信息: CCNAbstractOutputStream: /ccnx.org/test/CCNNetworkTestRepo-15-03-16-09.58.16/content_3948460777857713998/=FD0550638BBCDD blocksize is 4096
三月 16, 2015 9:58:19 上午 org.ccnx.ccn.io.CCNAbstractOutputStream startWrite
信息: CCNAbstractOutputStream: startWrite -- searching for keys.
三月 16, 2015 9:58:19 上午 org.ccnx.ccn.profiles.security.access.AccessControlManager keysForOutput
信息: keysForOutput: found an acm: (null)
三月 16, 2015 9:58:19 上午 org.ccnx.ccn.impl.repo.RepositoryFlowControl startWrite
信息: RepositoryFlowControl.startWrite called for name /ccnx.org/test/CCNNetworkTestRepo-15-03-16-09.58.16/content_3948460777857713998/=FD0550638BBCDD, shape STREAM
三月 16, 2015 9:58:19 上午 org.ccnx.ccn.impl.repo.RepositoryFlowControl handleContent
[...]
三月 16, 2015 9:58:26 上午 org.ccnx.ccn.io.CCNOutputStream close
信息: CCNOutputStream close: /ccnx.org/test/CCNNetworkTestRepo-15-03-16-09.58.16/content_3948460777857713998/=FD0550638C2A98
三月 16, 2015 9:58:26 上午 org.ccnx.ccn.io.content.CCNNetworkObject createFlowController
信息: Created LOCALREPOSITORY flow controller, for prefix /ccnx.org/test/CCNNetworkTestRepo-15-03-16-09.58.16/content_3948460777857713998, save type LOCALREPOSITORY
三月 16, 2015 9:58:26 上午 org.ccnx.ccn.impl.CCNFlowControl addNameSpace
信息: Flow controller addNameSpace: added namespace: /ccnx.org/test/CCNNetworkTestRepo-15-03-16-09.58.16/content_3948460777857713998
三月 16, 2015 9:58:26 上午 org.ccnx.ccn.impl.security.keys.BasicKeyManager getKeyLocator
信息: getKeyLocator: returning locator NAME: /ccnx.org/Users/cb/Keys/%C1.M.K%00K=B082A16E5382FBAAA09FBE303E24E042E37E88C290E054292521DECA236523/=FD055059931000 KEY:itggagmsks2vela17tu60v29o22sdv8hgkgs1a2i991rr526p93 for key S7CCoW5TgvuqoJ++MD4k4ELjfojCkOBUKSUh3sojZSM=
三月 16, 2015 9:58:26 上午 org.ccnx.ccn.io.CCNAbstractOutputStream <init>
信息: CCNAbstractOutputStream: /ccnx.org/test/CCNNetworkTestRepo-15-03-16-09.58.16/content_3948460777857713998/=FD0550638C2C1D blocksize is 4096
三月 16, 2015 9:58:26 上午 org.ccnx.ccn.io.CCNAbstractOutputStream startWrite
信息: CCNAbstractOutputStream: startWrite -- searching for keys.
三月 16, 2015 9:58:26 上午 org.ccnx.ccn.profiles.security.access.AccessControlManager keysForOutput
信息: keysForOutput: found an acm: (null)
三月 16, 2015 9:58:26 上午 org.ccnx.ccn.impl.repo.RepositoryFlowControl startWrite
信息: RepositoryFlowControl.startWrite called for name /ccnx.org/test/CCNNetworkTestRepo-15-03-16-09.58.16/content_3948460777857713998/=FD0550638C2C1D, shape STREAM
三月 16, 2015 9:58:26 上午 org.ccnx.ccn.impl.repo.RepositoryFlowControl handleContent
信息: handleContent: got potential repo message: /ccnx.org/test/CCNNetworkTestRepo-15-03-16-09.58.16/content_3948460777857713998/=FD0550638C2C1D/%C1.R.sw/%C1.N=00B20B0D879EF79688
三月 16, 2015 9:58:26 上午 org.ccnx.ccn.io.CCNOutputStream flushToNetwork
信息: flush: outputting to the segmenter, baseName /ccnx.org/test/CCNNetworkTestRepo-15-03-16-09.58.16/content_3948460777857713998/=FD0550638C2C1D basenameindex =00; 16 bytes written, holding back 16 flushing final blocks? false.
三月 16, 2015 9:58:26 上午 org.ccnx.ccn.io.CCNOutputStream flushToNetwork
信息: HEADER: CCNOutputStream: flushToNetwork: new _baseNameIndex 0
三月 16, 2015 9:58:26 上午 org.ccnx.ccn.io.CCNOutputStream flushToNetwork
信息: flush: outputting to the segmenter, baseName /ccnx.org/test/CCNNetworkTestRepo-15-03-16-09.58.16/content_3948460777857713998/=FD0550638C2C1D basenameindex =00; 16 bytes written, holding back 0 flushing final blocks? true.
三月 16, 2015 9:58:26 上午 org.ccnx.ccn.io.CCNOutputStream flushToNetwork
信息: HEADER: CCNOutputStream: flushToNetwork: new _baseNameIndex 1
三月 16, 2015 9:58:26 上午 org.ccnx.ccn.io.CCNOutputStream close
信息: CCNOutputStream close: /ccnx.org/test/CCNNetworkTestRepo-15-03-16-09.58.16/content_3948460777857713998/=FD0550638C2C1D
三月 16, 2015 9:58:26 上午 org.ccnx.ccn.io.content.CCNNetworkObject createFlowController
信息: Created LOCALREPOSITORY flow controller, for prefix /ccnx.org/test/CCNNetworkTestRepo-15-03-16-09.58.16/content_3948460777857713998, save type LOCALREPOSITORY
三月 16, 2015 9:58:26 上午 org.ccnx.ccn.impl.CCNFlowControl addNameSpace
信息: Flow controller addNameSpace: added namespace: /ccnx.org/test/CCNNetworkTestRepo-15-03-16-09.58.16/content_3948460777857713998
三月 16, 2015 9:58:26 上午 org.ccnx.ccn.impl.security.keys.BasicKeyManager getKeyLocator
信息: getKeyLocator: returning locator NAME: /ccnx.org/Users/cb/Keys/%C1.M.K%00K=B082A16E5382FBAAA09FBE303E24E042E37E88C290E054292521DECA236523/=FD055059931000 KEY:itggagmsks2vela17tu60v29o22sdv8hgkgs1a2i991rr526p93 for key S7CCoW5TgvuqoJ++MD4k4ELjfojCkOBUKSUh3sojZSM=
三月 16, 2015 9:58:26 上午 org.ccnx.ccn.io.CCNAbstractOutputStream <init>
信息: CCNAbstractOutputStream: /ccnx.org/test/CCNNetworkTestRepo-15-03-16-09.58.16/content_3948460777857713998/=FD0550638C2DBA blocksize is 4096
三月 16, 2015 9:58:26 上午 org.ccnx.ccn.io.CCNAbstractOutputStream startWrite
信息: CCNAbstractOutputStream: startWrite -- searching for keys.
三月 16, 2015 9:58:26 上午 org.ccnx.ccn.profiles.security.access.AccessControlManager keysForOutput
信息: keysForOutput: found an acm: (null)
三月 16, 2015 9:58:26 上午 org.ccnx.ccn.impl.repo.RepositoryFlowControl startWrite
信息: RepositoryFlowControl.startWrite called for name /ccnx.org/test/CCNNetworkTestRepo-15-03-16-09.58.16/content_3948460777857713998/=FD0550638C2DBA, shape STREAM
三月 16, 2015 9:58:26 上午 org.ccnx.ccn.impl.repo.RepositoryFlowControl handleContent
信息: handleContent: got potential repo message: /ccnx.org/test/CCNNetworkTestRepo-15-03-16-09.58.16/content_3948460777857713998/=FD0550638C2DBA/%C1.R.sw/%C1.N=00A22ADFB063C30BA5
三月 16, 2015 9:58:26 上午 org.ccnx.ccn.io.CCNOutputStream flushToNetwork
信息: flush: outputting to the segmenter, baseName /ccnx.org/test/CCNNetworkTestRepo-15-03-16-09.58.16/content_3948460777857713998/=FD0550638C2DBA basenameindex =00; 16 bytes written, holding back 16 flushing final blocks? false.
三月 16, 2015 9:58:26 上午 org.ccnx.ccn.io.CCNOutputStream flushToNetwork
信息: HEADER: CCNOutputStream: flushToNetwork: new _baseNameIndex 0
三月 16, 2015 9:58:26 上午 org.ccnx.ccn.io.CCNOutputStream flushToNetwork
信息: flush: outputting to the segmenter, baseName /ccnx.org/test/CCNNetworkTestRepo-15-03-16-09.58.16/content_3948460777857713998/=FD0550638C2DBA basenameindex =00; 16 bytes written, holding back 0 flushing final blocks? true.
三月 16, 2015 9:58:26 上午 org.ccnx.ccn.io.CCNOutputStream flushToNetwork
信息: HEADER: CCNOutputStream: flushToNetwork: new _baseNameIndex 1
三月 16, 2015 9:58:26 上午 org.ccnx.ccn.io.CCNOutputStream close
信息: CCNOutputStream close: /ccnx.org/test/CCNNetworkTestRepo-15-03-16-09.58.16/content_3948460777857713998/=FD0550638C2DBA
三月 16, 2015 9:58:26 上午 org.ccnx.ccn.io.content.CCNNetworkObject createFlowController
信息: Created LOCALREPOSITORY flow controller, for prefix /ccnx.org/test/CCNNetworkTestRepo-15-03-16-09.58.16/content_3948460777857713998, save type LOCALREPOSITORY
三月 16, 2015 9:58:26 上午 org.ccnx.ccn.impl.CCNFlowControl addNameSpace
信息: Flow controller addNameSpace: added namespace: /ccnx.org/test/CCNNetworkTestRepo-15-03-16-09.58.16/content_3948460777857713998
三月 16, 2015 9:58:26 上午 org.ccnx.ccn.impl.security.keys.BasicKeyManager getKeyLocator
信息: getKeyLocator: returning locator NAME: /ccnx.org/Users/cb/Keys/%C1.M.K%00K=B082A16E5382FBAAA09FBE303E24E042E37E88C290E054292521DECA236523/=FD055059931000 KEY:itggagmsks2vela17tu60v29o22sdv8hgkgs1a2i991rr526p93 for key S7CCoW5TgvuqoJ++MD4k4ELjfojCkOBUKSUh3sojZSM=
三月 16, 2015 9:58:26 上午 org.ccnx.ccn.io.CCNAbstractOutputStream <init>
信息: CCNAbstractOutputStream: /ccnx.org/test/CCNNetworkTestRepo-15-03-16-09.58.16/content_3948460777857713998/=FD0550638C2F44 blocksize is 4096
三月 16, 2015 9:58:26 上午 org.ccnx.ccn.io.CCNAbstractOutputStream startWrite
信息: CCNAbstractOutputStream: startWrite -- searching for keys.
三月 16, 2015 9:58:26 上午 org.ccnx.ccn.profiles.security.access.AccessControlManager keysForOutput
信息: keysForOutput: found an acm: (null)
三月 16, 2015 9:58:26 上午 org.ccnx.ccn.impl.repo.RepositoryFlowControl startWrite
信息: RepositoryFlowControl.startWrite called for name /ccnx.org/test/CCNNetworkTestRepo-15-03-16-09.58.16/content_3948460777857713998/=FD0550638C2F44, shape STREAM
三月 16, 2015 9:58:27 上午 org.ccnx.ccn.impl.repo.RepositoryFlowControl handleContent
信息: handleContent: got potential repo message: /ccnx.org/test/CCNNetworkTestRepo-15-03-16-09.58.16/content_3948460777857713998/=FD0550638C2F44/%C1.R.sw/%C1.N=00B396AED85C9AC08C
三月 16, 2015 9:58:27 上午 org.ccnx.ccn.io.CCNOutputStream flushToNetwork
信息: flush: outputting to the segmenter, baseName /ccnx.org/test/CCNNetworkTestRepo-15-03-16-09.58.16/content_3948460777857713998/=FD0550638C2F44 basenameindex =00; 16 bytes written, holding back 16 flushing final blocks? false.
三月 16, 2015 9:58:27 上午 org.ccnx.ccn.io.CCNOutputStream flushToNetwork
信息: HEADER: CCNOutputStream: flushToNetwork: new _baseNameIndex 0
三月 16, 2015 9:58:27 上午 org.ccnx.ccn.io.CCNOutputStream flushToNetwork
信息: flush: outputting to the segmenter, baseName /ccnx.org/test/CCNNetworkTestRepo-15-03-16-09.58.16/content_3948460777857713998/=FD0550638C2F44 basenameindex =00; 16 bytes written, holding back 0 flushing final blocks? true.
三月 16, 2015 9:58:27 上午 org.ccnx.ccn.io.CCNOutputStream flushToNetwork
信息: HEADER: CCNOutputStream: flushToNetwork: new _baseNameIndex 1
三月 16, 2015 9:58:27 上午 org.ccnx.ccn.io.CCNOutputStream close
信息: CCNOutputStream close: /ccnx.org/test/CCNNetworkTestRepo-15-03-16-09.58.16/content_3948460777857713998/=FD0550638C2F44
三月 16, 2015 9:58:27 上午 org.ccnx.ccn.io.content.CCNNetworkObject createFlowController
信息: Created LOCALREPOSITORY flow controller, for prefix /ccnx.org/test/CCNNetworkTestRepo-15-03-16-09.58.16/content_3948460777857713998, save type LOCALREPOSITORY
三月 16, 2015 9:58:27 上午 org.ccnx.ccn.impl.CCNFlowControl addNameSpace
信息: Flow controller addNameSpace: added namespace: /ccnx.org/test/CCNNetworkTestRepo-15-03-16-09.58.16/content_3948460777857713998
三月 16, 2015 9:58:27 上午 org.ccnx.ccn.impl.security.keys.BasicKeyManager getKeyLocator
信息: getKeyLocator: returning locator NAME: /ccnx.org/Users/cb/Keys/%C1.M.K%00K=B082A16E5382FBAAA09FBE303E24E042E37E88C290E054292521DECA236523/=FD055059931000 KEY:itggagmsks2vela17tu60v29o22sdv8hgkgs1a2i991rr526p93 for key S7CCoW5TgvuqoJ++MD4k4ELjfojCkOBUKSUh3sojZSM=
三月 16, 2015 9:58:27 上午 org.ccnx.ccn.io.CCNAbstractOutputStream <init>
信息: CCNAbstractOutputStream: /ccnx.org/test/CCNNetworkTestRepo-15-03-16-09.58.16/content_3948460777857713998/=FD0550638C30CD blocksize is 4096
三月 16, 2015 9:58:27 上午 org.ccnx.ccn.io.CCNAbstractOutputStream startWrite
信息: CCNAbstractOutputStream: startWrite -- searching for keys.
三月 16, 2015 9:58:27 上午 org.ccnx.ccn.profiles.security.access.AccessControlManager keysForOutput
信息: keysForOutput: found an acm: (null)
三月 16, 2015 9:58:27 上午 org.ccnx.ccn.impl.repo.RepositoryFlowControl startWrite
信息: RepositoryFlowControl.startWrite called for name /ccnx.org/test/CCNNetworkTestRepo-15-03-16-09.58.16/content_3948460777857713998/=FD0550638C30CD, shape STREAM
三月 16, 2015 9:58:27 上午 org.ccnx.ccn.impl.repo.RepositoryFlowControl handleContent
信息: handleContent: got potential repo message: /ccnx.org/test/CCNNetworkTestRepo-15-03-16-09.58.16/content_3948460777857713998/=FD0550638C30CD/%C1.R.sw/%C1.N%00J%D3O=AFA07298B5
三月 16, 2015 9:58:27 上午 org.ccnx.ccn.io.CCNOutputStream flushToNetwork
信息: flush: outputting to the segmenter, baseName /ccnx.org/test/CCNNetworkTestRepo-15-03-16-09.58.16/content_3948460777857713998/=FD0550638C30CD basenameindex =00; 16 bytes written, holding back 16 flushing final blocks? false.
三月 16, 2015 9:58:27 上午 org.ccnx.ccn.io.CCNOutputStream flushToNetwork
信息: HEADER: CCNOutputStream: flushToNetwork: new _baseNameIndex 0
三月 16, 2015 9:58:27 上午 org.ccnx.ccn.io.CCNOutputStream flushToNetwork
信息: flush: outputting to the segmenter, baseName /ccnx.org/test/CCNNetworkTestRepo-15-03-16-09.58.16/content_3948460777857713998/=FD0550638C30CD basenameindex =00; 16 bytes written, holding back 0 flushing final blocks? true.
三月 16, 2015 9:58:27 上午 org.ccnx.ccn.io.CCNOutputStream flushToNetwork
信息: HEADER: CCNOutputStream: flushToNetwork: new _baseNameIndex 1
三月 16, 2015 9:58:27 上午 org.ccnx.ccn.io.CCNOutputStream close
信息: CCNOutputStream close: /ccnx.org/test/CCNNetworkTestRepo-15-03-16-09.58.16/content_3948460777857713998/=FD0550638C30CD
三月 16, 2015 9:58:27 上午 org.ccnx.ccn.impl.CCNNetworkTestRepo testObjectIOLoop
信息: Completed testObjectIOLoop
三月 16, 2015 9:58:27 上午 org.ccnx.ccn.impl.CCNNetworkTestRepo testBadCallback
信息: Starting testBadCallback
三月 16, 2015 9:58:27 上午 org.ccnx.ccn.impl.CCNNetworkManager run
信息: NetworkManager 2: CCNNetworkManager processing thread started for port: 63000
三月 16, 2015 9:58:28 上午 org.ccnx.ccn.impl.CCNNetworkManager run
信息: NetworkManager 3: CCNNetworkManager processing thread started for port: 63000
三月 16, 2015 9:58:28 上午 org.ccnx.ccn.io.content.CCNNetworkObject createFlowController
信息: Created REPOSITORY flow controller, for prefix /ccnx.org/test/CCNNetworkTestRepo-15-03-16-09.58.16/networkTestRepo/bogus, save type REPOSITORY
三月 16, 2015 9:58:28 上午 org.ccnx.ccn.impl.CCNFlowControl addNameSpace
信息: Flow controller addNameSpace: added namespace: /ccnx.org/test/CCNNetworkTestRepo-15-03-16-09.58.16/networkTestRepo/bogus
三月 16, 2015 9:58:28 上午 org.ccnx.ccn.impl.security.keys.BasicKeyManager getKeyLocator
信息: getKeyLocator: returning locator NAME: /ccnx.org/Users/cb/Keys/%C1.M.K%00K=B082A16E5382FBAAA09FBE303E24E042E37E88C290E054292521DECA236523/=FD055059931000 KEY:itggagmsks2vela17tu60v29o22sdv8hgkgs1a2i991rr526p93 for key S7CCoW5TgvuqoJ++MD4k4ELjfojCkOBUKSUh3sojZSM=
三月 16, 2015 9:58:28 上午 org.ccnx.ccn.io.CCNAbstractOutputStream <init>
信息: CCNAbstractOutputStream: /ccnx.org/test/CCNNetworkTestRepo-15-03-16-09.58.16/networkTestRepo/bogus/=FD0550638C4287 blocksize is 4096
三月 16, 2015 9:58:28 上午 org.ccnx.ccn.io.CCNAbstractOutputStream startWrite
信息: CCNAbstractOutputStream: startWrite -- searching for keys.
三月 16, 2015 9:58:28 上午 org.ccnx.ccn.profiles.security.access.AccessControlManager keysForOutput
信息: keysForOutput: found an acm: (null)
三月 16, 2015 9:58:28 上午 org.ccnx.ccn.impl.repo.RepositoryFlowControl startWrite
信息: RepositoryFlowControl.startWrite called for name /ccnx.org/test/CCNNetworkTestRepo-15-03-16-09.58.16/networkTestRepo/bogus/=FD0550638C4287, shape STREAM
三月 16, 2015 9:58:29 上午 org.ccnx.ccn.impl.support.Log logStackTrace
严重: java.lang.Throwable: Testing handler dump - this is expected
	at java.lang.Object.wait(Native Method)
	at java.lang.Object.wait(Object.java:503)
	at org.ccnx.ccn.impl.support.ConcurrencyUtils$Waiter.wait(ConcurrencyUtils.java:67)
	at org.ccnx.ccn.impl.repo.RepositoryFlowControl.startWrite(RepositoryFlowControl.java:220)
	at org.ccnx.ccn.io.CCNOutputStream.startWrite(CCNOutputStream.java:239)
	at org.ccnx.ccn.io.CCNOutputStream.<init>(CCNOutputStream.java:233)
	at org.ccnx.ccn.io.CCNOutputStream.<init>(CCNOutputStream.java:200)
	at org.ccnx.ccn.io.CCNVersionedOutputStream.<init>(CCNVersionedOutputStream.java:145)
	at org.ccnx.ccn.io.content.CCNNetworkObject.saveInternal(CCNNetworkObject.java:1014)
	at org.ccnx.ccn.io.content.CCNNetworkObject.save(CCNNetworkObject.java:894)
	at org.ccnx.ccn.impl.CCNNetworkTestRepo$BogusFilterListener.handleInterest(CCNNetworkTestRepo.java:132)
	at org.ccnx.ccn.AssertionCCNHandle$AssertionInterestHandler.handleInterest(AssertionCCNHandle.java:216)
	at org.ccnx.ccn.impl.CCNNetworkManager$Filter.deliver(CCNNetworkManager.java:538)
	at org.ccnx.ccn.impl.CCNNetworkManager.deliverInterest(CCNNetworkManager.java:1306)
	at org.ccnx.ccn.impl.CCNNetworkManager.run(CCNNetworkManager.java:1273)
	at java.lang.Thread.run(Thread.java:745)

三月 16, 2015 9:58:40 上午 org.ccnx.ccn.impl.support.Log logStackTrace
严重: java.lang.Throwable: Handler took too long to return - stack trace follows
	at java.lang.Object.wait(Native Method)
	at java.lang.Object.wait(Object.java:503)
	at org.ccnx.ccn.impl.support.ConcurrencyUtils$Waiter.wait(ConcurrencyUtils.java:67)
	at org.ccnx.ccn.impl.repo.RepositoryFlowControl.startWrite(RepositoryFlowControl.java:220)
	at org.ccnx.ccn.io.CCNOutputStream.startWrite(CCNOutputStream.java:239)
	at org.ccnx.ccn.io.CCNOutputStream.<init>(CCNOutputStream.java:233)
	at org.ccnx.ccn.io.CCNOutputStream.<init>(CCNOutputStream.java:200)
	at org.ccnx.ccn.io.CCNVersionedOutputStream.<init>(CCNVersionedOutputStream.java:145)
	at org.ccnx.ccn.io.content.CCNNetworkObject.saveInternal(CCNNetworkObject.java:1014)
	at org.ccnx.ccn.io.content.CCNNetworkObject.save(CCNNetworkObject.java:894)
	at org.ccnx.ccn.impl.CCNNetworkTestRepo$BogusFilterListener.handleInterest(CCNNetworkTestRepo.java:132)
	at org.ccnx.ccn.AssertionCCNHandle$AssertionInterestHandler.handleInterest(AssertionCCNHandle.java:216)
	at org.ccnx.ccn.impl.CCNNetworkManager$Filter.deliver(CCNNetworkManager.java:538)
	at org.ccnx.ccn.impl.CCNNetworkManager.deliverInterest(CCNNetworkManager.java:1306)
	at org.ccnx.ccn.impl.CCNNetworkManager.run(CCNNetworkManager.java:1273)
	at java.lang.Thread.run(Thread.java:745)

三月 16, 2015 9:58:40 上午 org.ccnx.ccn.impl.repo.RepositoryFlowControl startWrite
警告: class java.lang.InterruptedException : null
三月 16, 2015 9:58:40 上午 org.ccnx.ccn.impl.repo.RepositoryFlowControl startWrite
警告: No response from a repository, cannot add name space : /ccnx.org/test/CCNNetworkTestRepo-15-03-16-09.58.16/networkTestRepo/bogus/=FD0550638C4287
三月 16, 2015 9:58:40 上午 org.ccnx.ccn.impl.repo.RepositoryFlowControl handleContent
信息: handleContent: got potential repo message: /ccnx.org/test/CCNNetworkTestRepo-15-03-16-09.58.16/networkTestRepo/bogus/=FD0550638C4287/%C1.R.sw/%C1.N%00frc%2B2%FEuK
三月 16, 2015 9:58:40 上午 org.ccnx.ccn.io.content.CCNNetworkObject createFlowController
信息: Created REPOSITORY flow controller, for prefix /ccnx.org/test/CCNNetworkTestRepo-15-03-16-09.58.16/networkTestRepo/bogus, save type REPOSITORY
三月 16, 2015 9:58:40 上午 org.ccnx.ccn.impl.CCNFlowControl addNameSpace
信息: Flow controller addNameSpace: added namespace: /ccnx.org/test/CCNNetworkTestRepo-15-03-16-09.58.16/networkTestRepo/bogus
三月 16, 2015 9:58:40 上午 org.ccnx.ccn.impl.security.keys.BasicKeyManager getKeyLocator
信息: getKeyLocator: returning locator NAME: /ccnx.org/Users/cb/Keys/%C1.M.K%00K=B082A16E5382FBAAA09FBE303E24E042E37E88C290E054292521DECA236523/=FD055059931000 KEY:itggagmsks2vela17tu60v29o22sdv8hgkgs1a2i991rr526p93 for key S7CCoW5TgvuqoJ++MD4k4ELjfojCkOBUKSUh3sojZSM=
三月 16, 2015 9:58:40 上午 org.ccnx.ccn.io.CCNAbstractOutputStream <init>
信息: CCNAbstractOutputStream: /ccnx.org/test/CCNNetworkTestRepo-15-03-16-09.58.16/networkTestRepo/bogus/=FD0550638D02B0 blocksize is 4096
三月 16, 2015 9:58:40 上午 org.ccnx.ccn.io.CCNAbstractOutputStream startWrite
信息: CCNAbstractOutputStream: startWrite -- searching for keys.
三月 16, 2015 9:58:40 上午 org.ccnx.ccn.profiles.security.access.AccessControlManager keysForOutput
信息: keysForOutput: found an acm: (null)
三月 16, 2015 9:58:40 上午 org.ccnx.ccn.impl.repo.RepositoryFlowControl startWrite
信息: RepositoryFlowControl.startWrite called for name /ccnx.org/test/CCNNetworkTestRepo-15-03-16-09.58.16/networkTestRepo/bogus/=FD0550638D02B0, shape STREAM
三月 16, 2015 9:58:41 上午 org.ccnx.ccn.impl.CCNNetworkTestRepo testBadCallback
信息: Completed testBadCallback
三月 16, 2015 9:58:41 上午 org.ccnx.ccn.impl.CCNNetworkManager shutdown
信息: NetworkManager 2: Shutdown requested
三月 16, 2015 9:58:41 上午 org.ccnx.ccn.impl.CCNNetworkChannel close
信息: NetworkChannel 2: close(false)
三月 16, 2015 9:58:41 上午 org.ccnx.ccn.impl.repo.RepositoryFlowControl startWrite
警告: class java.lang.InterruptedException : null
三月 16, 2015 9:58:41 上午 org.ccnx.ccn.impl.repo.RepositoryFlowControl startWrite
警告: No response from a repository, cannot add name space : /ccnx.org/test/CCNNetworkTestRepo-15-03-16-09.58.16/networkTestRepo/bogus/=FD0550638D02B0
三月 16, 2015 9:58:41 上午 org.ccnx.ccn.impl.CCNNetworkManager run
信息: NetworkManager 2: Shutdown complete for port: 63000
三月 16, 2015 9:58:41 上午 org.ccnx.ccn.impl.CCNNetworkManager shutdown
信息: NetworkManager 3: Shutdown requested
三月 16, 2015 9:58:41 上午 org.ccnx.ccn.impl.CCNNetworkChannel close
信息: NetworkChannel 3: close(false)
三月 16, 2015 9:58:41 上午 org.ccnx.ccn.impl.CCNNetworkManager run
信息: NetworkManager 3: Shutdown complete for port: 63000
三月 16, 2015 9:58:41 上午 org.ccnx.ccn.impl.CCNNetworkManager shutdown
信息: NetworkManager 1: Shutdown requested
三月 16, 2015 9:58:41 上午 org.ccnx.ccn.impl.CCNNetworkChannel close
信息: NetworkChannel 1: close(false)
三月 16, 2015 9:58:41 上午 org.ccnx.ccn.impl.CCNNetworkManager run
信息: NetworkManager 1: Shutdown complete for port: 63000
三月 16, 2015 9:58:41 上午 org.ccnx.ccn.impl.security.keys.BasicKeyManager saveSecureKeyCache
信息: Not saving key manager secure key cache data in response to user configuration variable.
]]></system-err>
</testsuite>
