<?xml version="1.0" encoding="UTF-8" ?>
<testsuite errors="0" failures="0" hostname="cb-ThinkPad-X240" name="org.ccnx.ccn.profiles.sync.SyncTestRepo" skipped="0" tests="9" time="90.238" timestamp="2015-03-16T01:59:21">
  <properties>
[...]
</properties>
  <testcase classname="org.ccnx.ccn.profiles.sync.SyncTestRepo" name="testSyncStartWithoutHandle" time="0.389" />
  <testcase classname="org.ccnx.ccn.profiles.sync.SyncTestRepo" name="testSyncClose" time="18.221" />
  <testcase classname="org.ccnx.ccn.profiles.sync.SyncTestRepo" name="testCallbackRegistration" time="5.076" />
  <testcase classname="org.ccnx.ccn.profiles.sync.SyncTestRepo" name="testSyncRestart" time="17.988" />
  <testcase classname="org.ccnx.ccn.profiles.sync.SyncTestRepo" name="testSyncRoot" time="13.878" />
  <testcase classname="org.ccnx.ccn.profiles.sync.SyncTestRepo" name="testSyncStartName" time="5.085" />
  <testcase classname="org.ccnx.ccn.profiles.sync.SyncTestRepo" name="testMultiSync" time="7.143" />
  <testcase classname="org.ccnx.ccn.profiles.sync.SyncTestRepo" name="testSyncRecovery" time="16.964" />
  <testcase classname="org.ccnx.ccn.profiles.sync.SyncTestRepo" name="testSyncStartWithHandle" time="0.414" />
  <system-out><![CDATA[Writing log records to /home/cb/work/ccnx-0.8.2/javasrc/testout/log/ccn_15-03-16-095921-5111.log
]]></system-out>
  <system-err><![CDATA[三月 16, 2015 9:59:21 上午 org.ccnx.ccn.CCNTestHelper <init>
信息: Initializing test org.ccnx.ccn.profiles.sync.SyncTestRepo, data can be found under /ccnx.org/test/SyncTestRepo-15-03-16-09.59.21.
三月 16, 2015 9:59:22 上午 org.ccnx.ccn.impl.security.keys.BasicKeyManager loadKeyStore
信息: Loading CCN key store from /home/cb/.ccnx/.ccnx_keystore...last modified 1426430257000(ms).
三月 16, 2015 9:59:22 上午 org.ccnx.ccn.impl.security.keys.BasicKeyManager readKeyStore
信息: Loading CCN key store...
三月 16, 2015 9:59:22 上午 org.ccnx.ccn.impl.security.keys.BasicKeyManager loadKeyStore
信息: Loaded CCN key store from /home/cb/.ccnx/.ccnx_keystore...version 2015-03-15 22:37:37.0 ms: 1426430257000
三月 16, 2015 9:59:22 上午 org.ccnx.ccn.impl.security.keys.BasicKeyManager loadValuesFromKeystore
信息: Loading key store file:/home/cb/.ccnx/.ccnx_keystore version 2015-03-15 22:37:37.0 version component =FD055059931000 millis 1426430257000
三月 16, 2015 9:59:22 上午 org.ccnx.ccn.impl.security.keys.BasicKeyManager loadValuesFromKeystore
信息: Default key ID for user cb: S7CCoW5TgvuqoJ++MD4k4ELjfojCkOBUKSUh3sojZSM=
三月 16, 2015 9:59:22 上午 org.ccnx.ccn.impl.security.keys.SecureKeyCache loadKeyStore
信息: KeyCache: loading signing key S7CCoW5TgvuqoJ++MD4k4ELjfojCkOBUKSUh3sojZSM=, remembering public key in public key cache.
三月 16, 2015 9:59:22 上午 org.ccnx.ccn.impl.security.keys.SecureKeyCache addMySigningKey
信息: SecureKeyCache: adding my private key 4bb082a16e5382fbaaa09fbe303e24e042e37e88c290e054292521deca236523
三月 16, 2015 9:59:22 上午 org.ccnx.ccn.impl.security.keys.BasicKeyManager loadValuesFromConfiguration
信息: Not loading key manager configuration data in response to user configuration variable.
三月 16, 2015 9:59:22 上午 org.ccnx.ccn.impl.CCNNetworkManager <init>
警告: NetworkManager 1: Non-standard CCN agent port 63000 per property ccn.agent.port
三月 16, 2015 9:59:22 上午 org.ccnx.ccn.impl.CCNNetworkManager <init>
信息: NetworkManager 1: Contacting CCN agent at localhost:63000
三月 16, 2015 9:59:22 上午 org.ccnx.ccn.impl.CCNNetworkChannel <init>
信息: NetworkChannel 1: Starting up CCNNetworkChannel using TCP.
三月 16, 2015 9:59:22 上午 org.ccnx.ccn.impl.CCNNetworkChannel open
信息: NetworkChannel 1: open()
三月 16, 2015 9:59:22 上午 org.ccnx.ccn.impl.CCNNetworkChannel open
信息: NetworkChannel 1: Contacting CCN agent at localhost:63000 on local port 49894
三月 16, 2015 9:59:22 上午 org.ccnx.ccn.CCNHandle <init>
信息: CCNHandle 1: Handle is now open
三月 16, 2015 9:59:22 上午 org.ccnx.ccn.impl.CCNNetworkManager run
信息: NetworkManager 1: CCNNetworkManager processing thread started for port: 63000
三月 16, 2015 9:59:22 上午 org.ccnx.ccn.impl.security.keys.PublicKeyCache getPublicKeyObject
信息: Retrieved key iJPI7Cmegb1Hcmae9Dh1J+cJOpYkf1b+DGlC3el8x9w= using locator NAME: /%C1.M.S.localhost/%C1.M.SRV/ccnd/KEY/%C1.M.K=008893C8EC299E81BD4772669EF4387527E7093A96247F56FE0C6942DDE97CC7DC/=FD055063717EB3.
三月 16, 2015 9:59:22 上午 org.ccnx.ccn.impl.security.keys.PublicKeyCache getPublicKeyObject
信息: Retrieved key iJPI7Cmegb1Hcmae9Dh1J+cJOpYkf1b+DGlC3el8x9w= using locator NAME: /%C1.M.S.localhost/%C1.M.SRV/ccnd/KEY/%C1.M.K=008893C8EC299E81BD4772669EF4387527E7093A96247F56FE0C6942DDE97CC7DC/=FD055063717EB3 - got /%C1.M.S.localhost/%C1.M.SRV/ccnd/KEY/%C1.M.K=008893C8EC299E81BD4772669EF4387527E7093A96247F56FE0C6942DDE97CC7DC/=FD055063717EB3/=00
三月 16, 2015 9:59:22 上午 org.ccnx.ccn.io.CCNAbstractInputStream <init>
信息: CCNAbstractInputStream: /%C1.M.S.localhost/%C1.M.SRV/ccnd/KEY/%C1.M.K=008893C8EC299E81BD4772669EF4387527E7093A96247F56FE0C6942DDE97CC7DC/=FD055063717EB3 segment 0
三月 16, 2015 9:59:22 上午 org.ccnx.ccn.impl.security.keys.PublicKeyCache getPublicKeyObject
信息: Retrieved public key using name: /%C1.M.S.localhost/%C1.M.SRV/ccnd/KEY/%C1.M.K=008893C8EC299E81BD4772669EF4387527E7093A96247F56FE0C6942DDE97CC7DC/=FD055063717EB3
三月 16, 2015 9:59:22 上午 org.ccnx.ccn.impl.security.keys.PublicKeyCache getPublicKey
信息: Retrieved key iJPI7Cmegb1Hcmae9Dh1J+cJOpYkf1b+DGlC3el8x9w= from network with locator NAME: /%C1.M.S.localhost/%C1.M.SRV/ccnd/KEY/%C1.M.K=008893C8EC299E81BD4772669EF4387527E7093A96247F56FE0C6942DDE97CC7DC/=FD055063717EB3!
三月 16, 2015 9:59:22 上午 org.ccnx.ccn.config.PlatformConfiguration <clinit>
信息: BC provider: BC
三月 16, 2015 9:59:22 上午 org.ccnx.ccn.config.PlatformConfiguration <clinit>
信息: Provider info: BouncyCastle Security Provider v1.43 version: 1.43
三月 16, 2015 9:59:22 上午 org.ccnx.ccn.config.PlatformConfiguration <clinit>
信息: java.vm.name = Java HotSpot(TM) 64-Bit Server VM
三月 16, 2015 9:59:22 上午 org.ccnx.ccn.impl.CCNFlowControl addNameSpace
信息: Flow controller addNameSpace: added namespace: /ccnx.org/Users/cb/Keys/%C1.M.K%00K=B082A16E5382FBAAA09FBE303E24E042E37E88C290E054292521DECA236523/=FD055059931000
三月 16, 2015 9:59:22 上午 org.ccnx.ccn.impl.security.keys.BasicKeyManager getKeyLocator
信息: getKeyLocator: returning locator KEY: S7CCoW5TgvuqoJ++MD4k4ELjfojCkOBUKSUh3sojZSM= for key S7CCoW5TgvuqoJ++MD4k4ELjfojCkOBUKSUh3sojZSM=
三月 16, 2015 9:59:22 上午 org.ccnx.ccn.KeyManager publishKey
信息: publishKey: key not previously published, making new key object /ccnx.org/Users/cb/Keys/%C1.M.K%00K=B082A16E5382FBAAA09FBE303E24E042E37E88C290E054292521DECA236523 with version 2015-03-15 22:37:37.0 displayed as =FD055059931000
三月 16, 2015 9:59:22 上午 org.ccnx.ccn.io.CCNAbstractOutputStream <init>
信息: CCNAbstractOutputStream: /ccnx.org/Users/cb/Keys/%C1.M.K%00K=B082A16E5382FBAAA09FBE303E24E042E37E88C290E054292521DECA236523/=FD055059931000 blocksize is 4096
三月 16, 2015 9:59:22 上午 org.ccnx.ccn.io.CCNAbstractOutputStream startWrite
信息: CCNAbstractOutputStream: startWrite -- searching for keys.
三月 16, 2015 9:59:22 上午 org.ccnx.ccn.profiles.security.access.AccessControlManager keysForOutput
信息: keysForOutput: found an acm: (null)
三月 16, 2015 9:59:22 上午 org.ccnx.ccn.io.CCNOutputStream flushToNetwork
信息: flush: outputting to the segmenter, baseName /ccnx.org/Users/cb/Keys/%C1.M.K%00K=B082A16E5382FBAAA09FBE303E24E042E37E88C290E054292521DECA236523/=FD055059931000 basenameindex =00; 162 bytes written, holding back 162 flushing final blocks? false.
三月 16, 2015 9:59:22 上午 org.ccnx.ccn.io.CCNOutputStream flushToNetwork
信息: HEADER: CCNOutputStream: flushToNetwork: new _baseNameIndex 0
三月 16, 2015 9:59:22 上午 org.ccnx.ccn.io.CCNOutputStream flushToNetwork
信息: flush: outputting to the segmenter, baseName /ccnx.org/Users/cb/Keys/%C1.M.K%00K=B082A16E5382FBAAA09FBE303E24E042E37E88C290E054292521DECA236523/=FD055059931000 basenameindex =00; 162 bytes written, holding back 0 flushing final blocks? true.
三月 16, 2015 9:59:22 上午 org.ccnx.ccn.io.CCNOutputStream flushToNetwork
信息: HEADER: CCNOutputStream: flushToNetwork: new _baseNameIndex 1
三月 16, 2015 9:59:22 上午 org.ccnx.ccn.io.CCNOutputStream close
信息: CCNOutputStream close: /ccnx.org/Users/cb/Keys/%C1.M.K%00K=B082A16E5382FBAAA09FBE303E24E042E37E88C290E054292521DECA236523/=FD055059931000
三月 16, 2015 9:59:22 上午 org.ccnx.ccn.KeyManager publishKey
信息: Published key Sun RSA public key, 1024 bits
  modulus: 117279129325874211277607356849787251715570373721560580642141461638097818254948829770352070726044644268881781743762722938404103804101201617552769856641473514762103364862280112139804873614111497411688991215437978547538300080789649372572822228902620566756781843183599945687014465640524444441393207286473746734631
  public exponent: 65537 to name /ccnx.org/Users/cb/Keys/%C1.M.K%00K=B082A16E5382FBAAA09FBE303E24E042E37E88C290E054292521DECA236523/=FD055059931000 with key locator NAME: /ccnx.org/Users/cb/Keys/%C1.M.K%00K=B082A16E5382FBAAA09FBE303E24E042E37E88C290E054292521DECA236523/=FD055059931000 KEY:itggagmsks2vela17tu60v29o22sdv8hgkgs1a2i991rr526p93; ephemeral digest u%847=FC1E7E5718B412C13E5D0EB76C75EB3B3225BC0B24A5A124BC0EC0A526.
三月 16, 2015 9:59:22 上午 org.ccnx.ccn.impl.security.keys.BasicKeyManager publishKey
信息: publishKey: published key S7CCoW5TgvuqoJ++MD4k4ELjfojCkOBUKSUh3sojZSM=
 under specified key name /ccnx.org/Users/cb/Keys/%C1.M.K%00K=B082A16E5382FBAAA09FBE303E24E042E37E88C290E054292521DECA236523/=FD055059931000
 key locator: NAME: /ccnx.org/Users/cb/Keys/%C1.M.K%00K=B082A16E5382FBAAA09FBE303E24E042E37E88C290E054292521DECA236523/=FD055059931000 KEY:itggagmsks2vela17tu60v29o22sdv8hgkgs1a2i991rr526p93
三月 16, 2015 9:59:22 上午 org.ccnx.ccn.impl.security.keys.BasicKeyManager publishKey
信息: publishKey: storing key locator S7CCoW5TgvuqoJ++MD4k4ELjfojCkOBUKSUh3sojZSM= for key NAME: /ccnx.org/Users/cb/Keys/%C1.M.K%00K=B082A16E5382FBAAA09FBE303E24E042E37E88C290E054292521DECA236523/=FD055059931000 KEY:itggagmsks2vela17tu60v29o22sdv8hgkgs1a2i991rr526p93
三月 16, 2015 9:59:22 上午 org.ccnx.ccn.impl.CCNNetworkManager <init>
警告: NetworkManager 2: Non-standard CCN agent port 63000 per property ccn.agent.port
三月 16, 2015 9:59:22 上午 org.ccnx.ccn.impl.CCNNetworkManager <init>
信息: NetworkManager 2: Contacting CCN agent at localhost:63000
三月 16, 2015 9:59:22 上午 org.ccnx.ccn.impl.CCNNetworkChannel <init>
信息: NetworkChannel 2: Starting up CCNNetworkChannel using TCP.
三月 16, 2015 9:59:22 上午 org.ccnx.ccn.impl.CCNNetworkChannel open
信息: NetworkChannel 2: open()
三月 16, 2015 9:59:22 上午 org.ccnx.ccn.impl.CCNNetworkChannel open
信息: NetworkChannel 2: Contacting CCN agent at localhost:63000 on local port 49895
三月 16, 2015 9:59:22 上午 org.ccnx.ccn.CCNHandle <init>
信息: CCNHandle 2: Handle is now open
三月 16, 2015 9:59:22 上午 org.ccnx.ccn.impl.CCNNetworkManager <init>
警告: NetworkManager 3: Non-standard CCN agent port 63000 per property ccn.agent.port
三月 16, 2015 9:59:22 上午 org.ccnx.ccn.impl.CCNNetworkManager <init>
信息: NetworkManager 3: Contacting CCN agent at localhost:63000
三月 16, 2015 9:59:22 上午 org.ccnx.ccn.impl.CCNNetworkChannel <init>
信息: NetworkChannel 3: Starting up CCNNetworkChannel using TCP.
三月 16, 2015 9:59:22 上午 org.ccnx.ccn.impl.CCNNetworkChannel open
信息: NetworkChannel 3: open()
三月 16, 2015 9:59:22 上午 org.ccnx.ccn.impl.CCNNetworkChannel open
信息: NetworkChannel 3: Contacting CCN agent at localhost:63000 on local port 49896
三月 16, 2015 9:59:22 上午 org.ccnx.ccn.CCNHandle <init>
信息: CCNHandle 3: Handle is now open
三月 16, 2015 9:59:22 上午 org.ccnx.ccn.profiles.sync.SyncTestRepo testSyncStartWithoutHandle
信息: Starting testSyncStartWithoutHandle
三月 16, 2015 9:59:22 上午 org.ccnx.ccn.io.content.CCNNetworkObject createFlowController
信息: Created LOCALREPOSITORY flow controller, for prefix /%C1.M.S.localhost/%C1.S.cs/k%93O=B72921DE47C0F2D94DB537A365327BA0CB9D1174B78536D110F1C120BB, save type LOCALREPOSITORY
三月 16, 2015 9:59:22 上午 org.ccnx.ccn.impl.CCNNetworkManager run
信息: NetworkManager 3: CCNNetworkManager processing thread started for port: 63000
三月 16, 2015 9:59:22 上午 org.ccnx.ccn.profiles.VersioningProfile getLatestVersion
信息: getFirstBlockOfLatestVersion: no block available for later version of /%C1.M.S.localhost/%C1.S.cs/k%93O=B72921DE47C0F2D94DB537A365327BA0CB9D1174B78536D110F1C120BB
三月 16, 2015 9:59:22 上午 org.ccnx.ccn.impl.CCNFlowControl addNameSpace
信息: Flow controller addNameSpace: added namespace: /%C1.M.S.localhost/%C1.S.cs/k%93O=B72921DE47C0F2D94DB537A365327BA0CB9D1174B78536D110F1C120BB
三月 16, 2015 9:59:22 上午 org.ccnx.ccn.impl.security.keys.BasicKeyManager getKeyLocator
信息: getKeyLocator: returning locator NAME: /ccnx.org/Users/cb/Keys/%C1.M.K%00K=B082A16E5382FBAAA09FBE303E24E042E37E88C290E054292521DECA236523/=FD055059931000 KEY:itggagmsks2vela17tu60v29o22sdv8hgkgs1a2i991rr526p93 for key S7CCoW5TgvuqoJ++MD4k4ELjfojCkOBUKSUh3sojZSM=
三月 16, 2015 9:59:22 上午 org.ccnx.ccn.io.CCNAbstractOutputStream <init>
信息: CCNAbstractOutputStream: /%C1.M.S.localhost/%C1.S.cs/k%93O=B72921DE47C0F2D94DB537A365327BA0CB9D1174B78536D110F1C120BB/=FD0550638FAB27 blocksize is 4096
三月 16, 2015 9:59:22 上午 org.ccnx.ccn.io.CCNAbstractOutputStream startWrite
信息: CCNAbstractOutputStream: startWrite -- searching for keys.
三月 16, 2015 9:59:22 上午 org.ccnx.ccn.profiles.security.access.AccessControlManager keysForOutput
信息: keysForOutput: found an acm: (null)
三月 16, 2015 9:59:22 上午 org.ccnx.ccn.impl.repo.RepositoryFlowControl startWrite
信息: RepositoryFlowControl.startWrite called for name /%C1.M.S.localhost/%C1.S.cs/k%93O=B72921DE47C0F2D94DB537A365327BA0CB9D1174B78536D110F1C120BB/=FD0550638FAB27, shape STREAM
三月 16, 2015 9:59:22 上午 org.ccnx.ccn.impl.repo.RepositoryFlowControl handleContent
信息: handleContent: got potential repo message: /%C1.M.S.localhost/%C1.S.cs/k%93O=B72921DE47C0F2D94DB537A365327BA0CB9D1174B78536D110F1C120BB/=FD0550638FAB27/%C1.R.sw/%C1.N%00d=D4182217FEECAE
三月 16, 2015 9:59:22 上午 org.ccnx.ccn.io.CCNOutputStream flushToNetwork
信息: flush: outputting to the segmenter, baseName /%C1.M.S.localhost/%C1.S.cs/k%93O=B72921DE47C0F2D94DB537A365327BA0CB9D1174B78536D110F1C120BB/=FD0550638FAB27 basenameindex =00; 162 bytes written, holding back 162 flushing final blocks? false.
三月 16, 2015 9:59:22 上午 org.ccnx.ccn.io.CCNOutputStream flushToNetwork
信息: HEADER: CCNOutputStream: flushToNetwork: new _baseNameIndex 0
三月 16, 2015 9:59:22 上午 org.ccnx.ccn.io.CCNOutputStream flushToNetwork
信息: flush: outputting to the segmenter, baseName /%C1.M.S.localhost/%C1.S.cs/k%93O=B72921DE47C0F2D94DB537A365327BA0CB9D1174B78536D110F1C120BB/=FD0550638FAB27 basenameindex =00; 162 bytes written, holding back 0 flushing final blocks? true.
三月 16, 2015 9:59:22 上午 org.ccnx.ccn.io.CCNOutputStream flushToNetwork
信息: HEADER: CCNOutputStream: flushToNetwork: new _baseNameIndex 1
三月 16, 2015 9:59:22 上午 org.ccnx.ccn.io.CCNOutputStream close
信息: CCNOutputStream close: /%C1.M.S.localhost/%C1.S.cs/k%93O=B72921DE47C0F2D94DB537A365327BA0CB9D1174B78536D110F1C120BB/=FD0550638FAB27
三月 16, 2015 9:59:22 上午 org.ccnx.ccn.impl.sync.SliceComparator <init>
信息: Beginning sync monitoring from start
三月 16, 2015 9:59:22 上午 org.ccnx.ccn.CCNSync startSync
信息: Started sync with topo: /ccnx.org/test/SyncTestRepo-15-03-16-09.59.21/topoPrefix and prefix: /ccnx.org/test/SyncTestRepo-15-03-16-09.59.21/ccnSyncTest/slice2
三月 16, 2015 9:59:22 上午 org.ccnx.ccn.impl.sync.ProtocolBasedSyncMonitor shutdown
信息: Shutting down sync on slice: /ccnx.org/test/SyncTestRepo-15-03-16-09.59.21/ccnSyncTest/slice2
三月 16, 2015 9:59:22 上午 org.ccnx.ccn.profiles.sync.SyncTestRepo testSyncStartWithoutHandle
信息: Finished running testSyncStartWithoutHandle
三月 16, 2015 9:59:22 上午 org.ccnx.ccn.profiles.sync.SyncTestRepo testSyncClose
信息: Starting testSyncClose
三月 16, 2015 9:59:22 上午 org.ccnx.ccn.io.content.CCNNetworkObject createFlowController
信息: Created LOCALREPOSITORY flow controller, for prefix /%C1.M.S.localhost/%C1.S.cs/%A9G=AC9ED2F3BC5E6CFBF4C4D39CAE41DC9CB440D6B752EFFF09142A04FD71C4, save type LOCALREPOSITORY
三月 16, 2015 9:59:23 上午 org.ccnx.ccn.profiles.VersioningProfile getLatestVersion
信息: getFirstBlockOfLatestVersion: no block available for later version of /%C1.M.S.localhost/%C1.S.cs/%A9G=AC9ED2F3BC5E6CFBF4C4D39CAE41DC9CB440D6B752EFFF09142A04FD71C4
三月 16, 2015 9:59:23 上午 org.ccnx.ccn.impl.CCNFlowControl addNameSpace
信息: Flow controller addNameSpace: added namespace: /%C1.M.S.localhost/%C1.S.cs/%A9G=AC9ED2F3BC5E6CFBF4C4D39CAE41DC9CB440D6B752EFFF09142A04FD71C4
三月 16, 2015 9:59:23 上午 org.ccnx.ccn.impl.security.keys.BasicKeyManager getKeyLocator
信息: getKeyLocator: returning locator NAME: /ccnx.org/Users/cb/Keys/%C1.M.K%00K=B082A16E5382FBAAA09FBE303E24E042E37E88C290E054292521DECA236523/=FD055059931000 KEY:itggagmsks2vela17tu60v29o22sdv8hgkgs1a2i991rr526p93 for key S7CCoW5TgvuqoJ++MD4k4ELjfojCkOBUKSUh3sojZSM=
三月 16, 2015 9:59:23 上午 org.ccnx.ccn.io.CCNAbstractOutputStream <init>
信息: CCNAbstractOutputStream: /%C1.M.S.localhost/%C1.S.cs/%A9G=AC9ED2F3BC5E6CFBF4C4D39CAE41DC9CB440D6B752EFFF09142A04FD71C4/=FD0550638FB13F blocksize is 4096
三月 16, 2015 9:59:23 上午 org.ccnx.ccn.io.CCNAbstractOutputStream startWrite
信息: CCNAbstractOutputStream: startWrite -- searching for keys.
三月 16, 2015 9:59:23 上午 org.ccnx.ccn.profiles.security.access.AccessControlManager keysForOutput
信息: keysForOutput: found an acm: (null)
三月 16, 2015 9:59:23 上午 org.ccnx.ccn.impl.repo.RepositoryFlowControl startWrite
信息: RepositoryFlowControl.startWrite called for name /%C1.M.S.localhost/%C1.S.cs/%A9G=AC9ED2F3BC5E6CFBF4C4D39CAE41DC9CB440D6B752EFFF09142A04FD71C4/=FD0550638FB13F, shape STREAM
三月 16, 2015 9:59:23 上午 org.ccnx.ccn.impl.repo.RepositoryFlowControl handleContent
信息: handleContent: got potential repo message: /%C1.M.S.localhost/%C1.S.cs/%A9G=AC9ED2F3BC5E6CFBF4C4D39CAE41DC9CB440D6B752EFFF09142A04FD71C4/=FD0550638FB13F/%C1.R.sw/%C1.N=00AA1956230823785E
三月 16, 2015 9:59:23 上午 org.ccnx.ccn.io.CCNOutputStream flushToNetwork
信息: flush: outputting to the segmenter, baseName /%C1.M.S.localhost/%C1.S.cs/%A9G=AC9ED2F3BC5E6CFBF4C4D39CAE41DC9CB440D6B752EFFF09142A04FD71C4/=FD0550638FB13F basenameindex =00; 162 bytes written, holding back 162 flushing final blocks? false.
三月 16, 2015 9:59:23 上午 org.ccnx.ccn.io.CCNOutputStream flushToNetwork
信息: HEADER: CCNOutputStream: flushToNetwork: new _baseNameIndex 0
三月 16, 2015 9:59:23 上午 org.ccnx.ccn.io.CCNOutputStream flushToNetwork
信息: flush: outputting to the segmenter, baseName /%C1.M.S.localhost/%C1.S.cs/%A9G=AC9ED2F3BC5E6CFBF4C4D39CAE41DC9CB440D6B752EFFF09142A04FD71C4/=FD0550638FB13F basenameindex =00; 162 bytes written, holding back 0 flushing final blocks? true.
三月 16, 2015 9:59:23 上午 org.ccnx.ccn.io.CCNOutputStream flushToNetwork
信息: HEADER: CCNOutputStream: flushToNetwork: new _baseNameIndex 1
三月 16, 2015 9:59:23 上午 org.ccnx.ccn.io.CCNOutputStream close
信息: CCNOutputStream close: /%C1.M.S.localhost/%C1.S.cs/%A9G=AC9ED2F3BC5E6CFBF4C4D39CAE41DC9CB440D6B752EFFF09142A04FD71C4/=FD0550638FB13F
三月 16, 2015 9:59:23 上午 org.ccnx.ccn.impl.sync.SliceComparator <init>
信息: Beginning sync monitoring from start
三月 16, 2015 9:59:23 上午 org.ccnx.ccn.CCNSync startSync
信息: Started sync with topo: /ccnx.org/test/SyncTestRepo-15-03-16-09.59.21/topoPrefix and prefix: /ccnx.org/test/SyncTestRepo-15-03-16-09.59.21/ccnSyncTest/slice3
三月 16, 2015 9:59:23 上午 org.ccnx.ccn.impl.CCNFlowControl <init>
信息: adding namespace: /ccnx.org/test/SyncTestRepo-15-03-16-09.59.21/ccnSyncTest/slice3/randomFile
三月 16, 2015 9:59:23 上午 org.ccnx.ccn.impl.CCNNetworkManager run
信息: NetworkManager 2: CCNNetworkManager processing thread started for port: 63000
三月 16, 2015 9:59:23 上午 org.ccnx.ccn.impl.security.keys.BasicKeyManager getKeyLocator
信息: getKeyLocator: returning locator NAME: /ccnx.org/Users/cb/Keys/%C1.M.K%00K=B082A16E5382FBAAA09FBE303E24E042E37E88C290E054292521DECA236523/=FD055059931000 KEY:itggagmsks2vela17tu60v29o22sdv8hgkgs1a2i991rr526p93 for key S7CCoW5TgvuqoJ++MD4k4ELjfojCkOBUKSUh3sojZSM=
三月 16, 2015 9:59:23 上午 org.ccnx.ccn.io.CCNAbstractOutputStream <init>
信息: CCNAbstractOutputStream: /ccnx.org/test/SyncTestRepo-15-03-16-09.59.21/ccnSyncTest/slice3/randomFile/=FD0550638FB350 blocksize is 4096
三月 16, 2015 9:59:23 上午 org.ccnx.ccn.io.CCNAbstractOutputStream startWrite
信息: CCNAbstractOutputStream: startWrite -- searching for keys.
三月 16, 2015 9:59:23 上午 org.ccnx.ccn.profiles.security.access.AccessControlManager keysForOutput
信息: keysForOutput: found an acm: (null)
三月 16, 2015 9:59:23 上午 org.ccnx.ccn.impl.repo.RepositoryFlowControl startWrite
信息: RepositoryFlowControl.startWrite called for name /ccnx.org/test/SyncTestRepo-15-03-16-09.59.21/ccnSyncTest/slice3/randomFile/=FD0550638FB350, shape STREAM
三月 16, 2015 9:59:23 上午 org.ccnx.ccn.impl.repo.RepositoryFlowControl handleContent
信息: handleContent: got potential repo message: /ccnx.org/test/SyncTestRepo-15-03-16-09.59.21/ccnSyncTest/slice3/randomFile/=FD0550638FB350/%C1.R.sw/%C1.N=00C6E0432E0EC7F7B7
三月 16, 2015 9:59:23 上午 org.ccnx.ccn.io.CCNOutputStream flushToNetwork
信息: flush: outputting to the segmenter, baseName /ccnx.org/test/SyncTestRepo-15-03-16-09.59.21/ccnSyncTest/slice3/randomFile/=FD0550638FB350 basenameindex =0063; 4096 bytes written, holding back 4096 flushing final blocks? false.
三月 16, 2015 9:59:23 上午 org.ccnx.ccn.impl.CCNSegmenter outputCurrentBlocks
信息: flush: putting merkle tree to the network, name starts with /ccnx.org/test/SyncTestRepo-15-03-16-09.59.21/ccnSyncTest/slice3/randomFile/=FD0550638FB350/=00; 99 blocks
三月 16, 2015 9:59:23 上午 org.ccnx.ccn.impl.security.crypto.CCNMerkleTreeSigner signBlocks
信息: Signed tree of 99 leaves, 197 nodes.
三月 16, 2015 9:59:23 上午 org.ccnx.ccn.io.CCNOutputStream flushToNetwork
信息: HEADER: CCNOutputStream: flushToNetwork: new _baseNameIndex 99
三月 16, 2015 9:59:23 上午 org.ccnx.ccn.io.CCNOutputStream flushToNetwork
信息: flush: outputting to the segmenter, baseName /ccnx.org/test/SyncTestRepo-15-03-16-09.59.21/ccnSyncTest/slice3/randomFile/=FD0550638FB350 basenameindex =0063; 4096 bytes written, holding back 4096 flushing final blocks? false.
三月 16, 2015 9:59:23 上午 org.ccnx.ccn.io.CCNOutputStream flushToNetwork
信息: HEADER: CCNOutputStream: flushToNetwork: new _baseNameIndex 99
三月 16, 2015 9:59:23 上午 org.ccnx.ccn.io.CCNOutputStream flushToNetwork
信息: flush: outputting to the segmenter, baseName /ccnx.org/test/SyncTestRepo-15-03-16-09.59.21/ccnSyncTest/slice3/randomFile/=FD0550638FB350 basenameindex =0063; 4096 bytes written, holding back 0 flushing final blocks? true.
三月 16, 2015 9:59:23 上午 org.ccnx.ccn.io.CCNOutputStream flushToNetwork
信息: HEADER: CCNOutputStream: flushToNetwork: new _baseNameIndex 100
三月 16, 2015 9:59:23 上午 org.ccnx.ccn.io.CCNAbstractOutputStream <init>
信息: CCNAbstractOutputStream: /ccnx.org/test/SyncTestRepo-15-03-16-09.59.21/ccnSyncTest/slice3/randomFile/=FD0550638FB350/%C1.META.M/.header/=FD0550638FB4A8 blocksize is 4096
三月 16, 2015 9:59:23 上午 org.ccnx.ccn.io.CCNAbstractOutputStream startWrite
信息: CCNAbstractOutputStream: startWrite -- searching for keys.
三月 16, 2015 9:59:23 上午 org.ccnx.ccn.profiles.security.access.AccessControlManager keysForOutput
信息: keysForOutput: found an acm: (null)
三月 16, 2015 9:59:23 上午 org.ccnx.ccn.impl.repo.RepositoryFlowControl startWrite
信息: RepositoryFlowControl.startWrite called for name /ccnx.org/test/SyncTestRepo-15-03-16-09.59.21/ccnSyncTest/slice3/randomFile/=FD0550638FB350/%C1.META.M/.header/=FD0550638FB4A8, shape STREAM
三月 16, 2015 9:59:23 上午 org.ccnx.ccn.impl.repo.RepositoryFlowControl handleContent
信息: handleContent: got potential repo message: /ccnx.org/test/SyncTestRepo-15-03-16-09.59.21/ccnSyncTest/slice3/randomFile/=FD0550638FB350/%C1.META.M/.header/=FD0550638FB4A8/%C1.R.sw/%C1.N=00A61DBED58877D942
三月 16, 2015 9:59:23 上午 org.ccnx.ccn.io.CCNOutputStream flushToNetwork
信息: flush: outputting to the segmenter, baseName /ccnx.org/test/SyncTestRepo-15-03-16-09.59.21/ccnSyncTest/slice3/randomFile/=FD0550638FB350/%C1.META.M/.header/=FD0550638FB4A8 basenameindex =00; 70 bytes written, holding back 70 flushing final blocks? false.
三月 16, 2015 9:59:23 上午 org.ccnx.ccn.io.CCNOutputStream flushToNetwork
信息: HEADER: CCNOutputStream: flushToNetwork: new _baseNameIndex 0
三月 16, 2015 9:59:23 上午 org.ccnx.ccn.io.CCNOutputStream flushToNetwork
信息: flush: outputting to the segmenter, baseName /ccnx.org/test/SyncTestRepo-15-03-16-09.59.21/ccnSyncTest/slice3/randomFile/=FD0550638FB350/%C1.META.M/.header/=FD0550638FB4A8 basenameindex =00; 70 bytes written, holding back 70 flushing final blocks? false.
三月 16, 2015 9:59:23 上午 org.ccnx.ccn.io.CCNOutputStream flushToNetwork
信息: HEADER: CCNOutputStream: flushToNetwork: new _baseNameIndex 0
三月 16, 2015 9:59:23 上午 org.ccnx.ccn.io.CCNOutputStream flushToNetwork
信息: flush: outputting to the segmenter, baseName /ccnx.org/test/SyncTestRepo-15-03-16-09.59.21/ccnSyncTest/slice3/randomFile/=FD0550638FB350/%C1.META.M/.header/=FD0550638FB4A8 basenameindex =00; 70 bytes written, holding back 0 flushing final blocks? true.
三月 16, 2015 9:59:23 上午 org.ccnx.ccn.io.CCNOutputStream flushToNetwork
信息: HEADER: CCNOutputStream: flushToNetwork: new _baseNameIndex 1
三月 16, 2015 9:59:23 上午 org.ccnx.ccn.io.CCNOutputStream close
信息: CCNOutputStream close: /ccnx.org/test/SyncTestRepo-15-03-16-09.59.21/ccnSyncTest/slice3/randomFile/=FD0550638FB350/%C1.META.M/.header/=FD0550638FB4A8
三月 16, 2015 9:59:23 上午 org.ccnx.ccn.io.CCNOutputStream close
信息: CCNOutputStream close: /ccnx.org/test/SyncTestRepo-15-03-16-09.59.21/ccnSyncTest/slice3/randomFile/=FD0550638FB350
三月 16, 2015 9:59:23 上午 org.ccnx.ccn.profiles.sync.SyncTestCommon writeFile
信息: Wrote file to repository: /ccnx.org/test/SyncTestRepo-15-03-16-09.59.21/ccnSyncTest/slice3/randomFile/=FD0550638FB350 with 101 segments
三月 16, 2015 9:59:27 上午 org.ccnx.ccn.impl.sync.ProtocolBasedSyncMonitor handleContent
信息: Saw new content from sync: /ccnx.org/test/SyncTestRepo-15-03-16-09.59.21/topoPrefix/%C1.S.ra/%A9G=AC9ED2F3BC5E6CFBF4C4D39CAE41DC9CB440D6B752EFFF09142A04FD71C4/.../13a%13kj=1191D4D176AC06E920A2B8030E6BD100369929D2F5DAB94F4333CB
三月 16, 2015 9:59:27 上午 org.ccnx.ccn.impl.encoding.BinaryXMLDecoder setElement
信息: Reset decode array sizes to 150
三月 16, 2015 9:59:27 上午 org.ccnx.ccn.impl.sync.SliceComparator run
信息: Starting new round with X = null and Y = 13a%13kj=1191D4D176AC06E920A2B8030E6BD100369929D2F5DAB94F4333CB
三月 16, 2015 9:59:27 上午 org.ccnx.ccn.profiles.sync.SyncTestRepo doHandleContentName
信息: Number 1: Callback for name: /ccnx.org/test/SyncTestRepo-15-03-16-09.59.21/ccnSyncTest/slice3/randomFile/=FD0550638FB350/=00 - number is 0
三月 16, 2015 9:59:27 上午 org.ccnx.ccn.profiles.sync.SyncTestRepo doHandleContentName
信息: Number 1: Callback for name: /ccnx.org/test/SyncTestRepo-15-03-16-09.59.21/ccnSyncTest/slice3/randomFile/=FD0550638FB350/=0001 - number is 1
三月 16, 2015 9:59:27 上午 org.ccnx.ccn.profiles.sync.SyncTestRepo doHandleContentName
信息: Number 1: Callback for name: /ccnx.org/test/SyncTestRepo-15-03-16-09.59.21/ccnSyncTest/slice3/randomFile/=FD0550638FB350/=0002 - number is 2
三月 16, 2015 9:59:27 上午 org.ccnx.ccn.profiles.sync.SyncTestRepo doHandleContentName
信息: Number 1: Callback for name: /ccnx.org/test/SyncTestRepo-15-03-16-09.59.21/ccnSyncTest/slice3/randomFile/=FD0550638FB350/=0003 - number is 3
三月 16, 2015 9:59:27 上午 org.ccnx.ccn.profiles.sync.SyncTestRepo doHandleContentName
信息: Number 1: Callback for name: /ccnx.org/test/SyncTestRepo-15-03-16-09.59.21/ccnSyncTest/slice3/randomFile/=FD0550638FB350/=0004 - number is 4
三月 16, 2015 9:59:27 上午 org.ccnx.ccn.profiles.sync.SyncTestRepo doHandleContentName
信息: Number 1: Callback for name: /ccnx.org/test/SyncTestRepo-15-03-16-09.59.21/ccnSyncTest/slice3/randomFile/=FD0550638FB350/=0005 - number is 5
三月 16, 2015 9:59:27 上午 org.ccnx.ccn.profiles.sync.SyncTestRepo doHandleContentName
信息: Number 1: Callback for name: /ccnx.org/test/SyncTestRepo-15-03-16-09.59.21/ccnSyncTest/slice3/randomFile/=FD0550638FB350/=0006 - number is 6
三月 16, 2015 9:59:27 上午 org.ccnx.ccn.profiles.sync.SyncTestRepo doHandleContentName
信息: Number 1: Callback for name: /ccnx.org/test/SyncTestRepo-15-03-16-09.59.21/ccnSyncTest/slice3/randomFile/=FD0550638FB350/=0007 - number is 7
三月 16, 2015 9:59:27 上午 org.ccnx.ccn.profiles.sync.SyncTestRepo doHandleContentName
信息: Number 1: Callback for name: /ccnx.org/test/SyncTestRepo-15-03-16-09.59.21/ccnSyncTest/slice3/randomFile/=FD0550638FB350/=0008 - number is 8
三月 16, 2015 9:59:27 上午 org.ccnx.ccn.profiles.sync.SyncTestRepo doHandleContentName
信息: Number 1: Callback for name: /ccnx.org/test/SyncTestRepo-15-03-16-09.59.21/ccnSyncTest/slice3/randomFile/=FD0550638FB350/=0009 - number is 9
三月 16, 2015 9:59:27 上午 org.ccnx.ccn.profiles.sync.SyncTestRepo doHandleContentName
信息: Number 1: Callback for name: /ccnx.org/test/SyncTestRepo-15-03-16-09.59.21/ccnSyncTest/slice3/randomFile/=FD0550638FB350/=000A - number is 10
三月 16, 2015 9:59:27 上午 org.ccnx.ccn.profiles.sync.SyncTestRepo doHandleContentName
信息: Number 1: Callback for name: /ccnx.org/test/SyncTestRepo-15-03-16-09.59.21/ccnSyncTest/slice3/randomFile/=FD0550638FB350/=000B - number is 11
三月 16, 2015 9:59:27 上午 org.ccnx.ccn.profiles.sync.SyncTestRepo doHandleContentName
信息: Number 1: Callback for name: /ccnx.org/test/SyncTestRepo-15-03-16-09.59.21/ccnSyncTest/slice3/randomFile/=FD0550638FB350/=000C - number is 12
三月 16, 2015 9:59:27 上午 org.ccnx.ccn.profiles.sync.SyncTestRepo doHandleContentName
信息: Number 1: Callback for name: /ccnx.org/test/SyncTestRepo-15-03-16-09.59.21/ccnSyncTest/slice3/randomFile/=FD0550638FB350/=000D - number is 13
三月 16, 2015 9:59:27 上午 org.ccnx.ccn.profiles.sync.SyncTestRepo doHandleContentName
信息: Number 1: Callback for name: /ccnx.org/test/SyncTestRepo-15-03-16-09.59.21/ccnSyncTest/slice3/randomFile/=FD0550638FB350/=000E - number is 14
三月 16, 2015 9:59:27 上午 org.ccnx.ccn.profiles.sync.SyncTestRepo doHandleContentName
信息: Number 1: Callback for name: /ccnx.org/test/SyncTestRepo-15-03-16-09.59.21/ccnSyncTest/slice3/randomFile/=FD0550638FB350/=000F - number is 15
三月 16, 2015 9:59:27 上午 org.ccnx.ccn.profiles.sync.SyncTestRepo doHandleContentName
信息: Number 1: Callback for name: /ccnx.org/test/SyncTestRepo-15-03-16-09.59.21/ccnSyncTest/slice3/randomFile/=FD0550638FB350/=0010 - number is 16
三月 16, 2015 9:59:27 上午 org.ccnx.ccn.profiles.sync.SyncTestRepo doHandleContentName
信息: Number 1: Callback for name: /ccnx.org/test/SyncTestRepo-15-03-16-09.59.21/ccnSyncTest/slice3/randomFile/=FD0550638FB350/=0011 - number is 17
三月 16, 2015 9:59:27 上午 org.ccnx.ccn.profiles.sync.SyncTestRepo doHandleContentName
信息: Number 1: Callback for name: /ccnx.org/test/SyncTestRepo-15-03-16-09.59.21/ccnSyncTest/slice3/randomFile/=FD0550638FB350/=0012 - number is 18
三月 16, 2015 9:59:27 上午 org.ccnx.ccn.profiles.sync.SyncTestRepo doHandleContentName
信息: Number 1: Callback for name: /ccnx.org/test/SyncTestRepo-15-03-16-09.59.21/ccnSyncTest/slice3/randomFile/=FD0550638FB350/=0013 - number is 19
三月 16, 2015 9:59:27 上午 org.ccnx.ccn.profiles.sync.SyncTestRepo doHandleContentName
信息: Number 1: Callback for name: /ccnx.org/test/SyncTestRepo-15-03-16-09.59.21/ccnSyncTest/slice3/randomFile/=FD0550638FB350/=0014 - number is 20
三月 16, 2015 9:59:27 上午 org.ccnx.ccn.profiles.sync.SyncTestRepo doHandleContentName
信息: Number 1: Callback for name: /ccnx.org/test/SyncTestRepo-15-03-16-09.59.21/ccnSyncTest/slice3/randomFile/=FD0550638FB350/=0015 - number is 21
三月 16, 2015 9:59:27 上午 org.ccnx.ccn.profiles.sync.SyncTestRepo doHandleContentName
信息: Number 1: Callback for name: /ccnx.org/test/SyncTestRepo-15-03-16-09.59.21/ccnSyncTest/slice3/randomFile/=FD0550638FB350/=0016 - number is 22
三月 16, 2015 9:59:27 上午 org.ccnx.ccn.profiles.sync.SyncTestRepo doHandleContentName
信息: Number 1: Callback for name: /ccnx.org/test/SyncTestRepo-15-03-16-09.59.21/ccnSyncTest/slice3/randomFile/=FD0550638FB350/=0017 - number is 23
三月 16, 2015 9:59:27 上午 org.ccnx.ccn.profiles.sync.SyncTestRepo doHandleContentName
信息: Number 1: Callback for name: /ccnx.org/test/SyncTestRepo-15-03-16-09.59.21/ccnSyncTest/slice3/randomFile/=FD0550638FB350/=0018 - number is 24
三月 16, 2015 9:59:27 上午 org.ccnx.ccn.profiles.sync.SyncTestRepo doHandleContentName
信息: Number 1: Callback for name: /ccnx.org/test/SyncTestRepo-15-03-16-09.59.21/ccnSyncTest/slice3/randomFile/=FD0550638FB350/=0019 - number is 25
三月 16, 2015 9:59:27 上午 org.ccnx.ccn.profiles.sync.SyncTestRepo doHandleContentName
信息: Number 1: Callback for name: /ccnx.org/test/SyncTestRepo-15-03-16-09.59.21/ccnSyncTest/slice3/randomFile/=FD0550638FB350/=001A - number is 26
三月 16, 2015 9:59:27 上午 org.ccnx.ccn.profiles.sync.SyncTestRepo doHandleContentName
信息: Number 1: Callback for name: /ccnx.org/test/SyncTestRepo-15-03-16-09.59.21/ccnSyncTest/slice3/randomFile/=FD0550638FB350/=001B - number is 27
三月 16, 2015 9:59:27 上午 org.ccnx.ccn.profiles.sync.SyncTestRepo doHandleContentName
信息: Number 1: Callback for name: /ccnx.org/test/SyncTestRepo-15-03-16-09.59.21/ccnSyncTest/slice3/randomFile/=FD0550638FB350/=001C - number is 28
三月 16, 2015 9:59:27 上午 org.ccnx.ccn.profiles.sync.SyncTestRepo doHandleContentName
信息: Number 1: Callback for name: /ccnx.org/test/SyncTestRepo-15-03-16-09.59.21/ccnSyncTest/slice3/randomFile/=FD0550638FB350/=001D - number is 29
三月 16, 2015 9:59:27 上午 org.ccnx.ccn.profiles.sync.SyncTestRepo doHandleContentName
信息: Number 1: Callback for name: /ccnx.org/test/SyncTestRepo-15-03-16-09.59.21/ccnSyncTest/slice3/randomFile/=FD0550638FB350/=001E - number is 30
三月 16, 2015 9:59:27 上午 org.ccnx.ccn.profiles.sync.SyncTestRepo doHandleContentName
信息: Number 1: Callback for name: /ccnx.org/test/SyncTestRepo-15-03-16-09.59.21/ccnSyncTest/slice3/randomFile/=FD0550638FB350/=001F - number is 31
三月 16, 2015 9:59:27 上午 org.ccnx.ccn.profiles.sync.SyncTestRepo doHandleContentName
信息: Number 1: Callback for name: /ccnx.org/test/SyncTestRepo-15-03-16-09.59.21/ccnSyncTest/slice3/randomFile/=FD0550638FB350/=0020 - number is 32
三月 16, 2015 9:59:27 上午 org.ccnx.ccn.profiles.sync.SyncTestRepo doHandleContentName
信息: Number 1: Callback for name: /ccnx.org/test/SyncTestRepo-15-03-16-09.59.21/ccnSyncTest/slice3/randomFile/=FD0550638FB350/=0021 - number is 33
三月 16, 2015 9:59:27 上午 org.ccnx.ccn.profiles.sync.SyncTestRepo doHandleContentName
信息: Number 1: Callback for name: /ccnx.org/test/SyncTestRepo-15-03-16-09.59.21/ccnSyncTest/slice3/randomFile/=FD0550638FB350/=0022 - number is 34
三月 16, 2015 9:59:27 上午 org.ccnx.ccn.profiles.sync.SyncTestRepo doHandleContentName
信息: Number 1: Callback for name: /ccnx.org/test/SyncTestRepo-15-03-16-09.59.21/ccnSyncTest/slice3/randomFile/=FD0550638FB350/=0023 - number is 35
三月 16, 2015 9:59:27 上午 org.ccnx.ccn.profiles.sync.SyncTestRepo doHandleContentName
信息: Number 1: Callback for name: /ccnx.org/test/SyncTestRepo-15-03-16-09.59.21/ccnSyncTest/slice3/randomFile/=FD0550638FB350/=0024 - number is 36
三月 16, 2015 9:59:27 上午 org.ccnx.ccn.profiles.sync.SyncTestRepo doHandleContentName
信息: Number 1: Callback for name: /ccnx.org/test/SyncTestRepo-15-03-16-09.59.21/ccnSyncTest/slice3/randomFile/=FD0550638FB350/=0025 - number is 37
三月 16, 2015 9:59:27 上午 org.ccnx.ccn.profiles.sync.SyncTestRepo doHandleContentName
信息: Number 1: Callback for name: /ccnx.org/test/SyncTestRepo-15-03-16-09.59.21/ccnSyncTest/slice3/randomFile/=FD0550638FB350/=0026 - number is 38
三月 16, 2015 9:59:27 上午 org.ccnx.ccn.profiles.sync.SyncTestRepo doHandleContentName
信息: Number 1: Callback for name: /ccnx.org/test/SyncTestRepo-15-03-16-09.59.21/ccnSyncTest/slice3/randomFile/=FD0550638FB350/=0027 - number is 39
三月 16, 2015 9:59:27 上午 org.ccnx.ccn.profiles.sync.SyncTestRepo doHandleContentName
信息: Number 1: Callback for name: /ccnx.org/test/SyncTestRepo-15-03-16-09.59.21/ccnSyncTest/slice3/randomFile/=FD0550638FB350/=0028 - number is 40
三月 16, 2015 9:59:27 上午 org.ccnx.ccn.profiles.sync.SyncTestRepo doHandleContentName
信息: Number 1: Callback for name: /ccnx.org/test/SyncTestRepo-15-03-16-09.59.21/ccnSyncTest/slice3/randomFile/=FD0550638FB350/=0029 - number is 41
三月 16, 2015 9:59:27 上午 org.ccnx.ccn.profiles.sync.SyncTestRepo doHandleContentName
信息: Number 1: Callback for name: /ccnx.org/test/SyncTestRepo-15-03-16-09.59.21/ccnSyncTest/slice3/randomFile/=FD0550638FB350/=002A - number is 42
三月 16, 2015 9:59:27 上午 org.ccnx.ccn.profiles.sync.SyncTestRepo doHandleContentName
信息: Number 1: Callback for name: /ccnx.org/test/SyncTestRepo-15-03-16-09.59.21/ccnSyncTest/slice3/randomFile/=FD0550638FB350/=002B - number is 43
三月 16, 2015 9:59:27 上午 org.ccnx.ccn.profiles.sync.SyncTestRepo doHandleContentName
信息: Number 1: Callback for name: /ccnx.org/test/SyncTestRepo-15-03-16-09.59.21/ccnSyncTest/slice3/randomFile/=FD0550638FB350/=002C - number is 44
三月 16, 2015 9:59:27 上午 org.ccnx.ccn.profiles.sync.SyncTestRepo doHandleContentName
信息: Number 1: Callback for name: /ccnx.org/test/SyncTestRepo-15-03-16-09.59.21/ccnSyncTest/slice3/randomFile/=FD0550638FB350/=002D - number is 45
三月 16, 2015 9:59:27 上午 org.ccnx.ccn.profiles.sync.SyncTestRepo doHandleContentName
信息: Number 1: Callback for name: /ccnx.org/test/SyncTestRepo-15-03-16-09.59.21/ccnSyncTest/slice3/randomFile/=FD0550638FB350/=002E - number is 46
三月 16, 2015 9:59:27 上午 org.ccnx.ccn.profiles.sync.SyncTestRepo doHandleContentName
信息: Number 1: Callback for name: /ccnx.org/test/SyncTestRepo-15-03-16-09.59.21/ccnSyncTest/slice3/randomFile/=FD0550638FB350/=002F - number is 47
三月 16, 2015 9:59:27 上午 org.ccnx.ccn.profiles.sync.SyncTestRepo doHandleContentName
信息: Number 1: Callback for name: /ccnx.org/test/SyncTestRepo-15-03-16-09.59.21/ccnSyncTest/slice3/randomFile/=FD0550638FB350/=0030 - number is 48
三月 16, 2015 9:59:27 上午 org.ccnx.ccn.profiles.sync.SyncTestRepo doHandleContentName
信息: Number 1: Callback for name: /ccnx.org/test/SyncTestRepo-15-03-16-09.59.21/ccnSyncTest/slice3/randomFile/=FD0550638FB350/=0031 - number is 49
三月 16, 2015 9:59:27 上午 org.ccnx.ccn.profiles.sync.SyncTestRepo doHandleContentName
信息: Number 1: Callback for name: /ccnx.org/test/SyncTestRepo-15-03-16-09.59.21/ccnSyncTest/slice3/randomFile/=FD0550638FB350/=0032 - number is 50
三月 16, 2015 9:59:27 上午 org.ccnx.ccn.profiles.sync.SyncTestRepo doHandleContentName
信息: Number 1: Callback for name: /ccnx.org/test/SyncTestRepo-15-03-16-09.59.21/ccnSyncTest/slice3/randomFile/=FD0550638FB350/=0033 - number is 51
三月 16, 2015 9:59:27 上午 org.ccnx.ccn.profiles.sync.SyncTestRepo doHandleContentName
信息: Number 1: Callback for name: /ccnx.org/test/SyncTestRepo-15-03-16-09.59.21/ccnSyncTest/slice3/randomFile/=FD0550638FB350/=0034 - number is 52
三月 16, 2015 9:59:27 上午 org.ccnx.ccn.profiles.sync.SyncTestRepo doHandleContentName
信息: Number 1: Callback for name: /ccnx.org/test/SyncTestRepo-15-03-16-09.59.21/ccnSyncTest/slice3/randomFile/=FD0550638FB350/=0035 - number is 53
三月 16, 2015 9:59:27 上午 org.ccnx.ccn.profiles.sync.SyncTestRepo doHandleContentName
信息: Number 1: Callback for name: /ccnx.org/test/SyncTestRepo-15-03-16-09.59.21/ccnSyncTest/slice3/randomFile/=FD0550638FB350/=0036 - number is 54
三月 16, 2015 9:59:27 上午 org.ccnx.ccn.profiles.sync.SyncTestRepo doHandleContentName
信息: Number 1: Callback for name: /ccnx.org/test/SyncTestRepo-15-03-16-09.59.21/ccnSyncTest/slice3/randomFile/=FD0550638FB350/=0037 - number is 55
三月 16, 2015 9:59:27 上午 org.ccnx.ccn.profiles.sync.SyncTestRepo doHandleContentName
信息: Number 1: Callback for name: /ccnx.org/test/SyncTestRepo-15-03-16-09.59.21/ccnSyncTest/slice3/randomFile/=FD0550638FB350/=0038 - number is 56
三月 16, 2015 9:59:27 上午 org.ccnx.ccn.profiles.sync.SyncTestRepo doHandleContentName
信息: Number 1: Callback for name: /ccnx.org/test/SyncTestRepo-15-03-16-09.59.21/ccnSyncTest/slice3/randomFile/=FD0550638FB350/=0039 - number is 57
三月 16, 2015 9:59:27 上午 org.ccnx.ccn.profiles.sync.SyncTestRepo doHandleContentName
信息: Number 1: Callback for name: /ccnx.org/test/SyncTestRepo-15-03-16-09.59.21/ccnSyncTest/slice3/randomFile/=FD0550638FB350/=003A - number is 58
三月 16, 2015 9:59:27 上午 org.ccnx.ccn.profiles.sync.SyncTestRepo doHandleContentName
信息: Number 1: Callback for name: /ccnx.org/test/SyncTestRepo-15-03-16-09.59.21/ccnSyncTest/slice3/randomFile/=FD0550638FB350/=003B - number is 59
三月 16, 2015 9:59:27 上午 org.ccnx.ccn.profiles.sync.SyncTestRepo doHandleContentName
信息: Number 1: Callback for name: /ccnx.org/test/SyncTestRepo-15-03-16-09.59.21/ccnSyncTest/slice3/randomFile/=FD0550638FB350/=003C - number is 60
三月 16, 2015 9:59:27 上午 org.ccnx.ccn.profiles.sync.SyncTestRepo doHandleContentName
信息: Number 1: Callback for name: /ccnx.org/test/SyncTestRepo-15-03-16-09.59.21/ccnSyncTest/slice3/randomFile/=FD0550638FB350/=003D - number is 61
三月 16, 2015 9:59:27 上午 org.ccnx.ccn.profiles.sync.SyncTestRepo doHandleContentName
信息: Number 1: Callback for name: /ccnx.org/test/SyncTestRepo-15-03-16-09.59.21/ccnSyncTest/slice3/randomFile/=FD0550638FB350/=003E - number is 62
三月 16, 2015 9:59:27 上午 org.ccnx.ccn.profiles.sync.SyncTestRepo doHandleContentName
信息: Number 1: Callback for name: /ccnx.org/test/SyncTestRepo-15-03-16-09.59.21/ccnSyncTest/slice3/randomFile/=FD0550638FB350/=003F - number is 63
三月 16, 2015 9:59:27 上午 org.ccnx.ccn.profiles.sync.SyncTestRepo doHandleContentName
信息: Number 1: Callback for name: /ccnx.org/test/SyncTestRepo-15-03-16-09.59.21/ccnSyncTest/slice3/randomFile/=FD0550638FB350/=0040 - number is 64
三月 16, 2015 9:59:27 上午 org.ccnx.ccn.profiles.sync.SyncTestRepo doHandleContentName
信息: Number 1: Callback for name: /ccnx.org/test/SyncTestRepo-15-03-16-09.59.21/ccnSyncTest/slice3/randomFile/=FD0550638FB350/=0041 - number is 65
三月 16, 2015 9:59:27 上午 org.ccnx.ccn.profiles.sync.SyncTestRepo doHandleContentName
信息: Number 1: Callback for name: /ccnx.org/test/SyncTestRepo-15-03-16-09.59.21/ccnSyncTest/slice3/randomFile/=FD0550638FB350/=0042 - number is 66
三月 16, 2015 9:59:27 上午 org.ccnx.ccn.profiles.sync.SyncTestRepo doHandleContentName
信息: Number 1: Callback for name: /ccnx.org/test/SyncTestRepo-15-03-16-09.59.21/ccnSyncTest/slice3/randomFile/=FD0550638FB350/=0043 - number is 67
三月 16, 2015 9:59:27 上午 org.ccnx.ccn.profiles.sync.SyncTestRepo doHandleContentName
信息: Number 1: Callback for name: /ccnx.org/test/SyncTestRepo-15-03-16-09.59.21/ccnSyncTest/slice3/randomFile/=FD0550638FB350/=0044 - number is 68
三月 16, 2015 9:59:27 上午 org.ccnx.ccn.profiles.sync.SyncTestRepo doHandleContentName
信息: Number 1: Callback for name: /ccnx.org/test/SyncTestRepo-15-03-16-09.59.21/ccnSyncTest/slice3/randomFile/=FD0550638FB350/=0045 - number is 69
三月 16, 2015 9:59:27 上午 org.ccnx.ccn.profiles.sync.SyncTestRepo doHandleContentName
信息: Number 1: Callback for name: /ccnx.org/test/SyncTestRepo-15-03-16-09.59.21/ccnSyncTest/slice3/randomFile/=FD0550638FB350/=0046 - number is 70
三月 16, 2015 9:59:27 上午 org.ccnx.ccn.profiles.sync.SyncTestRepo doHandleContentName
信息: Number 1: Callback for name: /ccnx.org/test/SyncTestRepo-15-03-16-09.59.21/ccnSyncTest/slice3/randomFile/=FD0550638FB350/=0047 - number is 71
三月 16, 2015 9:59:27 上午 org.ccnx.ccn.profiles.sync.SyncTestRepo doHandleContentName
信息: Number 1: Callback for name: /ccnx.org/test/SyncTestRepo-15-03-16-09.59.21/ccnSyncTest/slice3/randomFile/=FD0550638FB350/=0048 - number is 72
三月 16, 2015 9:59:27 上午 org.ccnx.ccn.profiles.sync.SyncTestRepo doHandleContentName
信息: Number 1: Callback for name: /ccnx.org/test/SyncTestRepo-15-03-16-09.59.21/ccnSyncTest/slice3/randomFile/=FD0550638FB350/=0049 - number is 73
三月 16, 2015 9:59:27 上午 org.ccnx.ccn.profiles.sync.SyncTestRepo doHandleContentName
信息: Number 1: Callback for name: /ccnx.org/test/SyncTestRepo-15-03-16-09.59.21/ccnSyncTest/slice3/randomFile/=FD0550638FB350/=004A - number is 74
三月 16, 2015 9:59:27 上午 org.ccnx.ccn.profiles.sync.SyncTestRepo doHandleContentName
信息: Number 1: Callback for name: /ccnx.org/test/SyncTestRepo-15-03-16-09.59.21/ccnSyncTest/slice3/randomFile/=FD0550638FB350/=004B - number is 75
三月 16, 2015 9:59:27 上午 org.ccnx.ccn.profiles.sync.SyncTestRepo doHandleContentName
信息: Number 1: Callback for name: /ccnx.org/test/SyncTestRepo-15-03-16-09.59.21/ccnSyncTest/slice3/randomFile/=FD0550638FB350/=004C - number is 76
三月 16, 2015 9:59:27 上午 org.ccnx.ccn.profiles.sync.SyncTestRepo doHandleContentName
信息: Number 1: Callback for name: /ccnx.org/test/SyncTestRepo-15-03-16-09.59.21/ccnSyncTest/slice3/randomFile/=FD0550638FB350/=004D - number is 77
三月 16, 2015 9:59:27 上午 org.ccnx.ccn.profiles.sync.SyncTestRepo doHandleContentName
信息: Number 1: Callback for name: /ccnx.org/test/SyncTestRepo-15-03-16-09.59.21/ccnSyncTest/slice3/randomFile/=FD0550638FB350/=004E - number is 78
三月 16, 2015 9:59:27 上午 org.ccnx.ccn.profiles.sync.SyncTestRepo doHandleContentName
信息: Number 1: Callback for name: /ccnx.org/test/SyncTestRepo-15-03-16-09.59.21/ccnSyncTest/slice3/randomFile/=FD0550638FB350/=004F - number is 79
三月 16, 2015 9:59:27 上午 org.ccnx.ccn.profiles.sync.SyncTestRepo doHandleContentName
信息: Number 1: Callback for name: /ccnx.org/test/SyncTestRepo-15-03-16-09.59.21/ccnSyncTest/slice3/randomFile/=FD0550638FB350/=0050 - number is 80
三月 16, 2015 9:59:27 上午 org.ccnx.ccn.profiles.sync.SyncTestRepo doHandleContentName
信息: Number 1: Callback for name: /ccnx.org/test/SyncTestRepo-15-03-16-09.59.21/ccnSyncTest/slice3/randomFile/=FD0550638FB350/=0051 - number is 81
三月 16, 2015 9:59:27 上午 org.ccnx.ccn.profiles.sync.SyncTestRepo doHandleContentName
信息: Number 1: Callback for name: /ccnx.org/test/SyncTestRepo-15-03-16-09.59.21/ccnSyncTest/slice3/randomFile/=FD0550638FB350/=0052 - number is 82
三月 16, 2015 9:59:27 上午 org.ccnx.ccn.profiles.sync.SyncTestRepo doHandleContentName
信息: Number 1: Callback for name: /ccnx.org/test/SyncTestRepo-15-03-16-09.59.21/ccnSyncTest/slice3/randomFile/=FD0550638FB350/=0053 - number is 83
三月 16, 2015 9:59:27 上午 org.ccnx.ccn.profiles.sync.SyncTestRepo doHandleContentName
信息: Number 1: Callback for name: /ccnx.org/test/SyncTestRepo-15-03-16-09.59.21/ccnSyncTest/slice3/randomFile/=FD0550638FB350/=0054 - number is 84
三月 16, 2015 9:59:27 上午 org.ccnx.ccn.profiles.sync.SyncTestRepo doHandleContentName
信息: Number 1: Callback for name: /ccnx.org/test/SyncTestRepo-15-03-16-09.59.21/ccnSyncTest/slice3/randomFile/=FD0550638FB350/=0055 - number is 85
三月 16, 2015 9:59:27 上午 org.ccnx.ccn.profiles.sync.SyncTestRepo doHandleContentName
信息: Number 1: Callback for name: /ccnx.org/test/SyncTestRepo-15-03-16-09.59.21/ccnSyncTest/slice3/randomFile/=FD0550638FB350/=0056 - number is 86
三月 16, 2015 9:59:27 上午 org.ccnx.ccn.profiles.sync.SyncTestRepo doHandleContentName
信息: Number 1: Callback for name: /ccnx.org/test/SyncTestRepo-15-03-16-09.59.21/ccnSyncTest/slice3/randomFile/=FD0550638FB350/=0057 - number is 87
三月 16, 2015 9:59:27 上午 org.ccnx.ccn.profiles.sync.SyncTestRepo doHandleContentName
信息: Number 1: Callback for name: /ccnx.org/test/SyncTestRepo-15-03-16-09.59.21/ccnSyncTest/slice3/randomFile/=FD0550638FB350/=0058 - number is 88
三月 16, 2015 9:59:27 上午 org.ccnx.ccn.profiles.sync.SyncTestRepo doHandleContentName
信息: Number 1: Callback for name: /ccnx.org/test/SyncTestRepo-15-03-16-09.59.21/ccnSyncTest/slice3/randomFile/=FD0550638FB350/=0059 - number is 89
三月 16, 2015 9:59:27 上午 org.ccnx.ccn.profiles.sync.SyncTestRepo doHandleContentName
信息: Number 1: Callback for name: /ccnx.org/test/SyncTestRepo-15-03-16-09.59.21/ccnSyncTest/slice3/randomFile/=FD0550638FB350/=005A - number is 90
三月 16, 2015 9:59:27 上午 org.ccnx.ccn.profiles.sync.SyncTestRepo doHandleContentName
信息: Number 1: Callback for name: /ccnx.org/test/SyncTestRepo-15-03-16-09.59.21/ccnSyncTest/slice3/randomFile/=FD0550638FB350/=005B - number is 91
三月 16, 2015 9:59:27 上午 org.ccnx.ccn.profiles.sync.SyncTestRepo doHandleContentName
信息: Number 1: Callback for name: /ccnx.org/test/SyncTestRepo-15-03-16-09.59.21/ccnSyncTest/slice3/randomFile/=FD0550638FB350/=005C - number is 92
三月 16, 2015 9:59:27 上午 org.ccnx.ccn.profiles.sync.SyncTestRepo doHandleContentName
信息: Number 1: Callback for name: /ccnx.org/test/SyncTestRepo-15-03-16-09.59.21/ccnSyncTest/slice3/randomFile/=FD0550638FB350/=005D - number is 93
三月 16, 2015 9:59:27 上午 org.ccnx.ccn.profiles.sync.SyncTestRepo doHandleContentName
信息: Number 1: Callback for name: /ccnx.org/test/SyncTestRepo-15-03-16-09.59.21/ccnSyncTest/slice3/randomFile/=FD0550638FB350/=005E - number is 94
三月 16, 2015 9:59:27 上午 org.ccnx.ccn.profiles.sync.SyncTestRepo doHandleContentName
信息: Number 1: Callback for name: /ccnx.org/test/SyncTestRepo-15-03-16-09.59.21/ccnSyncTest/slice3/randomFile/=FD0550638FB350/=005F - number is 95
三月 16, 2015 9:59:27 上午 org.ccnx.ccn.profiles.sync.SyncTestRepo doHandleContentName
信息: Number 1: Callback for name: /ccnx.org/test/SyncTestRepo-15-03-16-09.59.21/ccnSyncTest/slice3/randomFile/=FD0550638FB350/=0060 - number is 96
三月 16, 2015 9:59:27 上午 org.ccnx.ccn.profiles.sync.SyncTestRepo doHandleContentName
信息: Number 1: Callback for name: /ccnx.org/test/SyncTestRepo-15-03-16-09.59.21/ccnSyncTest/slice3/randomFile/=FD0550638FB350/=0061 - number is 97
三月 16, 2015 9:59:27 上午 org.ccnx.ccn.profiles.sync.SyncTestRepo doHandleContentName
信息: Number 1: Callback for name: /ccnx.org/test/SyncTestRepo-15-03-16-09.59.21/ccnSyncTest/slice3/randomFile/=FD0550638FB350/=0062 - number is 98
三月 16, 2015 9:59:27 上午 org.ccnx.ccn.profiles.sync.SyncTestRepo doHandleContentName
信息: Number 1: Callback for name: /ccnx.org/test/SyncTestRepo-15-03-16-09.59.21/ccnSyncTest/slice3/randomFile/=FD0550638FB350/=0063 - number is 99
三月 16, 2015 9:59:27 上午 org.ccnx.ccn.profiles.sync.SyncTestRepo doHandleContentName
信息: Number 1: Callback for name: /ccnx.org/test/SyncTestRepo-15-03-16-09.59.21/ccnSyncTest/slice3/randomFile/=FD0550638FB350/%C1.META.M/.header/=FD0550638FB4A8/=00 - number is header
三月 16, 2015 9:59:27 上午 org.ccnx.ccn.impl.sync.ProtocolBasedSyncMonitor removeCallback
信息: Removing callback on slice: /ccnx.org/test/SyncTestRepo-15-03-16-09.59.21/ccnSyncTest/slice3
三月 16, 2015 9:59:27 上午 org.ccnx.ccn.impl.CCNFlowControl <init>
信息: adding namespace: /ccnx.org/test/SyncTestRepo-15-03-16-09.59.21/ccnSyncTest/slice3/round2/randomFile
三月 16, 2015 9:59:27 上午 org.ccnx.ccn.impl.security.keys.BasicKeyManager getKeyLocator
信息: getKeyLocator: returning locator NAME: /ccnx.org/Users/cb/Keys/%C1.M.K%00K=B082A16E5382FBAAA09FBE303E24E042E37E88C290E054292521DECA236523/=FD055059931000 KEY:itggagmsks2vela17tu60v29o22sdv8hgkgs1a2i991rr526p93 for key S7CCoW5TgvuqoJ++MD4k4ELjfojCkOBUKSUh3sojZSM=
三月 16, 2015 9:59:27 上午 org.ccnx.ccn.io.CCNAbstractOutputStream <init>
信息: CCNAbstractOutputStream: /ccnx.org/test/SyncTestRepo-15-03-16-09.59.21/ccnSyncTest/slice3/round2/randomFile/=FD0550638FFE4A blocksize is 4096
三月 16, 2015 9:59:27 上午 org.ccnx.ccn.io.CCNAbstractOutputStream startWrite
信息: CCNAbstractOutputStream: startWrite -- searching for keys.
三月 16, 2015 9:59:27 上午 org.ccnx.ccn.profiles.security.access.AccessControlManager keysForOutput
信息: keysForOutput: found an acm: (null)
三月 16, 2015 9:59:27 上午 org.ccnx.ccn.impl.repo.RepositoryFlowControl startWrite
信息: RepositoryFlowControl.startWrite called for name /ccnx.org/test/SyncTestRepo-15-03-16-09.59.21/ccnSyncTest/slice3/round2/randomFile/=FD0550638FFE4A, shape STREAM
三月 16, 2015 9:59:27 上午 org.ccnx.ccn.impl.repo.RepositoryFlowControl handleContent
信息: handleContent: got potential repo message: /ccnx.org/test/SyncTestRepo-15-03-16-09.59.21/ccnSyncTest/slice3/round2/randomFile/=FD0550638FFE4A/%C1.R.sw/%C1.N=00CD1356364D1C0298
三月 16, 2015 9:59:27 上午 org.ccnx.ccn.io.CCNOutputStream flushToNetwork
信息: flush: outputting to the segmenter, baseName /ccnx.org/test/SyncTestRepo-15-03-16-09.59.21/ccnSyncTest/slice3/round2/randomFile/=FD0550638FFE4A basenameindex =0001; 2757 bytes written, holding back 2757 flushing final blocks? false.
三月 16, 2015 9:59:27 上午 org.ccnx.ccn.io.CCNOutputStream flushToNetwork
信息: HEADER: CCNOutputStream: flushToNetwork: new _baseNameIndex 1
三月 16, 2015 9:59:27 上午 org.ccnx.ccn.io.CCNOutputStream flushToNetwork
信息: flush: outputting to the segmenter, baseName /ccnx.org/test/SyncTestRepo-15-03-16-09.59.21/ccnSyncTest/slice3/round2/randomFile/=FD0550638FFE4A basenameindex =0001; 2757 bytes written, holding back 2757 flushing final blocks? false.
三月 16, 2015 9:59:27 上午 org.ccnx.ccn.io.CCNOutputStream flushToNetwork
信息: HEADER: CCNOutputStream: flushToNetwork: new _baseNameIndex 1
三月 16, 2015 9:59:27 上午 org.ccnx.ccn.io.CCNOutputStream flushToNetwork
信息: flush: outputting to the segmenter, baseName /ccnx.org/test/SyncTestRepo-15-03-16-09.59.21/ccnSyncTest/slice3/round2/randomFile/=FD0550638FFE4A basenameindex =0001; 2757 bytes written, holding back 0 flushing final blocks? true.
三月 16, 2015 9:59:27 上午 org.ccnx.ccn.io.CCNOutputStream flushToNetwork
信息: HEADER: CCNOutputStream: flushToNetwork: new _baseNameIndex 2
三月 16, 2015 9:59:27 上午 org.ccnx.ccn.io.CCNAbstractOutputStream <init>
信息: CCNAbstractOutputStream: /ccnx.org/test/SyncTestRepo-15-03-16-09.59.21/ccnSyncTest/slice3/round2/randomFile/=FD0550638FFE4A/%C1.META.M/.header/=FD0550638FFE93 blocksize is 4096
三月 16, 2015 9:59:27 上午 org.ccnx.ccn.io.CCNAbstractOutputStream startWrite
信息: CCNAbstractOutputStream: startWrite -- searching for keys.
三月 16, 2015 9:59:27 上午 org.ccnx.ccn.profiles.security.access.AccessControlManager keysForOutput
信息: keysForOutput: found an acm: (null)
三月 16, 2015 9:59:27 上午 org.ccnx.ccn.impl.repo.RepositoryFlowControl startWrite
信息: RepositoryFlowControl.startWrite called for name /ccnx.org/test/SyncTestRepo-15-03-16-09.59.21/ccnSyncTest/slice3/round2/randomFile/=FD0550638FFE4A/%C1.META.M/.header/=FD0550638FFE93, shape STREAM
三月 16, 2015 9:59:27 上午 org.ccnx.ccn.impl.repo.RepositoryFlowControl handleContent
信息: handleContent: got potential repo message: /ccnx.org/test/SyncTestRepo-15-03-16-09.59.21/ccnSyncTest/slice3/round2/randomFile/=FD0550638FFE4A/%C1.META.M/.header/=FD0550638FFE93/%C1.R.sw/%C1.N%00n=0728D057E546BB
三月 16, 2015 9:59:27 上午 org.ccnx.ccn.io.CCNOutputStream flushToNetwork
信息: flush: outputting to the segmenter, baseName /ccnx.org/test/SyncTestRepo-15-03-16-09.59.21/ccnSyncTest/slice3/round2/randomFile/=FD0550638FFE4A/%C1.META.M/.header/=FD0550638FFE93 basenameindex =00; 66 bytes written, holding back 66 flushing final blocks? false.
三月 16, 2015 9:59:27 上午 org.ccnx.ccn.io.CCNOutputStream flushToNetwork
信息: HEADER: CCNOutputStream: flushToNetwork: new _baseNameIndex 0
三月 16, 2015 9:59:27 上午 org.ccnx.ccn.io.CCNOutputStream flushToNetwork
信息: flush: outputting to the segmenter, baseName /ccnx.org/test/SyncTestRepo-15-03-16-09.59.21/ccnSyncTest/slice3/round2/randomFile/=FD0550638FFE4A/%C1.META.M/.header/=FD0550638FFE93 basenameindex =00; 66 bytes written, holding back 66 flushing final blocks? false.
三月 16, 2015 9:59:27 上午 org.ccnx.ccn.io.CCNOutputStream flushToNetwork
信息: HEADER: CCNOutputStream: flushToNetwork: new _baseNameIndex 0
三月 16, 2015 9:59:27 上午 org.ccnx.ccn.io.CCNOutputStream flushToNetwork
信息: flush: outputting to the segmenter, baseName /ccnx.org/test/SyncTestRepo-15-03-16-09.59.21/ccnSyncTest/slice3/round2/randomFile/=FD0550638FFE4A/%C1.META.M/.header/=FD0550638FFE93 basenameindex =00; 66 bytes written, holding back 0 flushing final blocks? true.
三月 16, 2015 9:59:27 上午 org.ccnx.ccn.io.CCNOutputStream flushToNetwork
信息: HEADER: CCNOutputStream: flushToNetwork: new _baseNameIndex 1
三月 16, 2015 9:59:27 上午 org.ccnx.ccn.io.CCNOutputStream close
信息: CCNOutputStream close: /ccnx.org/test/SyncTestRepo-15-03-16-09.59.21/ccnSyncTest/slice3/round2/randomFile/=FD0550638FFE4A/%C1.META.M/.header/=FD0550638FFE93
三月 16, 2015 9:59:27 上午 org.ccnx.ccn.io.CCNOutputStream close
信息: CCNOutputStream close: /ccnx.org/test/SyncTestRepo-15-03-16-09.59.21/ccnSyncTest/slice3/round2/randomFile/=FD0550638FFE4A
三月 16, 2015 9:59:27 上午 org.ccnx.ccn.profiles.sync.SyncTestCommon writeFile
信息: Wrote file to repository: /ccnx.org/test/SyncTestRepo-15-03-16-09.59.21/ccnSyncTest/slice3/round2/randomFile/=FD0550638FFE4A with 3 segments
三月 16, 2015 9:59:28 上午 org.ccnx.ccn.impl.sync.ProtocolBasedSyncMonitor handleContent
信息: Saw new content from sync: /ccnx.org/test/SyncTestRepo-15-03-16-09.59.21/topoPrefix/%C1.S.ra/%A9G=AC9ED2F3BC5E6CFBF4C4D39CAE41DC9CB440D6B752EFFF09142A04FD71C4/13a%13kj=1191D4D176AC06E920A2B8030E6BD100369929D2F5DAB94F4333CB/2B%EE3%ED~A=D59939ED16A45476CECE89958035F752D70902941921F25D5615
三月 16, 2015 9:59:28 上午 org.ccnx.ccn.impl.encoding.BinaryXMLDecoder setElement
信息: Reset decode array sizes to 150
三月 16, 2015 9:59:28 上午 org.ccnx.ccn.impl.sync.SliceComparator run
信息: Starting new round with X = 13a%13kj=1191D4D176AC06E920A2B8030E6BD100369929D2F5DAB94F4333CB and Y = 2B%EE3%ED~A=D59939ED16A45476CECE89958035F752D70902941921F25D5615
三月 16, 2015 9:59:28 上午 org.ccnx.ccn.impl.sync.SliceComparator updateCurrent
信息: Resetting current to created head: 2B%EE3%ED~A=D59939ED16A45476CECE89958035F752D70902941921F25D5615
三月 16, 2015 9:59:40 上午 org.ccnx.ccn.profiles.sync.SyncTestRepo checkCallbacks
信息: 3 outstanding segments = 0, 1, header 
三月 16, 2015 9:59:40 上午 org.ccnx.ccn.impl.sync.ProtocolBasedSyncMonitor shutdown
信息: Shutting down sync on slice: /ccnx.org/test/SyncTestRepo-15-03-16-09.59.21/ccnSyncTest/slice3
三月 16, 2015 9:59:40 上午 org.ccnx.ccn.profiles.sync.SyncTestRepo testSyncClose
信息: Finished running testSyncStop
三月 16, 2015 9:59:40 上午 org.ccnx.ccn.profiles.sync.SyncTestRepo testCallbackRegistration
信息: Starting testCallbackRegistration
三月 16, 2015 9:59:40 上午 org.ccnx.ccn.io.content.CCNNetworkObject createFlowController
信息: Created LOCALREPOSITORY flow controller, for prefix /%C1.M.S.localhost/%C1.S.cs/K7GW%12aXJB=F4B0341275065893FF931C35B61F17E2C0C6CD8BE029E5, save type LOCALREPOSITORY
三月 16, 2015 9:59:41 上午 org.ccnx.ccn.profiles.VersioningProfile getLatestVersion
信息: getFirstBlockOfLatestVersion: no block available for later version of /%C1.M.S.localhost/%C1.S.cs/K7GW%12aXJB=F4B0341275065893FF931C35B61F17E2C0C6CD8BE029E5
三月 16, 2015 9:59:41 上午 org.ccnx.ccn.impl.CCNFlowControl addNameSpace
信息: Flow controller addNameSpace: added namespace: /%C1.M.S.localhost/%C1.S.cs/K7GW%12aXJB=F4B0341275065893FF931C35B61F17E2C0C6CD8BE029E5
三月 16, 2015 9:59:41 上午 org.ccnx.ccn.impl.security.keys.BasicKeyManager getKeyLocator
信息: getKeyLocator: returning locator NAME: /ccnx.org/Users/cb/Keys/%C1.M.K%00K=B082A16E5382FBAAA09FBE303E24E042E37E88C290E054292521DECA236523/=FD055059931000 KEY:itggagmsks2vela17tu60v29o22sdv8hgkgs1a2i991rr526p93 for key S7CCoW5TgvuqoJ++MD4k4ELjfojCkOBUKSUh3sojZSM=
三月 16, 2015 9:59:41 上午 org.ccnx.ccn.io.CCNAbstractOutputStream <init>
信息: CCNAbstractOutputStream: /%C1.M.S.localhost/%C1.S.cs/K7GW%12aXJB=F4B0341275065893FF931C35B61F17E2C0C6CD8BE029E5/=FD05506390D4D5 blocksize is 4096
三月 16, 2015 9:59:41 上午 org.ccnx.ccn.io.CCNAbstractOutputStream startWrite
信息: CCNAbstractOutputStream: startWrite -- searching for keys.
三月 16, 2015 9:59:41 上午 org.ccnx.ccn.profiles.security.access.AccessControlManager keysForOutput
信息: keysForOutput: found an acm: (null)
三月 16, 2015 9:59:41 上午 org.ccnx.ccn.impl.repo.RepositoryFlowControl startWrite
信息: RepositoryFlowControl.startWrite called for name /%C1.M.S.localhost/%C1.S.cs/K7GW%12aXJB=F4B0341275065893FF931C35B61F17E2C0C6CD8BE029E5/=FD05506390D4D5, shape STREAM
三月 16, 2015 9:59:41 上午 org.ccnx.ccn.impl.repo.RepositoryFlowControl handleContent
信息: handleContent: got potential repo message: /%C1.M.S.localhost/%C1.S.cs/K7GW%12aXJB=F4B0341275065893FF931C35B61F17E2C0C6CD8BE029E5/=FD05506390D4D5/%C1.R.sw/%C1.N=002FE187A65A603B91
三月 16, 2015 9:59:41 上午 org.ccnx.ccn.io.CCNOutputStream flushToNetwork
信息: flush: outputting to the segmenter, baseName /%C1.M.S.localhost/%C1.S.cs/K7GW%12aXJB=F4B0341275065893FF931C35B61F17E2C0C6CD8BE029E5/=FD05506390D4D5 basenameindex =00; 162 bytes written, holding back 162 flushing final blocks? false.
三月 16, 2015 9:59:41 上午 org.ccnx.ccn.io.CCNOutputStream flushToNetwork
信息: HEADER: CCNOutputStream: flushToNetwork: new _baseNameIndex 0
三月 16, 2015 9:59:41 上午 org.ccnx.ccn.io.CCNOutputStream flushToNetwork
信息: flush: outputting to the segmenter, baseName /%C1.M.S.localhost/%C1.S.cs/K7GW%12aXJB=F4B0341275065893FF931C35B61F17E2C0C6CD8BE029E5/=FD05506390D4D5 basenameindex =00; 162 bytes written, holding back 0 flushing final blocks? true.
三月 16, 2015 9:59:41 上午 org.ccnx.ccn.io.CCNOutputStream flushToNetwork
信息: HEADER: CCNOutputStream: flushToNetwork: new _baseNameIndex 1
三月 16, 2015 9:59:41 上午 org.ccnx.ccn.io.CCNOutputStream close
信息: CCNOutputStream close: /%C1.M.S.localhost/%C1.S.cs/K7GW%12aXJB=F4B0341275065893FF931C35B61F17E2C0C6CD8BE029E5/=FD05506390D4D5
三月 16, 2015 9:59:41 上午 org.ccnx.ccn.impl.sync.SliceComparator <init>
信息: Beginning sync monitoring from start
三月 16, 2015 9:59:41 上午 org.ccnx.ccn.CCNSync startSync
信息: Started sync with topo: /ccnx.org/test/SyncTestRepo-15-03-16-09.59.21/topoPrefix and prefix: /ccnx.org/test/SyncTestRepo-15-03-16-09.59.21/ccnSyncTest/slice4
三月 16, 2015 9:59:41 上午 org.ccnx.ccn.io.content.CCNNetworkObject createFlowController
信息: Created LOCALREPOSITORY flow controller, for prefix /%C1.M.S.localhost/%C1.S.cs/=1ADA7FEE78E98E8AC4FA414EFB7AAECB1E82E3CE48020ABEF74906CEE90CAA93, save type LOCALREPOSITORY
三月 16, 2015 9:59:41 上午 org.ccnx.ccn.profiles.VersioningProfile getLatestVersion
信息: getFirstBlockOfLatestVersion: no block available for later version of /%C1.M.S.localhost/%C1.S.cs/=1ADA7FEE78E98E8AC4FA414EFB7AAECB1E82E3CE48020ABEF74906CEE90CAA93
三月 16, 2015 9:59:41 上午 org.ccnx.ccn.impl.CCNFlowControl addNameSpace
信息: Flow controller addNameSpace: added namespace: /%C1.M.S.localhost/%C1.S.cs/=1ADA7FEE78E98E8AC4FA414EFB7AAECB1E82E3CE48020ABEF74906CEE90CAA93
三月 16, 2015 9:59:41 上午 org.ccnx.ccn.impl.security.keys.BasicKeyManager getKeyLocator
信息: getKeyLocator: returning locator NAME: /ccnx.org/Users/cb/Keys/%C1.M.K%00K=B082A16E5382FBAAA09FBE303E24E042E37E88C290E054292521DECA236523/=FD055059931000 KEY:itggagmsks2vela17tu60v29o22sdv8hgkgs1a2i991rr526p93 for key S7CCoW5TgvuqoJ++MD4k4ELjfojCkOBUKSUh3sojZSM=
三月 16, 2015 9:59:41 上午 org.ccnx.ccn.io.CCNAbstractOutputStream <init>
信息: CCNAbstractOutputStream: /%C1.M.S.localhost/%C1.S.cs/=1ADA7FEE78E98E8AC4FA414EFB7AAECB1E82E3CE48020ABEF74906CEE90CAA93/=FD05506390DBAA blocksize is 4096
三月 16, 2015 9:59:41 上午 org.ccnx.ccn.io.CCNAbstractOutputStream startWrite
信息: CCNAbstractOutputStream: startWrite -- searching for keys.
三月 16, 2015 9:59:41 上午 org.ccnx.ccn.profiles.security.access.AccessControlManager keysForOutput
信息: keysForOutput: found an acm: (null)
三月 16, 2015 9:59:41 上午 org.ccnx.ccn.impl.repo.RepositoryFlowControl startWrite
信息: RepositoryFlowControl.startWrite called for name /%C1.M.S.localhost/%C1.S.cs/=1ADA7FEE78E98E8AC4FA414EFB7AAECB1E82E3CE48020ABEF74906CEE90CAA93/=FD05506390DBAA, shape STREAM
三月 16, 2015 9:59:41 上午 org.ccnx.ccn.impl.repo.RepositoryFlowControl handleContent
信息: handleContent: got potential repo message: /%C1.M.S.localhost/%C1.S.cs/=1ADA7FEE78E98E8AC4FA414EFB7AAECB1E82E3CE48020ABEF74906CEE90CAA93/=FD05506390DBAA/%C1.R.sw/%C1.N=003CF3B13DEA835C87
三月 16, 2015 9:59:41 上午 org.ccnx.ccn.io.CCNOutputStream flushToNetwork
信息: flush: outputting to the segmenter, baseName /%C1.M.S.localhost/%C1.S.cs/=1ADA7FEE78E98E8AC4FA414EFB7AAECB1E82E3CE48020ABEF74906CEE90CAA93/=FD05506390DBAA basenameindex =00; 162 bytes written, holding back 162 flushing final blocks? false.
三月 16, 2015 9:59:41 上午 org.ccnx.ccn.io.CCNOutputStream flushToNetwork
信息: HEADER: CCNOutputStream: flushToNetwork: new _baseNameIndex 0
三月 16, 2015 9:59:41 上午 org.ccnx.ccn.io.CCNOutputStream flushToNetwork
信息: flush: outputting to the segmenter, baseName /%C1.M.S.localhost/%C1.S.cs/=1ADA7FEE78E98E8AC4FA414EFB7AAECB1E82E3CE48020ABEF74906CEE90CAA93/=FD05506390DBAA basenameindex =00; 162 bytes written, holding back 0 flushing final blocks? true.
三月 16, 2015 9:59:41 上午 org.ccnx.ccn.io.CCNOutputStream flushToNetwork
信息: HEADER: CCNOutputStream: flushToNetwork: new _baseNameIndex 1
三月 16, 2015 9:59:41 上午 org.ccnx.ccn.io.CCNOutputStream close
信息: CCNOutputStream close: /%C1.M.S.localhost/%C1.S.cs/=1ADA7FEE78E98E8AC4FA414EFB7AAECB1E82E3CE48020ABEF74906CEE90CAA93/=FD05506390DBAA
三月 16, 2015 9:59:41 上午 org.ccnx.ccn.impl.sync.SliceComparator <init>
信息: Beginning sync monitoring from start
三月 16, 2015 9:59:41 上午 org.ccnx.ccn.CCNSync startSync
信息: Started sync with topo: /ccnx.org/test/SyncTestRepo-15-03-16-09.59.21/topoPrefix and prefix: /ccnx.org/test/SyncTestRepo-15-03-16-09.59.21/ccnSyncTest/slice5
三月 16, 2015 9:59:41 上午 org.ccnx.ccn.impl.CCNFlowControl <init>
信息: adding namespace: /ccnx.org/test/SyncTestRepo-15-03-16-09.59.21/ccnSyncTest/slice4/randomFile
三月 16, 2015 9:59:41 上午 org.ccnx.ccn.impl.security.keys.BasicKeyManager getKeyLocator
信息: getKeyLocator: returning locator NAME: /ccnx.org/Users/cb/Keys/%C1.M.K%00K=B082A16E5382FBAAA09FBE303E24E042E37E88C290E054292521DECA236523/=FD055059931000 KEY:itggagmsks2vela17tu60v29o22sdv8hgkgs1a2i991rr526p93 for key S7CCoW5TgvuqoJ++MD4k4ELjfojCkOBUKSUh3sojZSM=
三月 16, 2015 9:59:41 上午 org.ccnx.ccn.io.CCNAbstractOutputStream <init>
信息: CCNAbstractOutputStream: /ccnx.org/test/SyncTestRepo-15-03-16-09.59.21/ccnSyncTest/slice4/randomFile/=FD05506390DDC7 blocksize is 4096
三月 16, 2015 9:59:41 上午 org.ccnx.ccn.io.CCNAbstractOutputStream startWrite
信息: CCNAbstractOutputStream: startWrite -- searching for keys.
三月 16, 2015 9:59:41 上午 org.ccnx.ccn.profiles.security.access.AccessControlManager keysForOutput
信息: keysForOutput: found an acm: (null)
三月 16, 2015 9:59:41 上午 org.ccnx.ccn.impl.repo.RepositoryFlowControl startWrite
信息: RepositoryFlowControl.startWrite called for name /ccnx.org/test/SyncTestRepo-15-03-16-09.59.21/ccnSyncTest/slice4/randomFile/=FD05506390DDC7, shape STREAM
三月 16, 2015 9:59:41 上午 org.ccnx.ccn.impl.repo.RepositoryFlowControl handleContent
信息: handleContent: got potential repo message: /ccnx.org/test/SyncTestRepo-15-03-16-09.59.21/ccnSyncTest/slice4/randomFile/=FD05506390DDC7/%C1.R.sw/%C1.N=009292DA43D14CD378
三月 16, 2015 9:59:41 上午 org.ccnx.ccn.io.CCNOutputStream flushToNetwork
信息: flush: outputting to the segmenter, baseName /ccnx.org/test/SyncTestRepo-15-03-16-09.59.21/ccnSyncTest/slice4/randomFile/=FD05506390DDC7 basenameindex =0001; 2465 bytes written, holding back 2465 flushing final blocks? false.
三月 16, 2015 9:59:41 上午 org.ccnx.ccn.io.CCNOutputStream flushToNetwork
信息: HEADER: CCNOutputStream: flushToNetwork: new _baseNameIndex 1
三月 16, 2015 9:59:41 上午 org.ccnx.ccn.io.CCNOutputStream flushToNetwork
信息: flush: outputting to the segmenter, baseName /ccnx.org/test/SyncTestRepo-15-03-16-09.59.21/ccnSyncTest/slice4/randomFile/=FD05506390DDC7 basenameindex =0001; 2465 bytes written, holding back 2465 flushing final blocks? false.
三月 16, 2015 9:59:41 上午 org.ccnx.ccn.io.CCNOutputStream flushToNetwork
信息: HEADER: CCNOutputStream: flushToNetwork: new _baseNameIndex 1
三月 16, 2015 9:59:41 上午 org.ccnx.ccn.io.CCNOutputStream flushToNetwork
信息: flush: outputting to the segmenter, baseName /ccnx.org/test/SyncTestRepo-15-03-16-09.59.21/ccnSyncTest/slice4/randomFile/=FD05506390DDC7 basenameindex =0001; 2465 bytes written, holding back 0 flushing final blocks? true.
三月 16, 2015 9:59:41 上午 org.ccnx.ccn.io.CCNOutputStream flushToNetwork
信息: HEADER: CCNOutputStream: flushToNetwork: new _baseNameIndex 2
三月 16, 2015 9:59:41 上午 org.ccnx.ccn.io.CCNAbstractOutputStream <init>
信息: CCNAbstractOutputStream: /ccnx.org/test/SyncTestRepo-15-03-16-09.59.21/ccnSyncTest/slice4/randomFile/=FD05506390DDC7/%C1.META.M/.header/=FD05506390DE08 blocksize is 4096
三月 16, 2015 9:59:41 上午 org.ccnx.ccn.io.CCNAbstractOutputStream startWrite
信息: CCNAbstractOutputStream: startWrite -- searching for keys.
三月 16, 2015 9:59:41 上午 org.ccnx.ccn.profiles.security.access.AccessControlManager keysForOutput
信息: keysForOutput: found an acm: (null)
三月 16, 2015 9:59:41 上午 org.ccnx.ccn.impl.repo.RepositoryFlowControl startWrite
信息: RepositoryFlowControl.startWrite called for name /ccnx.org/test/SyncTestRepo-15-03-16-09.59.21/ccnSyncTest/slice4/randomFile/=FD05506390DDC7/%C1.META.M/.header/=FD05506390DE08, shape STREAM
三月 16, 2015 9:59:41 上午 org.ccnx.ccn.impl.repo.RepositoryFlowControl handleContent
信息: handleContent: got potential repo message: /ccnx.org/test/SyncTestRepo-15-03-16-09.59.21/ccnSyncTest/slice4/randomFile/=FD05506390DDC7/%C1.META.M/.header/=FD05506390DE08/%C1.R.sw/%C1.N=00AFF5CCE1C10BF9B6
三月 16, 2015 9:59:41 上午 org.ccnx.ccn.io.CCNOutputStream flushToNetwork
信息: flush: outputting to the segmenter, baseName /ccnx.org/test/SyncTestRepo-15-03-16-09.59.21/ccnSyncTest/slice4/randomFile/=FD05506390DDC7/%C1.META.M/.header/=FD05506390DE08 basenameindex =00; 66 bytes written, holding back 66 flushing final blocks? false.
三月 16, 2015 9:59:41 上午 org.ccnx.ccn.io.CCNOutputStream flushToNetwork
信息: HEADER: CCNOutputStream: flushToNetwork: new _baseNameIndex 0
三月 16, 2015 9:59:41 上午 org.ccnx.ccn.io.CCNOutputStream flushToNetwork
信息: flush: outputting to the segmenter, baseName /ccnx.org/test/SyncTestRepo-15-03-16-09.59.21/ccnSyncTest/slice4/randomFile/=FD05506390DDC7/%C1.META.M/.header/=FD05506390DE08 basenameindex =00; 66 bytes written, holding back 66 flushing final blocks? false.
三月 16, 2015 9:59:41 上午 org.ccnx.ccn.io.CCNOutputStream flushToNetwork
信息: HEADER: CCNOutputStream: flushToNetwork: new _baseNameIndex 0
三月 16, 2015 9:59:41 上午 org.ccnx.ccn.io.CCNOutputStream flushToNetwork
信息: flush: outputting to the segmenter, baseName /ccnx.org/test/SyncTestRepo-15-03-16-09.59.21/ccnSyncTest/slice4/randomFile/=FD05506390DDC7/%C1.META.M/.header/=FD05506390DE08 basenameindex =00; 66 bytes written, holding back 0 flushing final blocks? true.
三月 16, 2015 9:59:41 上午 org.ccnx.ccn.io.CCNOutputStream flushToNetwork
信息: HEADER: CCNOutputStream: flushToNetwork: new _baseNameIndex 1
三月 16, 2015 9:59:41 上午 org.ccnx.ccn.io.CCNOutputStream close
信息: CCNOutputStream close: /ccnx.org/test/SyncTestRepo-15-03-16-09.59.21/ccnSyncTest/slice4/randomFile/=FD05506390DDC7/%C1.META.M/.header/=FD05506390DE08
三月 16, 2015 9:59:41 上午 org.ccnx.ccn.io.CCNOutputStream close
信息: CCNOutputStream close: /ccnx.org/test/SyncTestRepo-15-03-16-09.59.21/ccnSyncTest/slice4/randomFile/=FD05506390DDC7
三月 16, 2015 9:59:41 上午 org.ccnx.ccn.profiles.sync.SyncTestCommon writeFile
信息: Wrote file to repository: /ccnx.org/test/SyncTestRepo-15-03-16-09.59.21/ccnSyncTest/slice4/randomFile/=FD05506390DDC7 with 3 segments
三月 16, 2015 9:59:41 上午 org.ccnx.ccn.impl.CCNFlowControl <init>
信息: adding namespace: /ccnx.org/test/SyncTestRepo-15-03-16-09.59.21/ccnSyncTest/slice5/randomFile
三月 16, 2015 9:59:41 上午 org.ccnx.ccn.impl.security.keys.BasicKeyManager getKeyLocator
信息: getKeyLocator: returning locator NAME: /ccnx.org/Users/cb/Keys/%C1.M.K%00K=B082A16E5382FBAAA09FBE303E24E042E37E88C290E054292521DECA236523/=FD055059931000 KEY:itggagmsks2vela17tu60v29o22sdv8hgkgs1a2i991rr526p93 for key S7CCoW5TgvuqoJ++MD4k4ELjfojCkOBUKSUh3sojZSM=
三月 16, 2015 9:59:41 上午 org.ccnx.ccn.io.CCNAbstractOutputStream <init>
信息: CCNAbstractOutputStream: /ccnx.org/test/SyncTestRepo-15-03-16-09.59.21/ccnSyncTest/slice5/randomFile/=FD05506390DF96 blocksize is 4096
三月 16, 2015 9:59:41 上午 org.ccnx.ccn.io.CCNAbstractOutputStream startWrite
信息: CCNAbstractOutputStream: startWrite -- searching for keys.
三月 16, 2015 9:59:41 上午 org.ccnx.ccn.profiles.security.access.AccessControlManager keysForOutput
信息: keysForOutput: found an acm: (null)
三月 16, 2015 9:59:41 上午 org.ccnx.ccn.impl.repo.RepositoryFlowControl startWrite
信息: RepositoryFlowControl.startWrite called for name /ccnx.org/test/SyncTestRepo-15-03-16-09.59.21/ccnSyncTest/slice5/randomFile/=FD05506390DF96, shape STREAM
三月 16, 2015 9:59:41 上午 org.ccnx.ccn.impl.repo.RepositoryFlowControl handleContent
信息: handleContent: got potential repo message: /ccnx.org/test/SyncTestRepo-15-03-16-09.59.21/ccnSyncTest/slice5/randomFile/=FD05506390DF96/%C1.R.sw/%C1.N=00075263969804108E
三月 16, 2015 9:59:41 上午 org.ccnx.ccn.io.CCNOutputStream flushToNetwork
信息: flush: outputting to the segmenter, baseName /ccnx.org/test/SyncTestRepo-15-03-16-09.59.21/ccnSyncTest/slice5/randomFile/=FD05506390DF96 basenameindex =0002; 775 bytes written, holding back 775 flushing final blocks? false.
三月 16, 2015 9:59:41 上午 org.ccnx.ccn.impl.CCNSegmenter outputCurrentBlocks
信息: flush: putting merkle tree to the network, name starts with /ccnx.org/test/SyncTestRepo-15-03-16-09.59.21/ccnSyncTest/slice5/randomFile/=FD05506390DF96/=00; 2 blocks
三月 16, 2015 9:59:41 上午 org.ccnx.ccn.impl.security.crypto.CCNMerkleTreeSigner signBlocks
信息: Signed tree of 2 leaves, 3 nodes.
三月 16, 2015 9:59:41 上午 org.ccnx.ccn.io.CCNOutputStream flushToNetwork
信息: HEADER: CCNOutputStream: flushToNetwork: new _baseNameIndex 2
三月 16, 2015 9:59:41 上午 org.ccnx.ccn.io.CCNOutputStream flushToNetwork
信息: flush: outputting to the segmenter, baseName /ccnx.org/test/SyncTestRepo-15-03-16-09.59.21/ccnSyncTest/slice5/randomFile/=FD05506390DF96 basenameindex =0002; 775 bytes written, holding back 775 flushing final blocks? false.
三月 16, 2015 9:59:41 上午 org.ccnx.ccn.io.CCNOutputStream flushToNetwork
信息: HEADER: CCNOutputStream: flushToNetwork: new _baseNameIndex 2
三月 16, 2015 9:59:41 上午 org.ccnx.ccn.io.CCNOutputStream flushToNetwork
信息: flush: outputting to the segmenter, baseName /ccnx.org/test/SyncTestRepo-15-03-16-09.59.21/ccnSyncTest/slice5/randomFile/=FD05506390DF96 basenameindex =0002; 775 bytes written, holding back 0 flushing final blocks? true.
三月 16, 2015 9:59:42 上午 org.ccnx.ccn.io.CCNOutputStream flushToNetwork
信息: HEADER: CCNOutputStream: flushToNetwork: new _baseNameIndex 3
三月 16, 2015 9:59:42 上午 org.ccnx.ccn.io.CCNAbstractOutputStream <init>
信息: CCNAbstractOutputStream: /ccnx.org/test/SyncTestRepo-15-03-16-09.59.21/ccnSyncTest/slice5/randomFile/=FD05506390DF96/%C1.META.M/.header/=FD05506390E000 blocksize is 4096
三月 16, 2015 9:59:42 上午 org.ccnx.ccn.io.CCNAbstractOutputStream startWrite
信息: CCNAbstractOutputStream: startWrite -- searching for keys.
三月 16, 2015 9:59:42 上午 org.ccnx.ccn.profiles.security.access.AccessControlManager keysForOutput
信息: keysForOutput: found an acm: (null)
三月 16, 2015 9:59:42 上午 org.ccnx.ccn.impl.repo.RepositoryFlowControl startWrite
信息: RepositoryFlowControl.startWrite called for name /ccnx.org/test/SyncTestRepo-15-03-16-09.59.21/ccnSyncTest/slice5/randomFile/=FD05506390DF96/%C1.META.M/.header/=FD05506390E000, shape STREAM
三月 16, 2015 9:59:42 上午 org.ccnx.ccn.impl.repo.RepositoryFlowControl handleContent
信息: handleContent: got potential repo message: /ccnx.org/test/SyncTestRepo-15-03-16-09.59.21/ccnSyncTest/slice5/randomFile/=FD05506390DF96/%C1.META.M/.header/=FD05506390E000/%C1.R.sw/%C1.N=00EF93ED60B9558122
三月 16, 2015 9:59:42 上午 org.ccnx.ccn.io.CCNOutputStream flushToNetwork
信息: flush: outputting to the segmenter, baseName /ccnx.org/test/SyncTestRepo-15-03-16-09.59.21/ccnSyncTest/slice5/randomFile/=FD05506390DF96/%C1.META.M/.header/=FD05506390E000 basenameindex =00; 66 bytes written, holding back 66 flushing final blocks? false.
三月 16, 2015 9:59:42 上午 org.ccnx.ccn.io.CCNOutputStream flushToNetwork
信息: HEADER: CCNOutputStream: flushToNetwork: new _baseNameIndex 0
三月 16, 2015 9:59:42 上午 org.ccnx.ccn.io.CCNOutputStream flushToNetwork
信息: flush: outputting to the segmenter, baseName /ccnx.org/test/SyncTestRepo-15-03-16-09.59.21/ccnSyncTest/slice5/randomFile/=FD05506390DF96/%C1.META.M/.header/=FD05506390E000 basenameindex =00; 66 bytes written, holding back 66 flushing final blocks? false.
三月 16, 2015 9:59:42 上午 org.ccnx.ccn.io.CCNOutputStream flushToNetwork
信息: HEADER: CCNOutputStream: flushToNetwork: new _baseNameIndex 0
三月 16, 2015 9:59:42 上午 org.ccnx.ccn.io.CCNOutputStream flushToNetwork
信息: flush: outputting to the segmenter, baseName /ccnx.org/test/SyncTestRepo-15-03-16-09.59.21/ccnSyncTest/slice5/randomFile/=FD05506390DF96/%C1.META.M/.header/=FD05506390E000 basenameindex =00; 66 bytes written, holding back 0 flushing final blocks? true.
三月 16, 2015 9:59:42 上午 org.ccnx.ccn.io.CCNOutputStream flushToNetwork
信息: HEADER: CCNOutputStream: flushToNetwork: new _baseNameIndex 1
三月 16, 2015 9:59:42 上午 org.ccnx.ccn.io.CCNOutputStream close
信息: CCNOutputStream close: /ccnx.org/test/SyncTestRepo-15-03-16-09.59.21/ccnSyncTest/slice5/randomFile/=FD05506390DF96/%C1.META.M/.header/=FD05506390E000
三月 16, 2015 9:59:42 上午 org.ccnx.ccn.io.CCNOutputStream close
信息: CCNOutputStream close: /ccnx.org/test/SyncTestRepo-15-03-16-09.59.21/ccnSyncTest/slice5/randomFile/=FD05506390DF96
三月 16, 2015 9:59:42 上午 org.ccnx.ccn.profiles.sync.SyncTestCommon writeFile
信息: Wrote file to repository: /ccnx.org/test/SyncTestRepo-15-03-16-09.59.21/ccnSyncTest/slice5/randomFile/=FD05506390DF96 with 4 segments
三月 16, 2015 9:59:45 上午 org.ccnx.ccn.impl.sync.ProtocolBasedSyncMonitor handleContent
信息: Saw new content from sync: /ccnx.org/test/SyncTestRepo-15-03-16-09.59.21/topoPrefix/%C1.S.ra/K7GW%12aXJB=F4B0341275065893FF931C35B61F17E2C0C6CD8BE029E5/.../=01254BB589C7CA98B946CB8822FE86ECDB9D0CB1DD82DB567561761B856DC4F786
三月 16, 2015 9:59:45 上午 org.ccnx.ccn.impl.encoding.BinaryXMLDecoder setElement
信息: Reset decode array sizes to 150
三月 16, 2015 9:59:45 上午 org.ccnx.ccn.impl.encoding.BinaryXMLDecoder setElement
信息: Reset decode array sizes to 225
三月 16, 2015 9:59:45 上午 org.ccnx.ccn.impl.sync.SliceComparator run
信息: Starting new round with X = null and Y = =01254BB589C7CA98B946CB8822FE86ECDB9D0CB1DD82DB567561761B856DC4F786
三月 16, 2015 9:59:45 上午 org.ccnx.ccn.profiles.sync.SyncTestRepo doHandleContentName
信息: Number 1: Callback for name: /ccnx.org/test/SyncTestRepo-15-03-16-09.59.21/ccnSyncTest/slice4/randomFile/=FD05506390DDC7/=00 - number is 0
三月 16, 2015 9:59:45 上午 org.ccnx.ccn.profiles.sync.SyncTestRepo doHandleContentName
信息: Number 1: Callback for name: /ccnx.org/test/SyncTestRepo-15-03-16-09.59.21/ccnSyncTest/slice4/randomFile/=FD05506390DDC7/=0001 - number is 1
三月 16, 2015 9:59:45 上午 org.ccnx.ccn.profiles.sync.SyncTestRepo doHandleContentName
信息: Number 1: Callback for name: /ccnx.org/test/SyncTestRepo-15-03-16-09.59.21/ccnSyncTest/slice4/randomFile/=FD05506390DDC7/%C1.META.M/.header/=FD05506390DE08/=00 - number is header
三月 16, 2015 9:59:45 上午 org.ccnx.ccn.impl.sync.ProtocolBasedSyncMonitor handleContent
信息: Saw new content from sync: /ccnx.org/test/SyncTestRepo-15-03-16-09.59.21/topoPrefix/%C1.S.ra/=1ADA7FEE78E98E8AC4FA414EFB7AAECB1E82E3CE48020ABEF74906CEE90CAA93/.../%02K=8F04506F2FE4AF9D25FB9A00BF4BCE94D2E0DAE63BE7F6E6BB292A9AD57CE8
三月 16, 2015 9:59:45 上午 org.ccnx.ccn.impl.encoding.BinaryXMLDecoder setElement
信息: Reset decode array sizes to 150
三月 16, 2015 9:59:45 上午 org.ccnx.ccn.impl.encoding.BinaryXMLDecoder setElement
信息: Reset decode array sizes to 225
三月 16, 2015 9:59:45 上午 org.ccnx.ccn.impl.sync.SliceComparator run
信息: Starting new round with X = null and Y = %02K=8F04506F2FE4AF9D25FB9A00BF4BCE94D2E0DAE63BE7F6E6BB292A9AD57CE8
三月 16, 2015 9:59:45 上午 org.ccnx.ccn.profiles.sync.SyncTestRepo doHandleContentName
信息: Number 1: Callback for name: /ccnx.org/test/SyncTestRepo-15-03-16-09.59.21/ccnSyncTest/slice5/randomFile/=FD05506390DF96/=00 - number is 0
三月 16, 2015 9:59:45 上午 org.ccnx.ccn.profiles.sync.SyncTestRepo doHandleContentName
信息: Number 1: Callback for name: /ccnx.org/test/SyncTestRepo-15-03-16-09.59.21/ccnSyncTest/slice5/randomFile/=FD05506390DF96/=0001 - number is 1
三月 16, 2015 9:59:45 上午 org.ccnx.ccn.profiles.sync.SyncTestRepo doHandleContentName
信息: Number 1: Callback for name: /ccnx.org/test/SyncTestRepo-15-03-16-09.59.21/ccnSyncTest/slice5/randomFile/=FD05506390DF96/=0002 - number is 2
三月 16, 2015 9:59:45 上午 org.ccnx.ccn.profiles.sync.SyncTestRepo doHandleContentName
信息: Number 1: Callback for name: /ccnx.org/test/SyncTestRepo-15-03-16-09.59.21/ccnSyncTest/slice5/randomFile/=FD05506390DF96/%C1.META.M/.header/=FD05506390E000/=00 - number is header
三月 16, 2015 9:59:46 上午 org.ccnx.ccn.impl.sync.ProtocolBasedSyncMonitor shutdown
信息: Shutting down sync on slice: /ccnx.org/test/SyncTestRepo-15-03-16-09.59.21/ccnSyncTest/slice4
三月 16, 2015 9:59:46 上午 org.ccnx.ccn.impl.sync.ProtocolBasedSyncMonitor shutdown
信息: Shutting down sync on slice: /ccnx.org/test/SyncTestRepo-15-03-16-09.59.21/ccnSyncTest/slice5
三月 16, 2015 9:59:46 上午 org.ccnx.ccn.profiles.sync.SyncTestRepo testCallbackRegistration
信息: Finished running testSyncStop
三月 16, 2015 9:59:46 上午 org.ccnx.ccn.profiles.sync.SyncTestRepo testSyncRestart
信息: Starting testSyncRestart
三月 16, 2015 9:59:46 上午 org.ccnx.ccn.io.content.CCNNetworkObject createFlowController
信息: Created LOCALREPOSITORY flow controller, for prefix /%C1.M.S.localhost/%C1.S.cs/=2F0E042296DA480E4F6D58225A5628B1544FBFAE84790740F08367B5F5A76805, save type LOCALREPOSITORY
[...]
信息: handleContent: got potential repo message: /%C1.M.S.localhost/%C1.S.cs/=1ADA7FEE78E98E8AC4FA414EFB7AAECB1E82E3CE48020ABEF74906CEE90CAA93/=FD055063951379/%C1.R.sw/%C1.N=00C9EFDEF635307FEF
三月 16, 2015 10:00:49 上午 org.ccnx.ccn.io.content.CCNNetworkObject update
信息: Updating object to /%C1.M.S.localhost/%C1.S.cs/=2F0E042296DA480E4F6D58225A5628B1544FBFAE84790740F08367B5F5A76805.
三月 16, 2015 10:00:49 上午 org.ccnx.ccn.io.CCNAbstractInputStream <init>
信息: CCNAbstractInputStream: /%C1.M.S.localhost/%C1.S.cs/=2F0E042296DA480E4F6D58225A5628B1544FBFAE84790740F08367B5F5A76805 segment 0
三月 16, 2015 10:00:49 上午 org.ccnx.ccn.io.CCNVersionedInputStream getFirstSegment
信息: getFirstSegment: getting latest version of /%C1.M.S.localhost/%C1.S.cs/=2F0E042296DA480E4F6D58225A5628B1544FBFAE84790740F08367B5F5A76805
三月 16, 2015 10:00:49 上午 org.ccnx.ccn.profiles.VersioningProfile getLatestVersion
信息: gLV getLatestVersion: retrieved latest version object /%C1.M.S.localhost/%C1.S.cs/=2F0E042296DA480E4F6D58225A5628B1544FBFAE84790740F08367B5F5A76805/=FD05506391260C/=00 type: DATA
三月 16, 2015 10:00:49 上午 org.ccnx.ccn.profiles.VersioningProfile getLatestVersion
信息: getFirstBlockOfLatestVersion: no block available for later version of /%C1.M.S.localhost/%C1.S.cs/=2F0E042296DA480E4F6D58225A5628B1544FBFAE84790740F08367B5F5A76805/=FD05506391260C
三月 16, 2015 10:00:49 上午 org.ccnx.ccn.io.CCNVersionedInputStream getFirstSegment
信息: getFirstSegment: retrieved latest version object /%C1.M.S.localhost/%C1.S.cs/=2F0E042296DA480E4F6D58225A5628B1544FBFAE84790740F08367B5F5A76805/=FD05506391260C/=00 type: DATA
三月 16, 2015 10:00:49 上午 org.ccnx.ccn.io.content.CCNNetworkObject createFlowController
信息: Created LOCALREPOSITORY flow controller, for prefix /%C1.M.S.localhost/%C1.S.cs/=2F0E042296DA480E4F6D58225A5628B1544FBFAE84790740F08367B5F5A76805, save type LOCALREPOSITORY
三月 16, 2015 10:00:49 上午 org.ccnx.ccn.impl.CCNFlowControl addNameSpace
信息: Flow controller addNameSpace: added namespace: /%C1.M.S.localhost/%C1.S.cs/=2F0E042296DA480E4F6D58225A5628B1544FBFAE84790740F08367B5F5A76805
三月 16, 2015 10:00:49 上午 org.ccnx.ccn.impl.security.keys.BasicKeyManager getKeyLocator
信息: getKeyLocator: returning locator NAME: /ccnx.org/Users/cb/Keys/%C1.M.K%00K=B082A16E5382FBAAA09FBE303E24E042E37E88C290E054292521DECA236523/=FD055059931000 KEY:itggagmsks2vela17tu60v29o22sdv8hgkgs1a2i991rr526p93 for key S7CCoW5TgvuqoJ++MD4k4ELjfojCkOBUKSUh3sojZSM=
三月 16, 2015 10:00:49 上午 org.ccnx.ccn.impl.CCNFlowControl addNameSpace
信息: addNameSpace: not adding name: /%C1.M.S.localhost/%C1.S.cs/=2F0E042296DA480E4F6D58225A5628B1544FBFAE84790740F08367B5F5A76805/=FD055063951A83 already monitoring prefix: /%C1.M.S.localhost/%C1.S.cs/=2F0E042296DA480E4F6D58225A5628B1544FBFAE84790740F08367B5F5A76805
三月 16, 2015 10:00:49 上午 org.ccnx.ccn.impl.repo.RepositoryFlowControl startWrite
信息: RepositoryFlowControl.startWrite called for name /%C1.M.S.localhost/%C1.S.cs/=2F0E042296DA480E4F6D58225A5628B1544FBFAE84790740F08367B5F5A76805/=FD055063951A83, shape STREAM
三月 16, 2015 10:00:49 上午 org.ccnx.ccn.impl.repo.RepositoryFlowControl handleContent
信息: handleContent: got potential repo message: /%C1.M.S.localhost/%C1.S.cs/=2F0E042296DA480E4F6D58225A5628B1544FBFAE84790740F08367B5F5A76805/=FD055063951A83/%C1.R.sw/%C1.N=00B8A4E468F732F29D
三月 16, 2015 10:00:49 上午 org.ccnx.ccn.io.content.CCNNetworkObject update
信息: Updating object to /%C1.M.S.localhost/%C1.S.cs/q-=AB263074701D094B06818879B46C928DCF693B64F3603515024FAB422BDB.
三月 16, 2015 10:00:49 上午 org.ccnx.ccn.io.CCNAbstractInputStream <init>
信息: CCNAbstractInputStream: /%C1.M.S.localhost/%C1.S.cs/q-=AB263074701D094B06818879B46C928DCF693B64F3603515024FAB422BDB segment 0
三月 16, 2015 10:00:49 上午 org.ccnx.ccn.io.CCNVersionedInputStream getFirstSegment
信息: getFirstSegment: getting latest version of /%C1.M.S.localhost/%C1.S.cs/q-=AB263074701D094B06818879B46C928DCF693B64F3603515024FAB422BDB
三月 16, 2015 10:00:49 上午 org.ccnx.ccn.profiles.VersioningProfile getLatestVersion
信息: gLV getLatestVersion: retrieved latest version object /%C1.M.S.localhost/%C1.S.cs/q-=AB263074701D094B06818879B46C928DCF693B64F3603515024FAB422BDB/=FD0550639245DB/=00 type: DATA
三月 16, 2015 10:00:50 上午 org.ccnx.ccn.profiles.VersioningProfile getLatestVersion
信息: getFirstBlockOfLatestVersion: no block available for later version of /%C1.M.S.localhost/%C1.S.cs/q-=AB263074701D094B06818879B46C928DCF693B64F3603515024FAB422BDB/=FD0550639245DB
三月 16, 2015 10:00:50 上午 org.ccnx.ccn.io.CCNVersionedInputStream getFirstSegment
信息: getFirstSegment: retrieved latest version object /%C1.M.S.localhost/%C1.S.cs/q-=AB263074701D094B06818879B46C928DCF693B64F3603515024FAB422BDB/=FD0550639245DB/=00 type: DATA
三月 16, 2015 10:00:50 上午 org.ccnx.ccn.io.content.CCNNetworkObject createFlowController
信息: Created LOCALREPOSITORY flow controller, for prefix /%C1.M.S.localhost/%C1.S.cs/q-=AB263074701D094B06818879B46C928DCF693B64F3603515024FAB422BDB, save type LOCALREPOSITORY
三月 16, 2015 10:00:50 上午 org.ccnx.ccn.impl.CCNFlowControl addNameSpace
信息: Flow controller addNameSpace: added namespace: /%C1.M.S.localhost/%C1.S.cs/q-=AB263074701D094B06818879B46C928DCF693B64F3603515024FAB422BDB
三月 16, 2015 10:00:50 上午 org.ccnx.ccn.impl.security.keys.BasicKeyManager getKeyLocator
信息: getKeyLocator: returning locator NAME: /ccnx.org/Users/cb/Keys/%C1.M.K%00K=B082A16E5382FBAAA09FBE303E24E042E37E88C290E054292521DECA236523/=FD055059931000 KEY:itggagmsks2vela17tu60v29o22sdv8hgkgs1a2i991rr526p93 for key S7CCoW5TgvuqoJ++MD4k4ELjfojCkOBUKSUh3sojZSM=
三月 16, 2015 10:00:50 上午 org.ccnx.ccn.impl.CCNFlowControl addNameSpace
信息: addNameSpace: not adding name: /%C1.M.S.localhost/%C1.S.cs/q-=AB263074701D094B06818879B46C928DCF693B64F3603515024FAB422BDB/=FD0550639521BA already monitoring prefix: /%C1.M.S.localhost/%C1.S.cs/q-=AB263074701D094B06818879B46C928DCF693B64F3603515024FAB422BDB
三月 16, 2015 10:00:50 上午 org.ccnx.ccn.impl.repo.RepositoryFlowControl startWrite
信息: RepositoryFlowControl.startWrite called for name /%C1.M.S.localhost/%C1.S.cs/q-=AB263074701D094B06818879B46C928DCF693B64F3603515024FAB422BDB/=FD0550639521BA, shape STREAM
三月 16, 2015 10:00:50 上午 org.ccnx.ccn.impl.repo.RepositoryFlowControl handleContent
信息: handleContent: got potential repo message: /%C1.M.S.localhost/%C1.S.cs/q-=AB263074701D094B06818879B46C928DCF693B64F3603515024FAB422BDB/=FD0550639521BA/%C1.R.sw/%C1.N%00.B=5B04E81B5D9C
三月 16, 2015 10:00:50 上午 org.ccnx.ccn.io.content.CCNNetworkObject update
信息: Updating object to /%C1.M.S.localhost/%C1.S.cs/%EB_~=AE85639838E1DB62CA887174DF662AC2BDD0D741278B41487F9C2C91A1.
三月 16, 2015 10:00:50 上午 org.ccnx.ccn.io.CCNAbstractInputStream <init>
信息: CCNAbstractInputStream: /%C1.M.S.localhost/%C1.S.cs/%EB_~=AE85639838E1DB62CA887174DF662AC2BDD0D741278B41487F9C2C91A1 segment 0
三月 16, 2015 10:00:50 上午 org.ccnx.ccn.io.CCNVersionedInputStream getFirstSegment
信息: getFirstSegment: getting latest version of /%C1.M.S.localhost/%C1.S.cs/%EB_~=AE85639838E1DB62CA887174DF662AC2BDD0D741278B41487F9C2C91A1
三月 16, 2015 10:00:50 上午 org.ccnx.ccn.profiles.VersioningProfile getLatestVersion
信息: gLV getLatestVersion: retrieved latest version object /%C1.M.S.localhost/%C1.S.cs/%EB_~=AE85639838E1DB62CA887174DF662AC2BDD0D741278B41487F9C2C91A1/=FD055063932656/=00 type: DATA
三月 16, 2015 10:00:50 上午 org.ccnx.ccn.profiles.VersioningProfile getLatestVersion
信息: getFirstBlockOfLatestVersion: no block available for later version of /%C1.M.S.localhost/%C1.S.cs/%EB_~=AE85639838E1DB62CA887174DF662AC2BDD0D741278B41487F9C2C91A1/=FD055063932656
三月 16, 2015 10:00:50 上午 org.ccnx.ccn.io.CCNVersionedInputStream getFirstSegment
信息: getFirstSegment: retrieved latest version object /%C1.M.S.localhost/%C1.S.cs/%EB_~=AE85639838E1DB62CA887174DF662AC2BDD0D741278B41487F9C2C91A1/=FD055063932656/=00 type: DATA
三月 16, 2015 10:00:50 上午 org.ccnx.ccn.io.content.CCNNetworkObject createFlowController
信息: Created LOCALREPOSITORY flow controller, for prefix /%C1.M.S.localhost/%C1.S.cs/%EB_~=AE85639838E1DB62CA887174DF662AC2BDD0D741278B41487F9C2C91A1, save type LOCALREPOSITORY
三月 16, 2015 10:00:50 上午 org.ccnx.ccn.impl.CCNFlowControl addNameSpace
信息: Flow controller addNameSpace: added namespace: /%C1.M.S.localhost/%C1.S.cs/%EB_~=AE85639838E1DB62CA887174DF662AC2BDD0D741278B41487F9C2C91A1
三月 16, 2015 10:00:50 上午 org.ccnx.ccn.impl.security.keys.BasicKeyManager getKeyLocator
信息: getKeyLocator: returning locator NAME: /ccnx.org/Users/cb/Keys/%C1.M.K%00K=B082A16E5382FBAAA09FBE303E24E042E37E88C290E054292521DECA236523/=FD055059931000 KEY:itggagmsks2vela17tu60v29o22sdv8hgkgs1a2i991rr526p93 for key S7CCoW5TgvuqoJ++MD4k4ELjfojCkOBUKSUh3sojZSM=
三月 16, 2015 10:00:50 上午 org.ccnx.ccn.impl.CCNFlowControl addNameSpace
信息: addNameSpace: not adding name: /%C1.M.S.localhost/%C1.S.cs/%EB_~=AE85639838E1DB62CA887174DF662AC2BDD0D741278B41487F9C2C91A1/=FD0550639528F6 already monitoring prefix: /%C1.M.S.localhost/%C1.S.cs/%EB_~=AE85639838E1DB62CA887174DF662AC2BDD0D741278B41487F9C2C91A1
三月 16, 2015 10:00:50 上午 org.ccnx.ccn.impl.repo.RepositoryFlowControl startWrite
信息: RepositoryFlowControl.startWrite called for name /%C1.M.S.localhost/%C1.S.cs/%EB_~=AE85639838E1DB62CA887174DF662AC2BDD0D741278B41487F9C2C91A1/=FD0550639528F6, shape STREAM
三月 16, 2015 10:00:50 上午 org.ccnx.ccn.impl.repo.RepositoryFlowControl handleContent
信息: handleContent: got potential repo message: /%C1.M.S.localhost/%C1.S.cs/%EB_~=AE85639838E1DB62CA887174DF662AC2BDD0D741278B41487F9C2C91A1/=FD0550639528F6/%C1.R.sw/%C1.N=00A66A8AB20F38D004
三月 16, 2015 10:00:50 上午 org.ccnx.ccn.io.content.CCNNetworkObject update
信息: Updating object to /%C1.M.S.localhost/%C1.S.cs/=05E3FB4FAF0510BBF5BF29496DDF80A4A0DA958121B8E27B4AEF3E3F32665B8C.
三月 16, 2015 10:00:50 上午 org.ccnx.ccn.io.CCNAbstractInputStream <init>
信息: CCNAbstractInputStream: /%C1.M.S.localhost/%C1.S.cs/=05E3FB4FAF0510BBF5BF29496DDF80A4A0DA958121B8E27B4AEF3E3F32665B8C segment 0
三月 16, 2015 10:00:50 上午 org.ccnx.ccn.io.CCNVersionedInputStream getFirstSegment
信息: getFirstSegment: getting latest version of /%C1.M.S.localhost/%C1.S.cs/=05E3FB4FAF0510BBF5BF29496DDF80A4A0DA958121B8E27B4AEF3E3F32665B8C
三月 16, 2015 10:00:50 上午 org.ccnx.ccn.profiles.VersioningProfile getLatestVersion
信息: gLV getLatestVersion: retrieved latest version object /%C1.M.S.localhost/%C1.S.cs/=05E3FB4FAF0510BBF5BF29496DDF80A4A0DA958121B8E27B4AEF3E3F32665B8C/=FD05506393760C/=00 type: DATA
三月 16, 2015 10:00:51 上午 org.ccnx.ccn.profiles.VersioningProfile getLatestVersion
信息: getFirstBlockOfLatestVersion: no block available for later version of /%C1.M.S.localhost/%C1.S.cs/=05E3FB4FAF0510BBF5BF29496DDF80A4A0DA958121B8E27B4AEF3E3F32665B8C/=FD05506393760C
三月 16, 2015 10:00:51 上午 org.ccnx.ccn.io.CCNVersionedInputStream getFirstSegment
信息: getFirstSegment: retrieved latest version object /%C1.M.S.localhost/%C1.S.cs/=05E3FB4FAF0510BBF5BF29496DDF80A4A0DA958121B8E27B4AEF3E3F32665B8C/=FD05506393760C/=00 type: DATA
三月 16, 2015 10:00:51 上午 org.ccnx.ccn.io.content.CCNNetworkObject createFlowController
信息: Created LOCALREPOSITORY flow controller, for prefix /%C1.M.S.localhost/%C1.S.cs/=05E3FB4FAF0510BBF5BF29496DDF80A4A0DA958121B8E27B4AEF3E3F32665B8C, save type LOCALREPOSITORY
三月 16, 2015 10:00:51 上午 org.ccnx.ccn.impl.CCNFlowControl addNameSpace
信息: Flow controller addNameSpace: added namespace: /%C1.M.S.localhost/%C1.S.cs/=05E3FB4FAF0510BBF5BF29496DDF80A4A0DA958121B8E27B4AEF3E3F32665B8C
三月 16, 2015 10:00:51 上午 org.ccnx.ccn.impl.security.keys.BasicKeyManager getKeyLocator
信息: getKeyLocator: returning locator NAME: /ccnx.org/Users/cb/Keys/%C1.M.K%00K=B082A16E5382FBAAA09FBE303E24E042E37E88C290E054292521DECA236523/=FD055059931000 KEY:itggagmsks2vela17tu60v29o22sdv8hgkgs1a2i991rr526p93 for key S7CCoW5TgvuqoJ++MD4k4ELjfojCkOBUKSUh3sojZSM=
三月 16, 2015 10:00:51 上午 org.ccnx.ccn.impl.CCNFlowControl addNameSpace
信息: addNameSpace: not adding name: /%C1.M.S.localhost/%C1.S.cs/=05E3FB4FAF0510BBF5BF29496DDF80A4A0DA958121B8E27B4AEF3E3F32665B8C/=FD055063953008 already monitoring prefix: /%C1.M.S.localhost/%C1.S.cs/=05E3FB4FAF0510BBF5BF29496DDF80A4A0DA958121B8E27B4AEF3E3F32665B8C
三月 16, 2015 10:00:51 上午 org.ccnx.ccn.impl.repo.RepositoryFlowControl startWrite
信息: RepositoryFlowControl.startWrite called for name /%C1.M.S.localhost/%C1.S.cs/=05E3FB4FAF0510BBF5BF29496DDF80A4A0DA958121B8E27B4AEF3E3F32665B8C/=FD055063953008, shape STREAM
三月 16, 2015 10:00:51 上午 org.ccnx.ccn.impl.repo.RepositoryFlowControl handleContent
信息: handleContent: got potential repo message: /%C1.M.S.localhost/%C1.S.cs/=05E3FB4FAF0510BBF5BF29496DDF80A4A0DA958121B8E27B4AEF3E3F32665B8C/=FD055063953008/%C1.R.sw/%C1.N=0084003EA73A040AE2
三月 16, 2015 10:00:51 上午 org.ccnx.ccn.io.content.CCNNetworkObject update
信息: Updating object to /%C1.M.S.localhost/%C1.S.cs/=2C8E9188986CDF2A105DE6B835E792C68E4634558CA29C7787309099A7B4BD63.
三月 16, 2015 10:00:51 上午 org.ccnx.ccn.io.CCNAbstractInputStream <init>
信息: CCNAbstractInputStream: /%C1.M.S.localhost/%C1.S.cs/=2C8E9188986CDF2A105DE6B835E792C68E4634558CA29C7787309099A7B4BD63 segment 0
三月 16, 2015 10:00:51 上午 org.ccnx.ccn.io.CCNVersionedInputStream getFirstSegment
信息: getFirstSegment: getting latest version of /%C1.M.S.localhost/%C1.S.cs/=2C8E9188986CDF2A105DE6B835E792C68E4634558CA29C7787309099A7B4BD63
三月 16, 2015 10:00:51 上午 org.ccnx.ccn.profiles.VersioningProfile getLatestVersion
信息: gLV getLatestVersion: retrieved latest version object /%C1.M.S.localhost/%C1.S.cs/=2C8E9188986CDF2A105DE6B835E792C68E4634558CA29C7787309099A7B4BD63/=FD05506393E78D/=00 type: DATA
三月 16, 2015 10:00:51 上午 org.ccnx.ccn.profiles.VersioningProfile getLatestVersion
信息: getFirstBlockOfLatestVersion: no block available for later version of /%C1.M.S.localhost/%C1.S.cs/=2C8E9188986CDF2A105DE6B835E792C68E4634558CA29C7787309099A7B4BD63/=FD05506393E78D
三月 16, 2015 10:00:51 上午 org.ccnx.ccn.io.CCNVersionedInputStream getFirstSegment
信息: getFirstSegment: retrieved latest version object /%C1.M.S.localhost/%C1.S.cs/=2C8E9188986CDF2A105DE6B835E792C68E4634558CA29C7787309099A7B4BD63/=FD05506393E78D/=00 type: DATA
三月 16, 2015 10:00:51 上午 org.ccnx.ccn.io.content.CCNNetworkObject createFlowController
信息: Created LOCALREPOSITORY flow controller, for prefix /%C1.M.S.localhost/%C1.S.cs/=2C8E9188986CDF2A105DE6B835E792C68E4634558CA29C7787309099A7B4BD63, save type LOCALREPOSITORY
三月 16, 2015 10:00:51 上午 org.ccnx.ccn.impl.CCNFlowControl addNameSpace
信息: Flow controller addNameSpace: added namespace: /%C1.M.S.localhost/%C1.S.cs/=2C8E9188986CDF2A105DE6B835E792C68E4634558CA29C7787309099A7B4BD63
三月 16, 2015 10:00:51 上午 org.ccnx.ccn.impl.security.keys.BasicKeyManager getKeyLocator
信息: getKeyLocator: returning locator NAME: /ccnx.org/Users/cb/Keys/%C1.M.K%00K=B082A16E5382FBAAA09FBE303E24E042E37E88C290E054292521DECA236523/=FD055059931000 KEY:itggagmsks2vela17tu60v29o22sdv8hgkgs1a2i991rr526p93 for key S7CCoW5TgvuqoJ++MD4k4ELjfojCkOBUKSUh3sojZSM=
三月 16, 2015 10:00:51 上午 org.ccnx.ccn.impl.CCNFlowControl addNameSpace
信息: addNameSpace: not adding name: /%C1.M.S.localhost/%C1.S.cs/=2C8E9188986CDF2A105DE6B835E792C68E4634558CA29C7787309099A7B4BD63/=FD05506395373B already monitoring prefix: /%C1.M.S.localhost/%C1.S.cs/=2C8E9188986CDF2A105DE6B835E792C68E4634558CA29C7787309099A7B4BD63
三月 16, 2015 10:00:51 上午 org.ccnx.ccn.impl.repo.RepositoryFlowControl startWrite
信息: RepositoryFlowControl.startWrite called for name /%C1.M.S.localhost/%C1.S.cs/=2C8E9188986CDF2A105DE6B835E792C68E4634558CA29C7787309099A7B4BD63/=FD05506395373B, shape STREAM
三月 16, 2015 10:00:51 上午 org.ccnx.ccn.impl.repo.RepositoryFlowControl handleContent
信息: handleContent: got potential repo message: /%C1.M.S.localhost/%C1.S.cs/=2C8E9188986CDF2A105DE6B835E792C68E4634558CA29C7787309099A7B4BD63/=FD05506395373B/%C1.R.sw/%C1.N%00c%B0t=AE190120A0
三月 16, 2015 10:00:51 上午 org.ccnx.ccn.io.content.CCNNetworkObject update
信息: Updating object to /%C1.M.S.localhost/%C1.S.cs/%EAU2=C6A1712D9E6F7DC777E33770030786D60F1AD302B5A99F826A6EA42F82.
三月 16, 2015 10:00:51 上午 org.ccnx.ccn.io.CCNAbstractInputStream <init>
信息: CCNAbstractInputStream: /%C1.M.S.localhost/%C1.S.cs/%EAU2=C6A1712D9E6F7DC777E33770030786D60F1AD302B5A99F826A6EA42F82 segment 0
三月 16, 2015 10:00:51 上午 org.ccnx.ccn.io.CCNVersionedInputStream getFirstSegment
信息: getFirstSegment: getting latest version of /%C1.M.S.localhost/%C1.S.cs/%EAU2=C6A1712D9E6F7DC777E33770030786D60F1AD302B5A99F826A6EA42F82
三月 16, 2015 10:00:51 上午 org.ccnx.ccn.profiles.VersioningProfile getLatestVersion
信息: gLV getLatestVersion: retrieved latest version object /%C1.M.S.localhost/%C1.S.cs/%EAU2=C6A1712D9E6F7DC777E33770030786D60F1AD302B5A99F826A6EA42F82/=FD05506394F6F2/=00 type: DATA
三月 16, 2015 10:00:51 上午 org.ccnx.ccn.profiles.VersioningProfile getLatestVersion
信息: getFirstBlockOfLatestVersion: no block available for later version of /%C1.M.S.localhost/%C1.S.cs/%EAU2=C6A1712D9E6F7DC777E33770030786D60F1AD302B5A99F826A6EA42F82/=FD05506394F6F2
三月 16, 2015 10:00:51 上午 org.ccnx.ccn.io.CCNVersionedInputStream getFirstSegment
信息: getFirstSegment: retrieved latest version object /%C1.M.S.localhost/%C1.S.cs/%EAU2=C6A1712D9E6F7DC777E33770030786D60F1AD302B5A99F826A6EA42F82/=FD05506394F6F2/=00 type: DATA
三月 16, 2015 10:00:51 上午 org.ccnx.ccn.io.content.CCNNetworkObject createFlowController
信息: Created LOCALREPOSITORY flow controller, for prefix /%C1.M.S.localhost/%C1.S.cs/%EAU2=C6A1712D9E6F7DC777E33770030786D60F1AD302B5A99F826A6EA42F82, save type LOCALREPOSITORY
三月 16, 2015 10:00:51 上午 org.ccnx.ccn.impl.CCNFlowControl addNameSpace
信息: Flow controller addNameSpace: added namespace: /%C1.M.S.localhost/%C1.S.cs/%EAU2=C6A1712D9E6F7DC777E33770030786D60F1AD302B5A99F826A6EA42F82
三月 16, 2015 10:00:51 上午 org.ccnx.ccn.impl.security.keys.BasicKeyManager getKeyLocator
信息: getKeyLocator: returning locator NAME: /ccnx.org/Users/cb/Keys/%C1.M.K%00K=B082A16E5382FBAAA09FBE303E24E042E37E88C290E054292521DECA236523/=FD055059931000 KEY:itggagmsks2vela17tu60v29o22sdv8hgkgs1a2i991rr526p93 for key S7CCoW5TgvuqoJ++MD4k4ELjfojCkOBUKSUh3sojZSM=
三月 16, 2015 10:00:51 上午 org.ccnx.ccn.impl.CCNFlowControl addNameSpace
信息: addNameSpace: not adding name: /%C1.M.S.localhost/%C1.S.cs/%EAU2=C6A1712D9E6F7DC777E33770030786D60F1AD302B5A99F826A6EA42F82/=FD055063953E39 already monitoring prefix: /%C1.M.S.localhost/%C1.S.cs/%EAU2=C6A1712D9E6F7DC777E33770030786D60F1AD302B5A99F826A6EA42F82
三月 16, 2015 10:00:51 上午 org.ccnx.ccn.impl.repo.RepositoryFlowControl startWrite
信息: RepositoryFlowControl.startWrite called for name /%C1.M.S.localhost/%C1.S.cs/%EAU2=C6A1712D9E6F7DC777E33770030786D60F1AD302B5A99F826A6EA42F82/=FD055063953E39, shape STREAM
三月 16, 2015 10:00:51 上午 org.ccnx.ccn.impl.repo.RepositoryFlowControl handleContent
信息: handleContent: got potential repo message: /%C1.M.S.localhost/%C1.S.cs/%EAU2=C6A1712D9E6F7DC777E33770030786D60F1AD302B5A99F826A6EA42F82/=FD055063953E39/%C1.R.sw/%C1.N%00k=D21969BA781288
三月 16, 2015 10:00:51 上午 org.ccnx.ccn.impl.CCNNetworkManager shutdown
信息: NetworkManager 2: Shutdown requested
三月 16, 2015 10:00:52 上午 org.ccnx.ccn.impl.CCNNetworkChannel close
信息: NetworkChannel 2: close(false)
三月 16, 2015 10:00:52 上午 org.ccnx.ccn.impl.CCNNetworkManager run
信息: NetworkManager 2: Shutdown complete for port: 63000
三月 16, 2015 10:00:52 上午 org.ccnx.ccn.impl.CCNNetworkManager shutdown
信息: NetworkManager 3: Shutdown requested
三月 16, 2015 10:00:52 上午 org.ccnx.ccn.impl.CCNNetworkManager run
信息: NetworkManager 3: Shutdown complete for port: 63000
三月 16, 2015 10:00:52 上午 org.ccnx.ccn.impl.CCNNetworkChannel close
信息: NetworkChannel 3: close(false)
三月 16, 2015 10:00:52 上午 org.ccnx.ccn.impl.CCNNetworkManager shutdown
信息: NetworkManager 1: Shutdown requested
三月 16, 2015 10:00:52 上午 org.ccnx.ccn.impl.CCNNetworkManager run
信息: NetworkManager 1: Shutdown complete for port: 63000
三月 16, 2015 10:00:52 上午 org.ccnx.ccn.impl.CCNNetworkChannel close
信息: NetworkChannel 1: close(false)
三月 16, 2015 10:00:52 上午 org.ccnx.ccn.impl.security.keys.BasicKeyManager saveSecureKeyCache
信息: Not saving key manager secure key cache data in response to user configuration variable.
]]></system-err>
</testsuite>
